Building DAG of jobs...
Using shell: /usr/bin/bash
Provided cores: 20
Rules claiming more threads will be scaled down.
Job stats:
job         count
--------  -------
all             1
fastp_pe        1
total           2

Select jobs to execute...
Execute 1 jobs...

[Fri May  3 17:26:05 2024]
localrule fastp_pe:
    input: /data/cailab/temp/fastq/1w_1.fq.gz, /data/cailab/temp/fastq/1w_2.fq.gz
    output: /data/cailab/temp/trimmed/trim_1w_1.fq.gz, /data/cailab/temp/trimmed/trim_1w_2.fq.gz, /data/cailab/temp/trimmed/1w.json, /data/cailab/temp/trimmed/1w.html
    log: /data/cailab/temp/log/fastp/1w.log
    jobid: 1
    reason: Code has changed since last execution
    wildcards: sample=1w
    threads: 2
    resources: mem_mb=1000, mem_mib=954, disk_mb=1000, disk_mib=954, tmpdir=./temp_test

RuleException in rule fastp_pe in file /data/cailab/flask_snk/WGS.py, line 15:
NameError: The name 'fastp' is unknown in this context. Please make sure that you defined that variable. Also note that braces not used for variable access have to be escaped by repeating them, i.e. {{print $1}}, when formatting the following:

        {fastp} -i {input.fq1} -I {input.fq2} -o {output.trim_fq1} -O {output.trim_fq2} -j {output.json} -h {output.html} 2> {log}
        
