Building DAG of jobs...
candidate job all
    wildcards: 
candidate job trim_galore_pe
    wildcards: sample=1w
selected job trim_galore_pe
    wildcards: sample=1w
selected job all
    wildcards: 
Using shell: /usr/bin/bash
Provided cores: 20
Rules claiming more threads will be scaled down.
Job stats:
job               count
--------------  -------
all                   1
trim_galore_pe        1
total                 2

Select jobs to execute...
Execute 1 jobs...

[Tue Apr 30 14:14:28 2024]
localrule trim_galore_pe:
    input: /data/cailab/temp/fastq/1w_1.fq.gz, /data/cailab/temp/fastq/1w_2.fq.gz
    output: /data/cailab/temp/trimmed/1w_1_val_1.fq.gz, /data/cailab/temp/trimmed/1w_2_val_2.fq.gz
    log: logs/trim_galore/1w.log
    jobid: 1
    reason: Missing output files: /data/cailab/temp/trimmed/1w_1_val_1.fq.gz
    wildcards: sample=1w
    threads: 20
    resources: mem_mb=1000, mem_mib=954, disk_mb=1000, disk_mib=954, tmpdir=./temp_test

Activating conda environment: snk
[Tue Apr 30 14:14:44 2024]
Finished job 1.
1 of 2 steps (50%) done
Select jobs to execute...
Execute 1 jobs...

[Tue Apr 30 14:14:44 2024]
localrule all:
    input: /data/cailab/temp/trimmed/1w_1_val_1.fq.gz
    jobid: 0
    reason: Input files updated by another job: /data/cailab/temp/trimmed/1w_1_val_1.fq.gz
    resources: mem_mb=1000, mem_mib=954, disk_mb=1000, disk_mib=954, tmpdir=./temp_test

[Tue Apr 30 14:14:44 2024]
Finished job 0.
2 of 2 steps (100%) done
Complete log: .snakemake/log/2024-04-30T141428.844447.snakemake.log
