Building DAG of jobs...
Using shell: /usr/bin/bash
Provided cores: 20
Rules claiming more threads will be scaled down.
Job stats:
job               count
--------------  -------
all                   1
bowtie2_pe            1
fastp_pe              1
get_log               1
mark_duplicate        1
qualimap_bamqc        1
sp_bowtie2_pe         1
total                 7

Select jobs to execute...
Execute 1 jobs...

[Wed May 15 19:25:39 2024]
localrule fastp_pe:
    input: /data/cailab/temp/fastq/1w_1.fq.gz, /data/cailab/temp/fastq/1w_2.fq.gz
    output: /data/cailab/flask_output/20240515192526-959192e9-5c97-44e6-a8fa-72192f860d14/trim/trim_1w_1.fq.gz, /data/cailab/flask_output/20240515192526-959192e9-5c97-44e6-a8fa-72192f860d14/trim/trim_1w_2.fq.gz, /data/cailab/flask_output/20240515192526-959192e9-5c97-44e6-a8fa-72192f860d14/trim/1w_pair.json, /data/cailab/flask_output/20240515192526-959192e9-5c97-44e6-a8fa-72192f860d14/trim/1w_pair.html
    log: /data/cailab/flask_output/20240515192526-959192e9-5c97-44e6-a8fa-72192f860d14/logs/fastp/1w.log
    jobid: 2
    reason: Missing output files: /data/cailab/flask_output/20240515192526-959192e9-5c97-44e6-a8fa-72192f860d14/trim/trim_1w_2.fq.gz, /data/cailab/flask_output/20240515192526-959192e9-5c97-44e6-a8fa-72192f860d14/trim/1w_pair.json, /data/cailab/flask_output/20240515192526-959192e9-5c97-44e6-a8fa-72192f860d14/trim/trim_1w_1.fq.gz
    wildcards: sample=1w
    threads: 2
    resources: mem_mb=1000, mem_mib=954, disk_mb=1000, disk_mib=954, tmpdir=/data/cailab/flask_output/20240515192526-959192e9-5c97-44e6-a8fa-72192f860d14/temp_test

Activating conda environment: flask2024
[Wed May 15 19:25:45 2024]
Finished job 2.
1 of 7 steps (14%) done
Select jobs to execute...
Execute 2 jobs...

[Wed May 15 19:25:45 2024]
localrule sp_bowtie2_pe:
    input: /data/cailab/flask_output/20240515192526-959192e9-5c97-44e6-a8fa-72192f860d14/trim/trim_1w_1.fq.gz, /data/cailab/flask_output/20240515192526-959192e9-5c97-44e6-a8fa-72192f860d14/trim/trim_1w_2.fq.gz
    output: /data/cailab/flask_output/20240515192526-959192e9-5c97-44e6-a8fa-72192f860d14/sp_bam/sp_1w_pair.bam, /data/cailab/flask_output/20240515192526-959192e9-5c97-44e6-a8fa-72192f860d14/sp_bam/sp_1w.bed
    log: /data/cailab/flask_output/20240515192526-959192e9-5c97-44e6-a8fa-72192f860d14/logs/sp_bowtie2/sp_1w.log
    jobid: 6
    reason: Missing output files: /data/cailab/flask_output/20240515192526-959192e9-5c97-44e6-a8fa-72192f860d14/sp_bam/sp_1w.bed; Input files updated by another job: /data/cailab/flask_output/20240515192526-959192e9-5c97-44e6-a8fa-72192f860d14/trim/trim_1w_2.fq.gz, /data/cailab/flask_output/20240515192526-959192e9-5c97-44e6-a8fa-72192f860d14/trim/trim_1w_1.fq.gz
    wildcards: sample=1w
    threads: 10
    resources: mem_mb=1000, mem_mib=954, disk_mb=1000, disk_mib=954, tmpdir=/data/cailab/flask_output/20240515192526-959192e9-5c97-44e6-a8fa-72192f860d14/temp_test


[Wed May 15 19:25:45 2024]
localrule bowtie2_pe:
    input: /data/cailab/flask_output/20240515192526-959192e9-5c97-44e6-a8fa-72192f860d14/trim/trim_1w_1.fq.gz, /data/cailab/flask_output/20240515192526-959192e9-5c97-44e6-a8fa-72192f860d14/trim/trim_1w_2.fq.gz
    output: /data/cailab/flask_output/20240515192526-959192e9-5c97-44e6-a8fa-72192f860d14/bam/1w_pair.bam
    log: /data/cailab/flask_output/20240515192526-959192e9-5c97-44e6-a8fa-72192f860d14/logs/bowtie2/1w.log
    jobid: 1
    reason: Missing output files: /data/cailab/flask_output/20240515192526-959192e9-5c97-44e6-a8fa-72192f860d14/bam/1w_pair.bam; Input files updated by another job: /data/cailab/flask_output/20240515192526-959192e9-5c97-44e6-a8fa-72192f860d14/trim/trim_1w_2.fq.gz, /data/cailab/flask_output/20240515192526-959192e9-5c97-44e6-a8fa-72192f860d14/trim/trim_1w_1.fq.gz
    wildcards: sample=1w
    threads: 10
    resources: mem_mb=1000, mem_mib=954, disk_mb=1000, disk_mib=954, tmpdir=/data/cailab/flask_output/20240515192526-959192e9-5c97-44e6-a8fa-72192f860d14/temp_test

[Wed May 15 19:25:47 2024]
Finished job 6.
2 of 7 steps (29%) done
[Wed May 15 19:25:51 2024]
Finished job 1.
3 of 7 steps (43%) done
Select jobs to execute...
Execute 1 jobs...

[Wed May 15 19:25:51 2024]
localrule mark_duplicate:
    input: /data/cailab/flask_output/20240515192526-959192e9-5c97-44e6-a8fa-72192f860d14/bam/1w_pair.bam
    output: /data/cailab/flask_output/20240515192526-959192e9-5c97-44e6-a8fa-72192f860d14/debam/1w_dedup.bam
    log: /data/cailab/flask_output/20240515192526-959192e9-5c97-44e6-a8fa-72192f860d14/logs/duplication/1w.log
    jobid: 3
    reason: Missing output files: /data/cailab/flask_output/20240515192526-959192e9-5c97-44e6-a8fa-72192f860d14/debam/1w_dedup.bam; Input files updated by another job: /data/cailab/flask_output/20240515192526-959192e9-5c97-44e6-a8fa-72192f860d14/bam/1w_pair.bam
    wildcards: sample=1w
    threads: 4
    resources: mem_mb=1000, mem_mib=954, disk_mb=1000, disk_mib=954, tmpdir=/data/cailab/flask_output/20240515192526-959192e9-5c97-44e6-a8fa-72192f860d14/temp_test

[Wed May 15 19:25:52 2024]
Error in rule mark_duplicate:
    jobid: 3
    input: /data/cailab/flask_output/20240515192526-959192e9-5c97-44e6-a8fa-72192f860d14/bam/1w_pair.bam
    output: /data/cailab/flask_output/20240515192526-959192e9-5c97-44e6-a8fa-72192f860d14/debam/1w_dedup.bam
    log: /data/cailab/flask_output/20240515192526-959192e9-5c97-44e6-a8fa-72192f860d14/logs/duplication/1w.log (check log file(s) for error details)
    shell:
        
        (/usr/bin/java -jar /data/biosoft/soft2024/picard/picard.jar MarkDuplicatesWithMateCigar --REMOVE_DUPLICATES --MINIMUM_DISTANCE -1-I /data/cailab/flask_output/20240515192526-959192e9-5c97-44e6-a8fa-72192f860d14/bam/1w_pair.bam -O /data/cailab/flask_output/20240515192526-959192e9-5c97-44e6-a8fa-72192f860d14/debam/1w_dedup.bam -M /data/cailab/flask_output/20240515192526-959192e9-5c97-44e6-a8fa-72192f860d14/debam/1w.txt) 2> /data/cailab/flask_output/20240515192526-959192e9-5c97-44e6-a8fa-72192f860d14/logs/duplication/1w.log
        samtools index /data/cailab/flask_output/20240515192526-959192e9-5c97-44e6-a8fa-72192f860d14/debam/1w_dedup.bam        
        
        (one of the commands exited with non-zero exit code; note that snakemake uses bash strict mode!)

Shutting down, this might take some time.
Exiting because a job execution failed. Look above for error message
Complete log: .snakemake/log/2024-05-15T192539.107289.snakemake.log
WorkflowError:
At least one job did not complete successfully.
