Building DAG of jobs...
Using shell: /usr/bin/bash
Provided cores: 20
Rules claiming more threads will be scaled down.
Job stats:
job               count
--------------  -------
all                   1
bowtie2_pe            1
fastp_pe              1
get_log               1
mark_duplicate        1
qualimap_bamqc        1
total                 6

Select jobs to execute...
Execute 1 jobs...

[Fri May 10 13:17:45 2024]
localrule fastp_pe:
    input: /data/cailab/temp/fastq/1w_1.fq.gz, /data/cailab/temp/fastq/1w_2.fq.gz
    output: /data/cailab/flask_output/20240510131715-fa125f95-2b07-4ba9-ba5f-37c01a84d34e/trim/trim_1w_1.fq.gz, /data/cailab/flask_output/20240510131715-fa125f95-2b07-4ba9-ba5f-37c01a84d34e/trim/trim_1w_2.fq.gz, /data/cailab/flask_output/20240510131715-fa125f95-2b07-4ba9-ba5f-37c01a84d34e/trim/1w_pair.json, /data/cailab/flask_output/20240510131715-fa125f95-2b07-4ba9-ba5f-37c01a84d34e/trim/1w_pair.html
    log: /data/cailab/flask_output/20240510131715-fa125f95-2b07-4ba9-ba5f-37c01a84d34e/logs/fastp/1w.log
    jobid: 2
    reason: Missing output files: /data/cailab/flask_output/20240510131715-fa125f95-2b07-4ba9-ba5f-37c01a84d34e/trim/trim_1w_1.fq.gz, /data/cailab/flask_output/20240510131715-fa125f95-2b07-4ba9-ba5f-37c01a84d34e/trim/1w_pair.json, /data/cailab/flask_output/20240510131715-fa125f95-2b07-4ba9-ba5f-37c01a84d34e/trim/trim_1w_2.fq.gz
    wildcards: sample=1w
    threads: 2
    resources: mem_mb=1000, mem_mib=954, disk_mb=1000, disk_mib=954, tmpdir=/data/cailab/flask_output/20240510131715-fa125f95-2b07-4ba9-ba5f-37c01a84d34e/temp_test

Activating conda environment: flask2024
[Fri May 10 13:17:50 2024]
Finished job 2.
1 of 6 steps (17%) done
Select jobs to execute...
Execute 1 jobs...

[Fri May 10 13:17:50 2024]
localrule bowtie2_pe:
    input: /data/cailab/flask_output/20240510131715-fa125f95-2b07-4ba9-ba5f-37c01a84d34e/trim/trim_1w_1.fq.gz, /data/cailab/flask_output/20240510131715-fa125f95-2b07-4ba9-ba5f-37c01a84d34e/trim/trim_1w_2.fq.gz
    output: /data/cailab/flask_output/20240510131715-fa125f95-2b07-4ba9-ba5f-37c01a84d34e/bam/1w_pair.bam
    log: /data/cailab/flask_output/20240510131715-fa125f95-2b07-4ba9-ba5f-37c01a84d34e/logs/bowtie2/1w.log
    jobid: 1
    reason: Missing output files: /data/cailab/flask_output/20240510131715-fa125f95-2b07-4ba9-ba5f-37c01a84d34e/bam/1w_pair.bam; Input files updated by another job: /data/cailab/flask_output/20240510131715-fa125f95-2b07-4ba9-ba5f-37c01a84d34e/trim/trim_1w_1.fq.gz, /data/cailab/flask_output/20240510131715-fa125f95-2b07-4ba9-ba5f-37c01a84d34e/trim/trim_1w_2.fq.gz
    wildcards: sample=1w
    threads: 10
    resources: mem_mb=1000, mem_mib=954, disk_mb=1000, disk_mib=954, tmpdir=/data/cailab/flask_output/20240510131715-fa125f95-2b07-4ba9-ba5f-37c01a84d34e/temp_test

[Fri May 10 13:17:56 2024]
Finished job 1.
2 of 6 steps (33%) done
Select jobs to execute...
Execute 1 jobs...

[Fri May 10 13:17:56 2024]
localrule mark_duplicate:
    input: /data/cailab/flask_output/20240510131715-fa125f95-2b07-4ba9-ba5f-37c01a84d34e/bam/1w_pair.bam
    output: /data/cailab/flask_output/20240510131715-fa125f95-2b07-4ba9-ba5f-37c01a84d34e/debam/1w_dedup.bam
    log: /data/cailab/flask_output/20240510131715-fa125f95-2b07-4ba9-ba5f-37c01a84d34e/logs/duplication/1w.log
    jobid: 3
    reason: Missing output files: /data/cailab/flask_output/20240510131715-fa125f95-2b07-4ba9-ba5f-37c01a84d34e/debam/1w_dedup.bam; Input files updated by another job: /data/cailab/flask_output/20240510131715-fa125f95-2b07-4ba9-ba5f-37c01a84d34e/bam/1w_pair.bam
    wildcards: sample=1w
    threads: 4
    resources: mem_mb=1000, mem_mib=954, disk_mb=1000, disk_mib=954, tmpdir=/data/cailab/flask_output/20240510131715-fa125f95-2b07-4ba9-ba5f-37c01a84d34e/temp_test

[Fri May 10 13:17:58 2024]
Finished job 3.
3 of 6 steps (50%) done
Select jobs to execute...
Execute 1 jobs...

[Fri May 10 13:17:58 2024]
localrule qualimap_bamqc:
    input: /data/cailab/flask_output/20240510131715-fa125f95-2b07-4ba9-ba5f-37c01a84d34e/debam/1w_dedup.bam
    output: /data/cailab/flask_output/20240510131715-fa125f95-2b07-4ba9-ba5f-37c01a84d34e/cover/1w/genome_results.txt
    log: /data/cailab/flask_output/20240510131715-fa125f95-2b07-4ba9-ba5f-37c01a84d34e/logs/qualimap/1w.log
    jobid: 4
    reason: Missing output files: /data/cailab/flask_output/20240510131715-fa125f95-2b07-4ba9-ba5f-37c01a84d34e/cover/1w/genome_results.txt; Input files updated by another job: /data/cailab/flask_output/20240510131715-fa125f95-2b07-4ba9-ba5f-37c01a84d34e/debam/1w_dedup.bam
    wildcards: sample=1w
    threads: 10
    resources: mem_mb=1000, mem_mib=954, disk_mb=1000, disk_mib=954, tmpdir=/data/cailab/flask_output/20240510131715-fa125f95-2b07-4ba9-ba5f-37c01a84d34e/temp_test

[Fri May 10 13:18:14 2024]
Finished job 4.
4 of 6 steps (67%) done
Select jobs to execute...
Execute 1 jobs...

[Fri May 10 13:18:14 2024]
localrule get_log:
    input: /data/cailab/flask_output/20240510131715-fa125f95-2b07-4ba9-ba5f-37c01a84d34e/trim/1w_pair.json, /data/cailab/flask_output/20240510131715-fa125f95-2b07-4ba9-ba5f-37c01a84d34e/cover/1w/genome_results.txt, /data/cailab/flask_output/20240510131715-fa125f95-2b07-4ba9-ba5f-37c01a84d34e/bam/1w_pair.bam, /data/cailab/flask_output/20240510131715-fa125f95-2b07-4ba9-ba5f-37c01a84d34e/debam/1w_dedup.bam
    output: /data/cailab/flask_output/20240510131715-fa125f95-2b07-4ba9-ba5f-37c01a84d34e/final_log/1w.log
    jobid: 5
    reason: Missing output files: /data/cailab/flask_output/20240510131715-fa125f95-2b07-4ba9-ba5f-37c01a84d34e/final_log/1w.log; Input files updated by another job: /data/cailab/flask_output/20240510131715-fa125f95-2b07-4ba9-ba5f-37c01a84d34e/bam/1w_pair.bam, /data/cailab/flask_output/20240510131715-fa125f95-2b07-4ba9-ba5f-37c01a84d34e/debam/1w_dedup.bam, /data/cailab/flask_output/20240510131715-fa125f95-2b07-4ba9-ba5f-37c01a84d34e/trim/1w_pair.json, /data/cailab/flask_output/20240510131715-fa125f95-2b07-4ba9-ba5f-37c01a84d34e/cover/1w/genome_results.txt
    wildcards: sample=1w
    threads: 4
    resources: mem_mb=1000, mem_mib=954, disk_mb=1000, disk_mib=954, tmpdir=/data/cailab/flask_output/20240510131715-fa125f95-2b07-4ba9-ba5f-37c01a84d34e/temp_test

Activating conda environment: flask2024
[Fri May 10 13:18:14 2024]
Finished job 5.
5 of 6 steps (83%) done
Select jobs to execute...
Execute 1 jobs...

[Fri May 10 13:18:14 2024]
localrule all:
    input: /data/cailab/flask_output/20240510131715-fa125f95-2b07-4ba9-ba5f-37c01a84d34e/bam/1w_pair.bam, /data/cailab/flask_output/20240510131715-fa125f95-2b07-4ba9-ba5f-37c01a84d34e/debam/1w_dedup.bam, /data/cailab/flask_output/20240510131715-fa125f95-2b07-4ba9-ba5f-37c01a84d34e/cover/1w/genome_results.txt, /data/cailab/flask_output/20240510131715-fa125f95-2b07-4ba9-ba5f-37c01a84d34e/final_log/1w.log
    jobid: 0
    reason: Input files updated by another job: /data/cailab/flask_output/20240510131715-fa125f95-2b07-4ba9-ba5f-37c01a84d34e/final_log/1w.log, /data/cailab/flask_output/20240510131715-fa125f95-2b07-4ba9-ba5f-37c01a84d34e/cover/1w/genome_results.txt, /data/cailab/flask_output/20240510131715-fa125f95-2b07-4ba9-ba5f-37c01a84d34e/bam/1w_pair.bam, /data/cailab/flask_output/20240510131715-fa125f95-2b07-4ba9-ba5f-37c01a84d34e/debam/1w_dedup.bam
    resources: mem_mb=1000, mem_mib=954, disk_mb=1000, disk_mib=954, tmpdir=/data/cailab/flask_output/20240510131715-fa125f95-2b07-4ba9-ba5f-37c01a84d34e/temp_test

[Fri May 10 13:18:14 2024]
Finished job 0.
6 of 6 steps (100%) done
Complete log: .snakemake/log/2024-05-10T131745.431026.snakemake.log
