Building DAG of jobs...
Using shell: /usr/bin/bash
Provided cores: 20
Rules claiming more threads will be scaled down.
Job stats:
job               count
--------------  -------
all                   1
bowtie2_se            2
fastp_se              2
get_log               2
mark_duplicate        2
qualimap_bamqc        2
sp_bowtie2_se         2
total                13

Select jobs to execute...
Execute 2 jobs...

[Wed May 15 19:30:11 2024]
localrule fastp_se:
    input: /data/cailab/temp/fastq/1w_1.fq.gz
    output: /data/cailab/flask_output/20240515192952-adaf127f-8707-4eb3-832f-488f61817432/trim/trim_1w_1_single.fq.gz, /data/cailab/flask_output/20240515192952-adaf127f-8707-4eb3-832f-488f61817432/trim/1w_1_single.json, /data/cailab/flask_output/20240515192952-adaf127f-8707-4eb3-832f-488f61817432/trim/1w_1_single.html
    log: /data/cailab/flask_output/20240515192952-adaf127f-8707-4eb3-832f-488f61817432/logs/fastp/1w_1.log
    jobid: 2
    reason: Missing output files: /data/cailab/flask_output/20240515192952-adaf127f-8707-4eb3-832f-488f61817432/trim/trim_1w_1_single.fq.gz, /data/cailab/flask_output/20240515192952-adaf127f-8707-4eb3-832f-488f61817432/trim/1w_1_single.json
    wildcards: sample=1w_1
    threads: 2
    resources: mem_mb=1000, mem_mib=954, disk_mb=1000, disk_mib=954, tmpdir=/data/cailab/flask_output/20240515192952-adaf127f-8707-4eb3-832f-488f61817432/temp_test

Activating conda environment: flask2024

[Wed May 15 19:30:11 2024]
localrule fastp_se:
    input: /data/cailab/temp/fastq/1w_2.fq.gz
    output: /data/cailab/flask_output/20240515192952-adaf127f-8707-4eb3-832f-488f61817432/trim/trim_1w_2_single.fq.gz, /data/cailab/flask_output/20240515192952-adaf127f-8707-4eb3-832f-488f61817432/trim/1w_2_single.json, /data/cailab/flask_output/20240515192952-adaf127f-8707-4eb3-832f-488f61817432/trim/1w_2_single.html
    log: /data/cailab/flask_output/20240515192952-adaf127f-8707-4eb3-832f-488f61817432/logs/fastp/1w_2.log
    jobid: 4
    reason: Missing output files: /data/cailab/flask_output/20240515192952-adaf127f-8707-4eb3-832f-488f61817432/trim/trim_1w_2_single.fq.gz, /data/cailab/flask_output/20240515192952-adaf127f-8707-4eb3-832f-488f61817432/trim/1w_2_single.json
    wildcards: sample=1w_2
    threads: 2
    resources: mem_mb=1000, mem_mib=954, disk_mb=1000, disk_mib=954, tmpdir=/data/cailab/flask_output/20240515192952-adaf127f-8707-4eb3-832f-488f61817432/temp_test

Activating conda environment: flask2024
[Wed May 15 19:30:17 2024]
Finished job 2.
1 of 13 steps (8%) done
Select jobs to execute...
Execute 1 jobs...

[Wed May 15 19:30:17 2024]
localrule sp_bowtie2_se:
    input: /data/cailab/flask_output/20240515192952-adaf127f-8707-4eb3-832f-488f61817432/trim/trim_1w_1_single.fq.gz
    output: /data/cailab/flask_output/20240515192952-adaf127f-8707-4eb3-832f-488f61817432/sp_bam/sp_1w_1_single.bam, /data/cailab/flask_output/20240515192952-adaf127f-8707-4eb3-832f-488f61817432/sp_bam/sp_1w_1.bed
    log: /data/cailab/flask_output/20240515192952-adaf127f-8707-4eb3-832f-488f61817432/logs/sp_bowtie2/sp_1w_1.log
    jobid: 10
    reason: Missing output files: /data/cailab/flask_output/20240515192952-adaf127f-8707-4eb3-832f-488f61817432/sp_bam/sp_1w_1.bed; Input files updated by another job: /data/cailab/flask_output/20240515192952-adaf127f-8707-4eb3-832f-488f61817432/trim/trim_1w_1_single.fq.gz
    wildcards: sample=1w_1
    threads: 10
    resources: mem_mb=1000, mem_mib=954, disk_mb=1000, disk_mib=954, tmpdir=/data/cailab/flask_output/20240515192952-adaf127f-8707-4eb3-832f-488f61817432/temp_test

[Wed May 15 19:30:17 2024]
Finished job 4.
2 of 13 steps (15%) done
Select jobs to execute...
Execute 1 jobs...

[Wed May 15 19:30:17 2024]
localrule bowtie2_se:
    input: /data/cailab/flask_output/20240515192952-adaf127f-8707-4eb3-832f-488f61817432/trim/trim_1w_2_single.fq.gz
    output: /data/cailab/flask_output/20240515192952-adaf127f-8707-4eb3-832f-488f61817432/bam/1w_2_single.bam
    log: /data/cailab/flask_output/20240515192952-adaf127f-8707-4eb3-832f-488f61817432/logs/bowtie2/1w_2.log
    jobid: 3
    reason: Missing output files: /data/cailab/flask_output/20240515192952-adaf127f-8707-4eb3-832f-488f61817432/bam/1w_2_single.bam; Input files updated by another job: /data/cailab/flask_output/20240515192952-adaf127f-8707-4eb3-832f-488f61817432/trim/trim_1w_2_single.fq.gz
    wildcards: sample=1w_2
    threads: 10
    resources: mem_mb=1000, mem_mib=954, disk_mb=1000, disk_mib=954, tmpdir=/data/cailab/flask_output/20240515192952-adaf127f-8707-4eb3-832f-488f61817432/temp_test

[Wed May 15 19:30:17 2024]
Finished job 10.
3 of 13 steps (23%) done
Select jobs to execute...
Execute 1 jobs...

[Wed May 15 19:30:17 2024]
localrule sp_bowtie2_se:
    input: /data/cailab/flask_output/20240515192952-adaf127f-8707-4eb3-832f-488f61817432/trim/trim_1w_2_single.fq.gz
    output: /data/cailab/flask_output/20240515192952-adaf127f-8707-4eb3-832f-488f61817432/sp_bam/sp_1w_2_single.bam, /data/cailab/flask_output/20240515192952-adaf127f-8707-4eb3-832f-488f61817432/sp_bam/sp_1w_2.bed
    log: /data/cailab/flask_output/20240515192952-adaf127f-8707-4eb3-832f-488f61817432/logs/sp_bowtie2/sp_1w_2.log
    jobid: 12
    reason: Missing output files: /data/cailab/flask_output/20240515192952-adaf127f-8707-4eb3-832f-488f61817432/sp_bam/sp_1w_2.bed; Input files updated by another job: /data/cailab/flask_output/20240515192952-adaf127f-8707-4eb3-832f-488f61817432/trim/trim_1w_2_single.fq.gz
    wildcards: sample=1w_2
    threads: 10
    resources: mem_mb=1000, mem_mib=954, disk_mb=1000, disk_mib=954, tmpdir=/data/cailab/flask_output/20240515192952-adaf127f-8707-4eb3-832f-488f61817432/temp_test

[Wed May 15 19:30:18 2024]
Finished job 12.
4 of 13 steps (31%) done
Select jobs to execute...
Execute 1 jobs...

[Wed May 15 19:30:18 2024]
localrule bowtie2_se:
    input: /data/cailab/flask_output/20240515192952-adaf127f-8707-4eb3-832f-488f61817432/trim/trim_1w_1_single.fq.gz
    output: /data/cailab/flask_output/20240515192952-adaf127f-8707-4eb3-832f-488f61817432/bam/1w_1_single.bam
    log: /data/cailab/flask_output/20240515192952-adaf127f-8707-4eb3-832f-488f61817432/logs/bowtie2/1w_1.log
    jobid: 1
    reason: Missing output files: /data/cailab/flask_output/20240515192952-adaf127f-8707-4eb3-832f-488f61817432/bam/1w_1_single.bam; Input files updated by another job: /data/cailab/flask_output/20240515192952-adaf127f-8707-4eb3-832f-488f61817432/trim/trim_1w_1_single.fq.gz
    wildcards: sample=1w_1
    threads: 10
    resources: mem_mb=1000, mem_mib=954, disk_mb=1000, disk_mib=954, tmpdir=/data/cailab/flask_output/20240515192952-adaf127f-8707-4eb3-832f-488f61817432/temp_test

[Wed May 15 19:30:21 2024]
Finished job 3.
5 of 13 steps (38%) done
Select jobs to execute...
Execute 1 jobs...

[Wed May 15 19:30:21 2024]
localrule mark_duplicate:
    input: /data/cailab/flask_output/20240515192952-adaf127f-8707-4eb3-832f-488f61817432/bam/1w_2_single.bam
    output: /data/cailab/flask_output/20240515192952-adaf127f-8707-4eb3-832f-488f61817432/debam/1w_2_dedup.bam
    log: /data/cailab/flask_output/20240515192952-adaf127f-8707-4eb3-832f-488f61817432/logs/duplication/1w_2.log
    jobid: 6
    reason: Missing output files: /data/cailab/flask_output/20240515192952-adaf127f-8707-4eb3-832f-488f61817432/debam/1w_2_dedup.bam; Input files updated by another job: /data/cailab/flask_output/20240515192952-adaf127f-8707-4eb3-832f-488f61817432/bam/1w_2_single.bam
    wildcards: sample=1w_2
    threads: 4
    resources: mem_mb=1000, mem_mib=954, disk_mb=1000, disk_mib=954, tmpdir=/data/cailab/flask_output/20240515192952-adaf127f-8707-4eb3-832f-488f61817432/temp_test

[Wed May 15 19:30:22 2024]
Finished job 6.
6 of 13 steps (46%) done
Select jobs to execute...
Execute 1 jobs...

[Wed May 15 19:30:22 2024]
localrule qualimap_bamqc:
    input: /data/cailab/flask_output/20240515192952-adaf127f-8707-4eb3-832f-488f61817432/debam/1w_2_dedup.bam
    output: /data/cailab/flask_output/20240515192952-adaf127f-8707-4eb3-832f-488f61817432/cover/1w_2/genome_results.txt
    log: /data/cailab/flask_output/20240515192952-adaf127f-8707-4eb3-832f-488f61817432/logs/qualimap/1w_2.log
    jobid: 8
    reason: Missing output files: /data/cailab/flask_output/20240515192952-adaf127f-8707-4eb3-832f-488f61817432/cover/1w_2/genome_results.txt; Input files updated by another job: /data/cailab/flask_output/20240515192952-adaf127f-8707-4eb3-832f-488f61817432/debam/1w_2_dedup.bam
    wildcards: sample=1w_2
    threads: 10
    resources: mem_mb=1000, mem_mib=954, disk_mb=1000, disk_mib=954, tmpdir=/data/cailab/flask_output/20240515192952-adaf127f-8707-4eb3-832f-488f61817432/temp_test

[Wed May 15 19:30:23 2024]
Finished job 1.
7 of 13 steps (54%) done
Select jobs to execute...
Execute 1 jobs...

[Wed May 15 19:30:23 2024]
localrule mark_duplicate:
    input: /data/cailab/flask_output/20240515192952-adaf127f-8707-4eb3-832f-488f61817432/bam/1w_1_single.bam
    output: /data/cailab/flask_output/20240515192952-adaf127f-8707-4eb3-832f-488f61817432/debam/1w_1_dedup.bam
    log: /data/cailab/flask_output/20240515192952-adaf127f-8707-4eb3-832f-488f61817432/logs/duplication/1w_1.log
    jobid: 5
    reason: Missing output files: /data/cailab/flask_output/20240515192952-adaf127f-8707-4eb3-832f-488f61817432/debam/1w_1_dedup.bam; Input files updated by another job: /data/cailab/flask_output/20240515192952-adaf127f-8707-4eb3-832f-488f61817432/bam/1w_1_single.bam
    wildcards: sample=1w_1
    threads: 4
    resources: mem_mb=1000, mem_mib=954, disk_mb=1000, disk_mib=954, tmpdir=/data/cailab/flask_output/20240515192952-adaf127f-8707-4eb3-832f-488f61817432/temp_test

[Wed May 15 19:30:24 2024]
Finished job 5.
8 of 13 steps (62%) done
Select jobs to execute...
Execute 1 jobs...

[Wed May 15 19:30:24 2024]
localrule qualimap_bamqc:
    input: /data/cailab/flask_output/20240515192952-adaf127f-8707-4eb3-832f-488f61817432/debam/1w_1_dedup.bam
    output: /data/cailab/flask_output/20240515192952-adaf127f-8707-4eb3-832f-488f61817432/cover/1w_1/genome_results.txt
    log: /data/cailab/flask_output/20240515192952-adaf127f-8707-4eb3-832f-488f61817432/logs/qualimap/1w_1.log
    jobid: 7
    reason: Missing output files: /data/cailab/flask_output/20240515192952-adaf127f-8707-4eb3-832f-488f61817432/cover/1w_1/genome_results.txt; Input files updated by another job: /data/cailab/flask_output/20240515192952-adaf127f-8707-4eb3-832f-488f61817432/debam/1w_1_dedup.bam
    wildcards: sample=1w_1
    threads: 10
    resources: mem_mb=1000, mem_mib=954, disk_mb=1000, disk_mib=954, tmpdir=/data/cailab/flask_output/20240515192952-adaf127f-8707-4eb3-832f-488f61817432/temp_test

[Wed May 15 19:30:41 2024]
Finished job 8.
9 of 13 steps (69%) done
Select jobs to execute...
Execute 1 jobs...

[Wed May 15 19:30:41 2024]
localrule get_log:
    input: /data/cailab/flask_output/20240515192952-adaf127f-8707-4eb3-832f-488f61817432/trim/1w_2_single.json, /data/cailab/flask_output/20240515192952-adaf127f-8707-4eb3-832f-488f61817432/cover/1w_2/genome_results.txt, /data/cailab/flask_output/20240515192952-adaf127f-8707-4eb3-832f-488f61817432/bam/1w_2_single.bam, /data/cailab/flask_output/20240515192952-adaf127f-8707-4eb3-832f-488f61817432/debam/1w_2_dedup.bam, /data/cailab/flask_output/20240515192952-adaf127f-8707-4eb3-832f-488f61817432/sp_bam/sp_1w_2.bed
    output: /data/cailab/flask_output/20240515192952-adaf127f-8707-4eb3-832f-488f61817432/final_log/1w_2.log
    jobid: 11
    reason: Missing output files: /data/cailab/flask_output/20240515192952-adaf127f-8707-4eb3-832f-488f61817432/final_log/1w_2.log; Input files updated by another job: /data/cailab/flask_output/20240515192952-adaf127f-8707-4eb3-832f-488f61817432/cover/1w_2/genome_results.txt, /data/cailab/flask_output/20240515192952-adaf127f-8707-4eb3-832f-488f61817432/sp_bam/sp_1w_2.bed, /data/cailab/flask_output/20240515192952-adaf127f-8707-4eb3-832f-488f61817432/trim/1w_2_single.json, /data/cailab/flask_output/20240515192952-adaf127f-8707-4eb3-832f-488f61817432/bam/1w_2_single.bam, /data/cailab/flask_output/20240515192952-adaf127f-8707-4eb3-832f-488f61817432/debam/1w_2_dedup.bam
    wildcards: sample=1w_2
    threads: 4
    resources: mem_mb=1000, mem_mib=954, disk_mb=1000, disk_mib=954, tmpdir=/data/cailab/flask_output/20240515192952-adaf127f-8707-4eb3-832f-488f61817432/temp_test

Activating conda environment: flask2024
[Wed May 15 19:30:41 2024]
Finished job 11.
10 of 13 steps (77%) done
[Wed May 15 19:30:48 2024]
Finished job 7.
11 of 13 steps (85%) done
Select jobs to execute...
Execute 1 jobs...

[Wed May 15 19:30:48 2024]
localrule get_log:
    input: /data/cailab/flask_output/20240515192952-adaf127f-8707-4eb3-832f-488f61817432/trim/1w_1_single.json, /data/cailab/flask_output/20240515192952-adaf127f-8707-4eb3-832f-488f61817432/cover/1w_1/genome_results.txt, /data/cailab/flask_output/20240515192952-adaf127f-8707-4eb3-832f-488f61817432/bam/1w_1_single.bam, /data/cailab/flask_output/20240515192952-adaf127f-8707-4eb3-832f-488f61817432/debam/1w_1_dedup.bam, /data/cailab/flask_output/20240515192952-adaf127f-8707-4eb3-832f-488f61817432/sp_bam/sp_1w_1.bed
    output: /data/cailab/flask_output/20240515192952-adaf127f-8707-4eb3-832f-488f61817432/final_log/1w_1.log
    jobid: 9
    reason: Missing output files: /data/cailab/flask_output/20240515192952-adaf127f-8707-4eb3-832f-488f61817432/final_log/1w_1.log; Input files updated by another job: /data/cailab/flask_output/20240515192952-adaf127f-8707-4eb3-832f-488f61817432/debam/1w_1_dedup.bam, /data/cailab/flask_output/20240515192952-adaf127f-8707-4eb3-832f-488f61817432/cover/1w_1/genome_results.txt, /data/cailab/flask_output/20240515192952-adaf127f-8707-4eb3-832f-488f61817432/sp_bam/sp_1w_1.bed, /data/cailab/flask_output/20240515192952-adaf127f-8707-4eb3-832f-488f61817432/bam/1w_1_single.bam, /data/cailab/flask_output/20240515192952-adaf127f-8707-4eb3-832f-488f61817432/trim/1w_1_single.json
    wildcards: sample=1w_1
    threads: 4
    resources: mem_mb=1000, mem_mib=954, disk_mb=1000, disk_mib=954, tmpdir=/data/cailab/flask_output/20240515192952-adaf127f-8707-4eb3-832f-488f61817432/temp_test

Activating conda environment: flask2024
[Wed May 15 19:30:49 2024]
Finished job 9.
12 of 13 steps (92%) done
Select jobs to execute...
Execute 1 jobs...

[Wed May 15 19:30:49 2024]
localrule all:
    input: /data/cailab/flask_output/20240515192952-adaf127f-8707-4eb3-832f-488f61817432/bam/1w_1_single.bam, /data/cailab/flask_output/20240515192952-adaf127f-8707-4eb3-832f-488f61817432/bam/1w_2_single.bam, /data/cailab/flask_output/20240515192952-adaf127f-8707-4eb3-832f-488f61817432/debam/1w_1_dedup.bam, /data/cailab/flask_output/20240515192952-adaf127f-8707-4eb3-832f-488f61817432/debam/1w_2_dedup.bam, /data/cailab/flask_output/20240515192952-adaf127f-8707-4eb3-832f-488f61817432/cover/1w_1/genome_results.txt, /data/cailab/flask_output/20240515192952-adaf127f-8707-4eb3-832f-488f61817432/cover/1w_2/genome_results.txt, /data/cailab/flask_output/20240515192952-adaf127f-8707-4eb3-832f-488f61817432/final_log/1w_1.log, /data/cailab/flask_output/20240515192952-adaf127f-8707-4eb3-832f-488f61817432/final_log/1w_2.log
    jobid: 0
    reason: Input files updated by another job: /data/cailab/flask_output/20240515192952-adaf127f-8707-4eb3-832f-488f61817432/cover/1w_2/genome_results.txt, /data/cailab/flask_output/20240515192952-adaf127f-8707-4eb3-832f-488f61817432/bam/1w_2_single.bam, /data/cailab/flask_output/20240515192952-adaf127f-8707-4eb3-832f-488f61817432/cover/1w_1/genome_results.txt, /data/cailab/flask_output/20240515192952-adaf127f-8707-4eb3-832f-488f61817432/final_log/1w_2.log, /data/cailab/flask_output/20240515192952-adaf127f-8707-4eb3-832f-488f61817432/debam/1w_1_dedup.bam, /data/cailab/flask_output/20240515192952-adaf127f-8707-4eb3-832f-488f61817432/debam/1w_2_dedup.bam, /data/cailab/flask_output/20240515192952-adaf127f-8707-4eb3-832f-488f61817432/final_log/1w_1.log, /data/cailab/flask_output/20240515192952-adaf127f-8707-4eb3-832f-488f61817432/bam/1w_1_single.bam
    resources: mem_mb=1000, mem_mib=954, disk_mb=1000, disk_mib=954, tmpdir=/data/cailab/flask_output/20240515192952-adaf127f-8707-4eb3-832f-488f61817432/temp_test

[Wed May 15 19:30:49 2024]
Finished job 0.
13 of 13 steps (100%) done
Complete log: .snakemake/log/2024-05-15T193011.072286.snakemake.log
