Building DAG of jobs...
Using shell: /usr/bin/bash
Provided cores: 20
Rules claiming more threads will be scaled down.
Job stats:
job        count
-------  -------
all            1
get_log        2
total          3

Select jobs to execute...
Execute 2 jobs...

[Thu May  9 12:47:16 2024]
localrule get_log:
    input: /data/cailab/flask_output/20240508223837-eed0523f-881d-45c9-9913-f0b522237846/trim/CS-3w-caC.json, /data/cailab/flask_output/20240508223837-eed0523f-881d-45c9-9913-f0b522237846/cover/de_CS-3w-caC/genome_results.txt, /data/cailab/flask_output/20240508223837-eed0523f-881d-45c9-9913-f0b522237846/bam/CS-3w-caC.bam, /data/cailab/flask_output/20240508223837-eed0523f-881d-45c9-9913-f0b522237846/debam/de_CS-3w-caC.bam
    output: /data/cailab/flask_output/20240508223837-eed0523f-881d-45c9-9913-f0b522237846/final_log/CS-3w-caC.log
    jobid: 16
    reason: Missing output files: /data/cailab/flask_output/20240508223837-eed0523f-881d-45c9-9913-f0b522237846/final_log/CS-3w-caC.log
    wildcards: sample=CS-3w-caC
    threads: 4
    resources: mem_mb=1000, mem_mib=954, disk_mb=1000, disk_mib=954, tmpdir=/data/cailab/flask_output/20240508223837-eed0523f-881d-45c9-9913-f0b522237846/temp_test

Activating conda environment: flask2024

[Thu May  9 12:47:16 2024]
localrule get_log:
    input: /data/cailab/flask_output/20240508223837-eed0523f-881d-45c9-9913-f0b522237846/trim/CS-3w-C.json, /data/cailab/flask_output/20240508223837-eed0523f-881d-45c9-9913-f0b522237846/cover/de_CS-3w-C/genome_results.txt, /data/cailab/flask_output/20240508223837-eed0523f-881d-45c9-9913-f0b522237846/bam/CS-3w-C.bam, /data/cailab/flask_output/20240508223837-eed0523f-881d-45c9-9913-f0b522237846/debam/de_CS-3w-C.bam
    output: /data/cailab/flask_output/20240508223837-eed0523f-881d-45c9-9913-f0b522237846/final_log/CS-3w-C.log
    jobid: 15
    reason: Missing output files: /data/cailab/flask_output/20240508223837-eed0523f-881d-45c9-9913-f0b522237846/final_log/CS-3w-C.log
    wildcards: sample=CS-3w-C
    threads: 4
    resources: mem_mb=1000, mem_mib=954, disk_mb=1000, disk_mib=954, tmpdir=/data/cailab/flask_output/20240508223837-eed0523f-881d-45c9-9913-f0b522237846/temp_test

Activating conda environment: flask2024
[Thu May  9 12:47:27 2024]
Finished job 16.
1 of 3 steps (33%) done
[Thu May  9 12:47:28 2024]
Finished job 15.
2 of 3 steps (67%) done
Select jobs to execute...
Execute 1 jobs...

[Thu May  9 12:47:28 2024]
localrule all:
    input: /data/cailab/flask_output/20240508223837-eed0523f-881d-45c9-9913-f0b522237846/bam/CS-3w-C.bam, /data/cailab/flask_output/20240508223837-eed0523f-881d-45c9-9913-f0b522237846/bam/CS-3w-caC.bam, /data/cailab/flask_output/20240508223837-eed0523f-881d-45c9-9913-f0b522237846/bam/CS-3w-C.bam.all.bed.hmc, /data/cailab/flask_output/20240508223837-eed0523f-881d-45c9-9913-f0b522237846/bam/CS-3w-caC.bam.all.bed.hmc, /data/cailab/flask_output/20240508223837-eed0523f-881d-45c9-9913-f0b522237846/debam/de_CS-3w-C.bam.all.bed.hmc, /data/cailab/flask_output/20240508223837-eed0523f-881d-45c9-9913-f0b522237846/debam/de_CS-3w-caC.bam.all.bed.hmc, /data/cailab/flask_output/20240508223837-eed0523f-881d-45c9-9913-f0b522237846/cover/de_CS-3w-C/genome_results.txt, /data/cailab/flask_output/20240508223837-eed0523f-881d-45c9-9913-f0b522237846/cover/de_CS-3w-caC/genome_results.txt, /data/cailab/flask_output/20240508223837-eed0523f-881d-45c9-9913-f0b522237846/final_log/CS-3w-C.log, /data/cailab/flask_output/20240508223837-eed0523f-881d-45c9-9913-f0b522237846/final_log/CS-3w-caC.log
    jobid: 0
    reason: Input files updated by another job: /data/cailab/flask_output/20240508223837-eed0523f-881d-45c9-9913-f0b522237846/final_log/CS-3w-caC.log, /data/cailab/flask_output/20240508223837-eed0523f-881d-45c9-9913-f0b522237846/final_log/CS-3w-C.log
    resources: mem_mb=8000, mem_mib=7630, disk_mb=14165, disk_mib=13509, tmpdir=/data/cailab/flask_output/20240508223837-eed0523f-881d-45c9-9913-f0b522237846/temp_test

[Thu May  9 12:47:28 2024]
Finished job 0.
3 of 3 steps (100%) done
Complete log: .snakemake/log/2024-05-09T124713.728927.snakemake.log
