Building DAG of jobs...
Using shell: /usr/bin/bash
Provided cores: 20
Rules claiming more threads will be scaled down.
Job stats:
job                  count
-----------------  -------
all                      1
bowtie2_se               1
de_extract_mc_hmc        1
extract_mc_hmc           1
fastp_pe                 1
hairpin_cut              1
mark_duplicate           1
total                    7

Select jobs to execute...
Execute 1 jobs...

[Wed May  8 16:44:18 2024]
localrule fastp_pe:
    input: /data/cailab/temp/fastq/1w_1.fq.gz, /data/cailab/temp/fastq/1w_2.fq.gz
    output: /data/cailab/flask_output/20240508164411-7a593f6c-7ba6-401e-b092-3971d33c1b7a/trim/trim_1w_1.fq.gz, /data/cailab/flask_output/20240508164411-7a593f6c-7ba6-401e-b092-3971d33c1b7a/trim/trim_1w_2.fq.gz, /data/cailab/flask_output/20240508164411-7a593f6c-7ba6-401e-b092-3971d33c1b7a/trim/1w.json, /data/cailab/flask_output/20240508164411-7a593f6c-7ba6-401e-b092-3971d33c1b7a/trim/1w.html
    log: /data/cailab/flask_output/20240508164411-7a593f6c-7ba6-401e-b092-3971d33c1b7a/logs/fastp/1w.log
    jobid: 3
    reason: Missing output files: /data/cailab/flask_output/20240508164411-7a593f6c-7ba6-401e-b092-3971d33c1b7a/trim/trim_1w_1.fq.gz, /data/cailab/flask_output/20240508164411-7a593f6c-7ba6-401e-b092-3971d33c1b7a/trim/trim_1w_2.fq.gz
    wildcards: sample=1w
    threads: 2
    resources: mem_mb=1000, mem_mib=954, disk_mb=1000, disk_mib=954, tmpdir=/data/cailab/flask_output/20240508164411-7a593f6c-7ba6-401e-b092-3971d33c1b7a/temp_test

Activating conda environment: flask2024
[Wed May  8 16:44:23 2024]
Finished job 3.
1 of 7 steps (14%) done
Select jobs to execute...
Execute 1 jobs...

[Wed May  8 16:44:23 2024]
localrule hairpin_cut:
    input: /data/cailab/flask_output/20240508164411-7a593f6c-7ba6-401e-b092-3971d33c1b7a/trim/trim_1w_1.fq.gz, /data/cailab/flask_output/20240508164411-7a593f6c-7ba6-401e-b092-3971d33c1b7a/trim/trim_1w_2.fq.gz
    output: /data/cailab/flask_output/20240508164411-7a593f6c-7ba6-401e-b092-3971d33c1b7a/trim/1w.fq, /data/cailab/flask_output/20240508164411-7a593f6c-7ba6-401e-b092-3971d33c1b7a/trim/1w_cut_f1.fq, /data/cailab/flask_output/20240508164411-7a593f6c-7ba6-401e-b092-3971d33c1b7a/trim/1w_cut_f2.fq
    log: /data/cailab/flask_output/20240508164411-7a593f6c-7ba6-401e-b092-3971d33c1b7a/logs/hairpin_cut/1w.log
    jobid: 2
    reason: Missing output files: /data/cailab/flask_output/20240508164411-7a593f6c-7ba6-401e-b092-3971d33c1b7a/trim/1w_cut_f1.fq, /data/cailab/flask_output/20240508164411-7a593f6c-7ba6-401e-b092-3971d33c1b7a/trim/1w.fq; Input files updated by another job: /data/cailab/flask_output/20240508164411-7a593f6c-7ba6-401e-b092-3971d33c1b7a/trim/trim_1w_2.fq.gz, /data/cailab/flask_output/20240508164411-7a593f6c-7ba6-401e-b092-3971d33c1b7a/trim/trim_1w_1.fq.gz
    wildcards: sample=1w
    threads: 20
    resources: mem_mb=1000, mem_mib=954, disk_mb=1000, disk_mib=954, tmpdir=/data/cailab/flask_output/20240508164411-7a593f6c-7ba6-401e-b092-3971d33c1b7a/temp_test

Activating conda environment: flask2024
[Wed May  8 16:44:25 2024]
Finished job 2.
2 of 7 steps (29%) done
Select jobs to execute...
Execute 1 jobs...

[Wed May  8 16:44:25 2024]
localrule bowtie2_se:
    input: /data/cailab/flask_output/20240508164411-7a593f6c-7ba6-401e-b092-3971d33c1b7a/trim/1w.fq
    output: /data/cailab/flask_output/20240508164411-7a593f6c-7ba6-401e-b092-3971d33c1b7a/bam/1w.bam
    log: /data/cailab/flask_output/20240508164411-7a593f6c-7ba6-401e-b092-3971d33c1b7a/logs/bowtie2/1w.log
    jobid: 1
    reason: Missing output files: /data/cailab/flask_output/20240508164411-7a593f6c-7ba6-401e-b092-3971d33c1b7a/bam/1w.bam; Input files updated by another job: /data/cailab/flask_output/20240508164411-7a593f6c-7ba6-401e-b092-3971d33c1b7a/trim/1w.fq
    wildcards: sample=1w
    threads: 10
    resources: mem_mb=1000, mem_mib=954, disk_mb=1000, disk_mib=954, tmpdir=/data/cailab/flask_output/20240508164411-7a593f6c-7ba6-401e-b092-3971d33c1b7a/temp_test

[Wed May  8 16:44:28 2024]
Finished job 1.
3 of 7 steps (43%) done
Select jobs to execute...
Execute 1 jobs...

[Wed May  8 16:44:28 2024]
localrule mark_duplicate:
    input: /data/cailab/flask_output/20240508164411-7a593f6c-7ba6-401e-b092-3971d33c1b7a/bam/1w.bam, /data/cailab/temp/fastq/1w_1.fq.gz, /data/cailab/temp/fastq/1w_2.fq.gz
    output: /data/cailab/flask_output/20240508164411-7a593f6c-7ba6-401e-b092-3971d33c1b7a/debam/de_temp_1w.bam, /data/cailab/flask_output/20240508164411-7a593f6c-7ba6-401e-b092-3971d33c1b7a/debam/de_1w.bam
    log: /data/cailab/flask_output/20240508164411-7a593f6c-7ba6-401e-b092-3971d33c1b7a/logs/dedup/1w.log
    jobid: 6
    reason: Missing output files: /data/cailab/flask_output/20240508164411-7a593f6c-7ba6-401e-b092-3971d33c1b7a/debam/de_1w.bam; Input files updated by another job: /data/cailab/flask_output/20240508164411-7a593f6c-7ba6-401e-b092-3971d33c1b7a/bam/1w.bam
    wildcards: sample=1w
    threads: 10
    resources: mem_mb=1000, mem_mib=954, disk_mb=1000, disk_mib=954, tmpdir=/data/cailab/flask_output/20240508164411-7a593f6c-7ba6-401e-b092-3971d33c1b7a/temp_test

[Wed May  8 16:44:28 2024]
Finished job 6.
4 of 7 steps (57%) done
Removing temporary output /data/cailab/flask_output/20240508164411-7a593f6c-7ba6-401e-b092-3971d33c1b7a/debam/de_temp_1w.bam.
Select jobs to execute...
Execute 1 jobs...

[Wed May  8 16:44:28 2024]
localrule extract_mc_hmc:
    input: /data/cailab/flask_output/20240508164411-7a593f6c-7ba6-401e-b092-3971d33c1b7a/bam/1w.bam, /data/cailab/flask_output/20240508164411-7a593f6c-7ba6-401e-b092-3971d33c1b7a/trim/1w_cut_f1.fq
    output: /data/cailab/flask_output/20240508164411-7a593f6c-7ba6-401e-b092-3971d33c1b7a/bam/1w.bam.all.bed.hmc, /data/cailab/flask_output/20240508164411-7a593f6c-7ba6-401e-b092-3971d33c1b7a/bam/1w.bam.all.bed.mc
    log: /data/cailab/flask_output/20240508164411-7a593f6c-7ba6-401e-b092-3971d33c1b7a/logs/extract_mc_hmc/1w.log
    jobid: 4
    reason: Missing output files: /data/cailab/flask_output/20240508164411-7a593f6c-7ba6-401e-b092-3971d33c1b7a/bam/1w.bam.all.bed.hmc; Input files updated by another job: /data/cailab/flask_output/20240508164411-7a593f6c-7ba6-401e-b092-3971d33c1b7a/trim/1w_cut_f1.fq, /data/cailab/flask_output/20240508164411-7a593f6c-7ba6-401e-b092-3971d33c1b7a/bam/1w.bam
    wildcards: sample=1w
    threads: 20
    resources: mem_mb=1000, mem_mib=954, disk_mb=1000, disk_mib=954, tmpdir=/data/cailab/flask_output/20240508164411-7a593f6c-7ba6-401e-b092-3971d33c1b7a/temp_test

[Wed May  8 16:45:29 2024]
Finished job 4.
5 of 7 steps (71%) done
Select jobs to execute...
Execute 1 jobs...

[Wed May  8 16:45:29 2024]
localrule de_extract_mc_hmc:
    input: /data/cailab/flask_output/20240508164411-7a593f6c-7ba6-401e-b092-3971d33c1b7a/debam/de_1w.bam, /data/cailab/flask_output/20240508164411-7a593f6c-7ba6-401e-b092-3971d33c1b7a/trim/1w_cut_f1.fq
    output: /data/cailab/flask_output/20240508164411-7a593f6c-7ba6-401e-b092-3971d33c1b7a/debam/de_1w.bam.all.bed.hmc, /data/cailab/flask_output/20240508164411-7a593f6c-7ba6-401e-b092-3971d33c1b7a/debam/de_1w.bam.all.bed.mc
    log: /data/cailab/flask_output/20240508164411-7a593f6c-7ba6-401e-b092-3971d33c1b7a/logs/de_extract_mc_hmc/1w.log
    jobid: 5
    reason: Missing output files: /data/cailab/flask_output/20240508164411-7a593f6c-7ba6-401e-b092-3971d33c1b7a/debam/de_1w.bam.all.bed.hmc; Input files updated by another job: /data/cailab/flask_output/20240508164411-7a593f6c-7ba6-401e-b092-3971d33c1b7a/trim/1w_cut_f1.fq, /data/cailab/flask_output/20240508164411-7a593f6c-7ba6-401e-b092-3971d33c1b7a/debam/de_1w.bam
    wildcards: sample=1w
    threads: 20
    resources: mem_mb=1000, mem_mib=954, disk_mb=1000, disk_mib=954, tmpdir=/data/cailab/flask_output/20240508164411-7a593f6c-7ba6-401e-b092-3971d33c1b7a/temp_test

[Wed May  8 16:46:28 2024]
Finished job 5.
6 of 7 steps (86%) done
Select jobs to execute...
Execute 1 jobs...

[Wed May  8 16:46:28 2024]
localrule all:
    input: /data/cailab/flask_output/20240508164411-7a593f6c-7ba6-401e-b092-3971d33c1b7a/bam/1w.bam, /data/cailab/flask_output/20240508164411-7a593f6c-7ba6-401e-b092-3971d33c1b7a/bam/1w.bam.all.bed.hmc, /data/cailab/flask_output/20240508164411-7a593f6c-7ba6-401e-b092-3971d33c1b7a/debam/de_1w.bam.all.bed.hmc
    jobid: 0
    reason: Input files updated by another job: /data/cailab/flask_output/20240508164411-7a593f6c-7ba6-401e-b092-3971d33c1b7a/debam/de_1w.bam.all.bed.hmc, /data/cailab/flask_output/20240508164411-7a593f6c-7ba6-401e-b092-3971d33c1b7a/bam/1w.bam.all.bed.hmc, /data/cailab/flask_output/20240508164411-7a593f6c-7ba6-401e-b092-3971d33c1b7a/bam/1w.bam
    resources: mem_mb=1000, mem_mib=954, disk_mb=1000, disk_mib=954, tmpdir=/data/cailab/flask_output/20240508164411-7a593f6c-7ba6-401e-b092-3971d33c1b7a/temp_test

[Wed May  8 16:46:28 2024]
Finished job 0.
7 of 7 steps (100%) done
Complete log: .snakemake/log/2024-05-08T164418.382042.snakemake.log
