Building DAG of jobs...
Using shell: /usr/bin/bash
Provided cores: 20
Rules claiming more threads will be scaled down.
Job stats:
job               count
--------------  -------
all                   1
bowtie2_se            1
extract_mc_hmc        1
fastp_pe              1
hairpin_cut           1
total                 5

Select jobs to execute...
Execute 1 jobs...

[Wed May  8 16:12:48 2024]
localrule fastp_pe:
    input: /data/cailab/temp/fastq/1w_1.fq.gz, /data/cailab/temp/fastq/1w_2.fq.gz
    output: /data/cailab/flask_output/20240508161230-da9cb8d2-d0c2-4a55-9ea5-11ba16e23f3b/trim/trim_1w_1.fq.gz, /data/cailab/flask_output/20240508161230-da9cb8d2-d0c2-4a55-9ea5-11ba16e23f3b/trim/trim_1w_2.fq.gz, /data/cailab/flask_output/20240508161230-da9cb8d2-d0c2-4a55-9ea5-11ba16e23f3b/trim/1w.json, /data/cailab/flask_output/20240508161230-da9cb8d2-d0c2-4a55-9ea5-11ba16e23f3b/trim/1w.html
    log: /data/cailab/flask_output/20240508161230-da9cb8d2-d0c2-4a55-9ea5-11ba16e23f3b/logs/fastp/1w.log
    jobid: 3
    reason: Missing output files: /data/cailab/flask_output/20240508161230-da9cb8d2-d0c2-4a55-9ea5-11ba16e23f3b/trim/trim_1w_1.fq.gz, /data/cailab/flask_output/20240508161230-da9cb8d2-d0c2-4a55-9ea5-11ba16e23f3b/trim/trim_1w_2.fq.gz
    wildcards: sample=1w
    threads: 2
    resources: mem_mb=1000, mem_mib=954, disk_mb=1000, disk_mib=954, tmpdir=/data/cailab/flask_output/20240508161230-da9cb8d2-d0c2-4a55-9ea5-11ba16e23f3b/temp_test

Activating conda environment: flask2024
[Wed May  8 16:12:54 2024]
Finished job 3.
1 of 5 steps (20%) done
Select jobs to execute...
Execute 1 jobs...

[Wed May  8 16:12:54 2024]
localrule hairpin_cut:
    input: /data/cailab/flask_output/20240508161230-da9cb8d2-d0c2-4a55-9ea5-11ba16e23f3b/trim/trim_1w_1.fq.gz, /data/cailab/flask_output/20240508161230-da9cb8d2-d0c2-4a55-9ea5-11ba16e23f3b/trim/trim_1w_2.fq.gz
    output: /data/cailab/flask_output/20240508161230-da9cb8d2-d0c2-4a55-9ea5-11ba16e23f3b/trim/1w.fq, /data/cailab/flask_output/20240508161230-da9cb8d2-d0c2-4a55-9ea5-11ba16e23f3b/trim/1w_cut_f1.fq, /data/cailab/flask_output/20240508161230-da9cb8d2-d0c2-4a55-9ea5-11ba16e23f3b/trim/1w_cut_f2.fq
    log: /data/cailab/flask_output/20240508161230-da9cb8d2-d0c2-4a55-9ea5-11ba16e23f3b/logs/hairpin_cut/1w.log
    jobid: 2
    reason: Missing output files: /data/cailab/flask_output/20240508161230-da9cb8d2-d0c2-4a55-9ea5-11ba16e23f3b/trim/1w_cut_f1.fq, /data/cailab/flask_output/20240508161230-da9cb8d2-d0c2-4a55-9ea5-11ba16e23f3b/trim/1w.fq; Input files updated by another job: /data/cailab/flask_output/20240508161230-da9cb8d2-d0c2-4a55-9ea5-11ba16e23f3b/trim/trim_1w_1.fq.gz, /data/cailab/flask_output/20240508161230-da9cb8d2-d0c2-4a55-9ea5-11ba16e23f3b/trim/trim_1w_2.fq.gz
    wildcards: sample=1w
    threads: 20
    resources: mem_mb=1000, mem_mib=954, disk_mb=1000, disk_mib=954, tmpdir=/data/cailab/flask_output/20240508161230-da9cb8d2-d0c2-4a55-9ea5-11ba16e23f3b/temp_test

Activating conda environment: flask2024
[Wed May  8 16:12:56 2024]
Finished job 2.
2 of 5 steps (40%) done
Select jobs to execute...
Execute 1 jobs...

[Wed May  8 16:12:56 2024]
localrule bowtie2_se:
    input: /data/cailab/flask_output/20240508161230-da9cb8d2-d0c2-4a55-9ea5-11ba16e23f3b/trim/1w.fq
    output: /data/cailab/flask_output/20240508161230-da9cb8d2-d0c2-4a55-9ea5-11ba16e23f3b/bam/1w.bam
    log: /data/cailab/flask_output/20240508161230-da9cb8d2-d0c2-4a55-9ea5-11ba16e23f3b/logs/bowtie2/1w.log
    jobid: 1
    reason: Missing output files: /data/cailab/flask_output/20240508161230-da9cb8d2-d0c2-4a55-9ea5-11ba16e23f3b/bam/1w.bam; Input files updated by another job: /data/cailab/flask_output/20240508161230-da9cb8d2-d0c2-4a55-9ea5-11ba16e23f3b/trim/1w.fq
    wildcards: sample=1w
    threads: 10
    resources: mem_mb=1000, mem_mib=954, disk_mb=1000, disk_mib=954, tmpdir=/data/cailab/flask_output/20240508161230-da9cb8d2-d0c2-4a55-9ea5-11ba16e23f3b/temp_test

[Wed May  8 16:12:58 2024]
Finished job 1.
3 of 5 steps (60%) done
Select jobs to execute...
Execute 1 jobs...

[Wed May  8 16:12:58 2024]
localrule extract_mc_hmc:
    input: /data/cailab/flask_output/20240508161230-da9cb8d2-d0c2-4a55-9ea5-11ba16e23f3b/bam/1w.bam, /data/cailab/flask_output/20240508161230-da9cb8d2-d0c2-4a55-9ea5-11ba16e23f3b/trim/1w_cut_f1.fq
    output: /data/cailab/flask_output/20240508161230-da9cb8d2-d0c2-4a55-9ea5-11ba16e23f3b/bam/1w.bam.all.bed.hmc, /data/cailab/flask_output/20240508161230-da9cb8d2-d0c2-4a55-9ea5-11ba16e23f3b/bam/1w.bam.all.bed.mc
    log: /data/cailab/flask_output/20240508161230-da9cb8d2-d0c2-4a55-9ea5-11ba16e23f3b/logs/extract_mc_hmc/1w.log
    jobid: 4
    reason: Missing output files: /data/cailab/flask_output/20240508161230-da9cb8d2-d0c2-4a55-9ea5-11ba16e23f3b/bam/1w.bam.all.bed.hmc; Input files updated by another job: /data/cailab/flask_output/20240508161230-da9cb8d2-d0c2-4a55-9ea5-11ba16e23f3b/trim/1w_cut_f1.fq, /data/cailab/flask_output/20240508161230-da9cb8d2-d0c2-4a55-9ea5-11ba16e23f3b/bam/1w.bam
    wildcards: sample=1w
    threads: 20
    resources: mem_mb=1000, mem_mib=954, disk_mb=1000, disk_mib=954, tmpdir=/data/cailab/flask_output/20240508161230-da9cb8d2-d0c2-4a55-9ea5-11ba16e23f3b/temp_test

[Wed May  8 16:13:58 2024]
Finished job 4.
4 of 5 steps (80%) done
Select jobs to execute...
Execute 1 jobs...

[Wed May  8 16:13:58 2024]
localrule all:
    input: /data/cailab/flask_output/20240508161230-da9cb8d2-d0c2-4a55-9ea5-11ba16e23f3b/bam/1w.bam, /data/cailab/flask_output/20240508161230-da9cb8d2-d0c2-4a55-9ea5-11ba16e23f3b/bam/1w.bam.all.bed.hmc
    jobid: 0
    reason: Input files updated by another job: /data/cailab/flask_output/20240508161230-da9cb8d2-d0c2-4a55-9ea5-11ba16e23f3b/bam/1w.bam.all.bed.hmc, /data/cailab/flask_output/20240508161230-da9cb8d2-d0c2-4a55-9ea5-11ba16e23f3b/bam/1w.bam
    resources: mem_mb=1000, mem_mib=954, disk_mb=1000, disk_mib=954, tmpdir=/data/cailab/flask_output/20240508161230-da9cb8d2-d0c2-4a55-9ea5-11ba16e23f3b/temp_test

[Wed May  8 16:13:58 2024]
Finished job 0.
5 of 5 steps (100%) done
Complete log: .snakemake/log/2024-05-08T161248.158778.snakemake.log
