Building DAG of jobs...
Using shell: /usr/bin/bash
Provided cores: 20
Rules claiming more threads will be scaled down.
Job stats:
job                  count
-----------------  -------
all                      1
bowtie2_se               1
de_extract_mc_hmc        1
extract_mc_hmc           1
fastp_pe                 1
hairpin_cut              1
mark_duplicate           1
total                    7

Select jobs to execute...
Execute 1 jobs...

[Wed May  8 16:41:46 2024]
localrule fastp_pe:
    input: /data/cailab/temp/fastq/1w_1.fq.gz, /data/cailab/temp/fastq/1w_2.fq.gz
    output: /data/cailab/flask_output/20240508164138-f9d722a3-1728-4779-a3a0-1d983071b381/trim/trim_1w_1.fq.gz, /data/cailab/flask_output/20240508164138-f9d722a3-1728-4779-a3a0-1d983071b381/trim/trim_1w_2.fq.gz, /data/cailab/flask_output/20240508164138-f9d722a3-1728-4779-a3a0-1d983071b381/trim/1w.json, /data/cailab/flask_output/20240508164138-f9d722a3-1728-4779-a3a0-1d983071b381/trim/1w.html
    log: /data/cailab/flask_output/20240508164138-f9d722a3-1728-4779-a3a0-1d983071b381/logs/fastp/1w.log
    jobid: 3
    reason: Missing output files: /data/cailab/flask_output/20240508164138-f9d722a3-1728-4779-a3a0-1d983071b381/trim/trim_1w_2.fq.gz, /data/cailab/flask_output/20240508164138-f9d722a3-1728-4779-a3a0-1d983071b381/trim/trim_1w_1.fq.gz
    wildcards: sample=1w
    threads: 2
    resources: mem_mb=1000, mem_mib=954, disk_mb=1000, disk_mib=954, tmpdir=/data/cailab/flask_output/20240508164138-f9d722a3-1728-4779-a3a0-1d983071b381/temp_test

Activating conda environment: flask2024
[Wed May  8 16:41:52 2024]
Finished job 3.
1 of 7 steps (14%) done
Select jobs to execute...
Execute 1 jobs...

[Wed May  8 16:41:52 2024]
localrule hairpin_cut:
    input: /data/cailab/flask_output/20240508164138-f9d722a3-1728-4779-a3a0-1d983071b381/trim/trim_1w_1.fq.gz, /data/cailab/flask_output/20240508164138-f9d722a3-1728-4779-a3a0-1d983071b381/trim/trim_1w_2.fq.gz
    output: /data/cailab/flask_output/20240508164138-f9d722a3-1728-4779-a3a0-1d983071b381/trim/1w.fq, /data/cailab/flask_output/20240508164138-f9d722a3-1728-4779-a3a0-1d983071b381/trim/1w_cut_f1.fq, /data/cailab/flask_output/20240508164138-f9d722a3-1728-4779-a3a0-1d983071b381/trim/1w_cut_f2.fq
    log: /data/cailab/flask_output/20240508164138-f9d722a3-1728-4779-a3a0-1d983071b381/logs/hairpin_cut/1w.log
    jobid: 2
    reason: Missing output files: /data/cailab/flask_output/20240508164138-f9d722a3-1728-4779-a3a0-1d983071b381/trim/1w.fq, /data/cailab/flask_output/20240508164138-f9d722a3-1728-4779-a3a0-1d983071b381/trim/1w_cut_f1.fq; Input files updated by another job: /data/cailab/flask_output/20240508164138-f9d722a3-1728-4779-a3a0-1d983071b381/trim/trim_1w_2.fq.gz, /data/cailab/flask_output/20240508164138-f9d722a3-1728-4779-a3a0-1d983071b381/trim/trim_1w_1.fq.gz
    wildcards: sample=1w
    threads: 20
    resources: mem_mb=1000, mem_mib=954, disk_mb=1000, disk_mib=954, tmpdir=/data/cailab/flask_output/20240508164138-f9d722a3-1728-4779-a3a0-1d983071b381/temp_test

Activating conda environment: flask2024
[Wed May  8 16:41:53 2024]
Finished job 2.
2 of 7 steps (29%) done
Select jobs to execute...
Execute 1 jobs...

[Wed May  8 16:41:53 2024]
localrule bowtie2_se:
    input: /data/cailab/flask_output/20240508164138-f9d722a3-1728-4779-a3a0-1d983071b381/trim/1w.fq
    output: /data/cailab/flask_output/20240508164138-f9d722a3-1728-4779-a3a0-1d983071b381/bam/1w.bam
    log: /data/cailab/flask_output/20240508164138-f9d722a3-1728-4779-a3a0-1d983071b381/logs/bowtie2/1w.log
    jobid: 1
    reason: Missing output files: /data/cailab/flask_output/20240508164138-f9d722a3-1728-4779-a3a0-1d983071b381/bam/1w.bam; Input files updated by another job: /data/cailab/flask_output/20240508164138-f9d722a3-1728-4779-a3a0-1d983071b381/trim/1w.fq
    wildcards: sample=1w
    threads: 10
    resources: mem_mb=1000, mem_mib=954, disk_mb=1000, disk_mib=954, tmpdir=/data/cailab/flask_output/20240508164138-f9d722a3-1728-4779-a3a0-1d983071b381/temp_test

[Wed May  8 16:41:56 2024]
Finished job 1.
3 of 7 steps (43%) done
Select jobs to execute...
Execute 1 jobs...

[Wed May  8 16:41:56 2024]
localrule mark_duplicate:
    input: /data/cailab/flask_output/20240508164138-f9d722a3-1728-4779-a3a0-1d983071b381/bam/1w.bam, /data/cailab/temp/fastq/1w_1.fq.gz, /data/cailab/temp/fastq/1w_2.fq.gz
    output: /data/cailab/flask_output/20240508164138-f9d722a3-1728-4779-a3a0-1d983071b381/debam/de_temp_1w.bam, /data/cailab/flask_output/20240508164138-f9d722a3-1728-4779-a3a0-1d983071b381/debam/de_1w.bam
    log: /data/cailab/flask_output/20240508164138-f9d722a3-1728-4779-a3a0-1d983071b381/logs/dedup/1w.log
    jobid: 6
    reason: Missing output files: /data/cailab/flask_output/20240508164138-f9d722a3-1728-4779-a3a0-1d983071b381/debam/de_1w.bam; Input files updated by another job: /data/cailab/flask_output/20240508164138-f9d722a3-1728-4779-a3a0-1d983071b381/bam/1w.bam
    wildcards: sample=1w
    threads: 10
    resources: mem_mb=1000, mem_mib=954, disk_mb=1000, disk_mib=954, tmpdir=/data/cailab/flask_output/20240508164138-f9d722a3-1728-4779-a3a0-1d983071b381/temp_test

[Wed May  8 16:41:56 2024]
Error in rule mark_duplicate:
    jobid: 6
    input: /data/cailab/flask_output/20240508164138-f9d722a3-1728-4779-a3a0-1d983071b381/bam/1w.bam, /data/cailab/temp/fastq/1w_1.fq.gz, /data/cailab/temp/fastq/1w_2.fq.gz
    output: /data/cailab/flask_output/20240508164138-f9d722a3-1728-4779-a3a0-1d983071b381/debam/de_temp_1w.bam, /data/cailab/flask_output/20240508164138-f9d722a3-1728-4779-a3a0-1d983071b381/debam/de_1w.bam
    log: /data/cailab/flask_output/20240508164138-f9d722a3-1728-4779-a3a0-1d983071b381/logs/dedup/1w.log (check log file(s) for error details)
    shell:
        
        (python3 ref/remove_dup.py --input /data/cailab/flask_output/20240508164138-f9d722a3-1728-4779-a3a0-1d983071b381/bam/1w.bam --output /data/cailab/flask_output/20240508164138-f9d722a3-1728-4779-a3a0-1d983071b381/debam/de_temp_1w.bam --fq1 /data/cailab/temp/fastq/1w_1.fq.gz --fq2 /data/cailab/temp/fastq/1w_2.fq.gz ) 2> /data/cailab/flask_output/20240508164138-f9d722a3-1728-4779-a3a0-1d983071b381/logs/dedup/1w.log
        samtools sort /data/cailab/flask_output/20240508164138-f9d722a3-1728-4779-a3a0-1d983071b381/debam/de_temp_1w.bam > /data/cailab/flask_output/20240508164138-f9d722a3-1728-4779-a3a0-1d983071b381/debam/de_1w.bam
        samtools index /data/cailab/flask_output/20240508164138-f9d722a3-1728-4779-a3a0-1d983071b381/debam/de_1w.bam
        
        (one of the commands exited with non-zero exit code; note that snakemake uses bash strict mode!)

Shutting down, this might take some time.
Exiting because a job execution failed. Look above for error message
Complete log: .snakemake/log/2024-05-08T164146.479706.snakemake.log
WorkflowError:
At least one job did not complete successfully.
