Building DAG of jobs...
Using shell: /usr/bin/bash
Provided cores: 20
Rules claiming more threads will be scaled down.
Job stats:
job            count
-----------  -------
all                1
bowtie2_se         1
fastp_pe           1
hairpin_cut        1
total              4

Select jobs to execute...
Execute 1 jobs...

[Wed May  8 15:32:27 2024]
localrule fastp_pe:
    input: /data/cailab/fastq/2w_1.fq.gz, /data/cailab/fastq/2w_2.fq.gz
    output: /data/cailab/flask_output/20240508153217-92798598-4566-48b6-908d-75f5a64039d3/trim/trim_2w_1.fq.gz, /data/cailab/flask_output/20240508153217-92798598-4566-48b6-908d-75f5a64039d3/trim/trim_2w_2.fq.gz, /data/cailab/flask_output/20240508153217-92798598-4566-48b6-908d-75f5a64039d3/trim/2w.json, /data/cailab/flask_output/20240508153217-92798598-4566-48b6-908d-75f5a64039d3/trim/2w.html
    log: /data/cailab/flask_output/20240508153217-92798598-4566-48b6-908d-75f5a64039d3/logs/fastp/2w.log
    jobid: 3
    reason: Missing output files: /data/cailab/flask_output/20240508153217-92798598-4566-48b6-908d-75f5a64039d3/trim/trim_2w_1.fq.gz, /data/cailab/flask_output/20240508153217-92798598-4566-48b6-908d-75f5a64039d3/trim/trim_2w_2.fq.gz
    wildcards: sample=2w
    threads: 2
    resources: mem_mb=1000, mem_mib=954, disk_mb=1000, disk_mib=954, tmpdir=/data/cailab/flask_output/20240508153217-92798598-4566-48b6-908d-75f5a64039d3/temp_test

Activating conda environment: flask2024
[Wed May  8 15:32:34 2024]
Finished job 3.
1 of 4 steps (25%) done
Select jobs to execute...
Execute 1 jobs...

[Wed May  8 15:32:34 2024]
localrule hairpin_cut:
    input: /data/cailab/flask_output/20240508153217-92798598-4566-48b6-908d-75f5a64039d3/trim/trim_2w_1.fq.gz, /data/cailab/flask_output/20240508153217-92798598-4566-48b6-908d-75f5a64039d3/trim/trim_2w_2.fq.gz
    output: /data/cailab/flask_output/20240508153217-92798598-4566-48b6-908d-75f5a64039d3/trim/2w.fq, /data/cailab/flask_output/20240508153217-92798598-4566-48b6-908d-75f5a64039d3/trim/2w_cut_f1.fq, /data/cailab/flask_output/20240508153217-92798598-4566-48b6-908d-75f5a64039d3/trim/2w_cut_f2.fq
    log: /data/cailab/flask_output/20240508153217-92798598-4566-48b6-908d-75f5a64039d3/logs/hairpin_cut/2w.log
    jobid: 2
    reason: Missing output files: /data/cailab/flask_output/20240508153217-92798598-4566-48b6-908d-75f5a64039d3/trim/2w.fq; Input files updated by another job: /data/cailab/flask_output/20240508153217-92798598-4566-48b6-908d-75f5a64039d3/trim/trim_2w_1.fq.gz, /data/cailab/flask_output/20240508153217-92798598-4566-48b6-908d-75f5a64039d3/trim/trim_2w_2.fq.gz
    wildcards: sample=2w
    threads: 20
    resources: mem_mb=1000, mem_mib=954, disk_mb=1000, disk_mib=954, tmpdir=/data/cailab/flask_output/20240508153217-92798598-4566-48b6-908d-75f5a64039d3/temp_test

Activating conda environment: flask2024
[Wed May  8 15:32:36 2024]
Finished job 2.
2 of 4 steps (50%) done
Select jobs to execute...
Execute 1 jobs...

[Wed May  8 15:32:36 2024]
localrule bowtie2_se:
    input: /data/cailab/flask_output/20240508153217-92798598-4566-48b6-908d-75f5a64039d3/trim/2w.fq
    output: /data/cailab/flask_output/20240508153217-92798598-4566-48b6-908d-75f5a64039d3/bam/2w.bam
    log: /data/cailab/flask_output/20240508153217-92798598-4566-48b6-908d-75f5a64039d3/logs/bowtie2/2w.log
    jobid: 1
    reason: Missing output files: /data/cailab/flask_output/20240508153217-92798598-4566-48b6-908d-75f5a64039d3/bam/2w.bam; Input files updated by another job: /data/cailab/flask_output/20240508153217-92798598-4566-48b6-908d-75f5a64039d3/trim/2w.fq
    wildcards: sample=2w
    threads: 10
    resources: mem_mb=1000, mem_mib=954, disk_mb=1000, disk_mib=954, tmpdir=/data/cailab/flask_output/20240508153217-92798598-4566-48b6-908d-75f5a64039d3/temp_test

[Wed May  8 15:32:39 2024]
Finished job 1.
3 of 4 steps (75%) done
Select jobs to execute...
Execute 1 jobs...

[Wed May  8 15:32:39 2024]
localrule all:
    input: /data/cailab/flask_output/20240508153217-92798598-4566-48b6-908d-75f5a64039d3/bam/2w.bam
    jobid: 0
    reason: Input files updated by another job: /data/cailab/flask_output/20240508153217-92798598-4566-48b6-908d-75f5a64039d3/bam/2w.bam
    resources: mem_mb=1000, mem_mib=954, disk_mb=1000, disk_mib=954, tmpdir=/data/cailab/flask_output/20240508153217-92798598-4566-48b6-908d-75f5a64039d3/temp_test

[Wed May  8 15:32:39 2024]
Finished job 0.
4 of 4 steps (100%) done
Complete log: .snakemake/log/2024-05-08T153227.527087.snakemake.log
