Building DAG of jobs...
Using shell: /usr/bin/bash
Provided cores: 20
Rules claiming more threads will be scaled down.
Job stats:
job                  count
-----------------  -------
all                      1
bowtie2_se               2
bowtie2_se_sp            2
de_extract_mc_hmc        2
extract_mc_hmc           2
extract_mc_hmc_sp        2
fastp_pe                 2
get_log                  2
hairpin_cut              2
mark_duplicate           2
qualimap_bamqc           2
total                   21

Select jobs to execute...
Execute 2 jobs...

[Fri May 10 00:34:19 2024]
localrule fastp_pe:
    input: /data/cailab/fastq/CS-3w-caC_1.fq.gz, /data/cailab/fastq/CS-3w-caC_2.fq.gz
    output: /data/cailab/flask_output/20240510003405-1c4f156d-9eaf-4b49-8568-95871673cd4d/trim/trim_CS-3w-caC_1.fq.gz, /data/cailab/flask_output/20240510003405-1c4f156d-9eaf-4b49-8568-95871673cd4d/trim/trim_CS-3w-caC_2.fq.gz, /data/cailab/flask_output/20240510003405-1c4f156d-9eaf-4b49-8568-95871673cd4d/trim/CS-3w-caC.json, /data/cailab/flask_output/20240510003405-1c4f156d-9eaf-4b49-8568-95871673cd4d/trim/CS-3w-caC.html
    log: /data/cailab/flask_output/20240510003405-1c4f156d-9eaf-4b49-8568-95871673cd4d/logs/fastp/CS-3w-caC.log
    jobid: 6
    reason: Missing output files: /data/cailab/flask_output/20240510003405-1c4f156d-9eaf-4b49-8568-95871673cd4d/trim/trim_CS-3w-caC_1.fq.gz, /data/cailab/flask_output/20240510003405-1c4f156d-9eaf-4b49-8568-95871673cd4d/trim/CS-3w-caC.json, /data/cailab/flask_output/20240510003405-1c4f156d-9eaf-4b49-8568-95871673cd4d/trim/trim_CS-3w-caC_2.fq.gz
    wildcards: sample=CS-3w-caC
    threads: 2
    resources: mem_mb=1701, mem_mib=1623, disk_mb=1701, disk_mib=1623, tmpdir=/data/cailab/flask_output/20240510003405-1c4f156d-9eaf-4b49-8568-95871673cd4d/temp_test

Activating conda environment: flask2024

[Fri May 10 00:34:19 2024]
localrule fastp_pe:
    input: /data/cailab/fastq/CS-3w-C_1.fq.gz, /data/cailab/fastq/CS-3w-C_2.fq.gz
    output: /data/cailab/flask_output/20240510003405-1c4f156d-9eaf-4b49-8568-95871673cd4d/trim/trim_CS-3w-C_1.fq.gz, /data/cailab/flask_output/20240510003405-1c4f156d-9eaf-4b49-8568-95871673cd4d/trim/trim_CS-3w-C_2.fq.gz, /data/cailab/flask_output/20240510003405-1c4f156d-9eaf-4b49-8568-95871673cd4d/trim/CS-3w-C.json, /data/cailab/flask_output/20240510003405-1c4f156d-9eaf-4b49-8568-95871673cd4d/trim/CS-3w-C.html
    log: /data/cailab/flask_output/20240510003405-1c4f156d-9eaf-4b49-8568-95871673cd4d/logs/fastp/CS-3w-C.log
    jobid: 3
    reason: Missing output files: /data/cailab/flask_output/20240510003405-1c4f156d-9eaf-4b49-8568-95871673cd4d/trim/trim_CS-3w-C_2.fq.gz, /data/cailab/flask_output/20240510003405-1c4f156d-9eaf-4b49-8568-95871673cd4d/trim/CS-3w-C.json, /data/cailab/flask_output/20240510003405-1c4f156d-9eaf-4b49-8568-95871673cd4d/trim/trim_CS-3w-C_1.fq.gz
    wildcards: sample=CS-3w-C
    threads: 2
    resources: mem_mb=1719, mem_mib=1640, disk_mb=1719, disk_mib=1640, tmpdir=/data/cailab/flask_output/20240510003405-1c4f156d-9eaf-4b49-8568-95871673cd4d/temp_test

Activating conda environment: flask2024
[Fri May 10 00:35:00 2024]
Finished job 6.
1 of 21 steps (5%) done
Select jobs to execute...
[Fri May 10 00:35:00 2024]
Finished job 3.
2 of 21 steps (10%) done
Execute 1 jobs...

[Fri May 10 00:35:00 2024]
localrule hairpin_cut:
    input: /data/cailab/flask_output/20240510003405-1c4f156d-9eaf-4b49-8568-95871673cd4d/trim/trim_CS-3w-caC_1.fq.gz, /data/cailab/flask_output/20240510003405-1c4f156d-9eaf-4b49-8568-95871673cd4d/trim/trim_CS-3w-caC_2.fq.gz
    output: /data/cailab/flask_output/20240510003405-1c4f156d-9eaf-4b49-8568-95871673cd4d/trim/CS-3w-caC.fq, /data/cailab/flask_output/20240510003405-1c4f156d-9eaf-4b49-8568-95871673cd4d/trim/CS-3w-caC_cut_f1.fq, /data/cailab/flask_output/20240510003405-1c4f156d-9eaf-4b49-8568-95871673cd4d/trim/CS-3w-caC_cut_f2.fq
    log: /data/cailab/flask_output/20240510003405-1c4f156d-9eaf-4b49-8568-95871673cd4d/logs/hairpin_cut/CS-3w-caC.log
    jobid: 5
    reason: Missing output files: /data/cailab/flask_output/20240510003405-1c4f156d-9eaf-4b49-8568-95871673cd4d/trim/CS-3w-caC.fq, /data/cailab/flask_output/20240510003405-1c4f156d-9eaf-4b49-8568-95871673cd4d/trim/CS-3w-caC_cut_f1.fq; Input files updated by another job: /data/cailab/flask_output/20240510003405-1c4f156d-9eaf-4b49-8568-95871673cd4d/trim/trim_CS-3w-caC_1.fq.gz, /data/cailab/flask_output/20240510003405-1c4f156d-9eaf-4b49-8568-95871673cd4d/trim/trim_CS-3w-caC_2.fq.gz
    wildcards: sample=CS-3w-caC
    threads: 20
    resources: mem_mb=1397, mem_mib=1333, disk_mb=1397, disk_mib=1333, tmpdir=/data/cailab/flask_output/20240510003405-1c4f156d-9eaf-4b49-8568-95871673cd4d/temp_test

Activating conda environment: flask2024
[Fri May 10 00:41:00 2024]
Finished job 5.
3 of 21 steps (14%) done
Select jobs to execute...
Execute 2 jobs...

[Fri May 10 00:41:00 2024]
localrule bowtie2_se_sp:
    input: /data/cailab/flask_output/20240510003405-1c4f156d-9eaf-4b49-8568-95871673cd4d/trim/CS-3w-caC.fq
    output: /data/cailab/flask_output/20240510003405-1c4f156d-9eaf-4b49-8568-95871673cd4d/sp_bam/sp_CS-3w-caC.bam
    log: /data/cailab/flask_output/20240510003405-1c4f156d-9eaf-4b49-8568-95871673cd4d/logs/bowtie2/CS-3w-caC.log
    jobid: 19
    reason: Missing output files: /data/cailab/flask_output/20240510003405-1c4f156d-9eaf-4b49-8568-95871673cd4d/sp_bam/sp_CS-3w-caC.bam; Input files updated by another job: /data/cailab/flask_output/20240510003405-1c4f156d-9eaf-4b49-8568-95871673cd4d/trim/CS-3w-caC.fq
    wildcards: sample=CS-3w-caC
    threads: 10
    resources: mem_mb=1833, mem_mib=1749, disk_mb=1833, disk_mib=1749, tmpdir=/data/cailab/flask_output/20240510003405-1c4f156d-9eaf-4b49-8568-95871673cd4d/temp_test


[Fri May 10 00:41:00 2024]
localrule bowtie2_se:
    input: /data/cailab/flask_output/20240510003405-1c4f156d-9eaf-4b49-8568-95871673cd4d/trim/CS-3w-caC.fq
    output: /data/cailab/flask_output/20240510003405-1c4f156d-9eaf-4b49-8568-95871673cd4d/bam/CS-3w-caC.bam
    log: /data/cailab/flask_output/20240510003405-1c4f156d-9eaf-4b49-8568-95871673cd4d/logs/bowtie2/CS-3w-caC.log
    jobid: 4
    reason: Missing output files: /data/cailab/flask_output/20240510003405-1c4f156d-9eaf-4b49-8568-95871673cd4d/bam/CS-3w-caC.bam; Input files updated by another job: /data/cailab/flask_output/20240510003405-1c4f156d-9eaf-4b49-8568-95871673cd4d/trim/CS-3w-caC.fq
    wildcards: sample=CS-3w-caC
    threads: 10
    resources: mem_mb=1833, mem_mib=1749, disk_mb=1833, disk_mib=1749, tmpdir=/data/cailab/flask_output/20240510003405-1c4f156d-9eaf-4b49-8568-95871673cd4d/temp_test

[Fri May 10 00:42:15 2024]
Finished job 19.
4 of 21 steps (19%) done
Select jobs to execute...
[Fri May 10 00:44:03 2024]
Finished job 4.
5 of 21 steps (24%) done
Execute 1 jobs...

[Fri May 10 00:44:03 2024]
localrule extract_mc_hmc:
    input: /data/cailab/flask_output/20240510003405-1c4f156d-9eaf-4b49-8568-95871673cd4d/bam/CS-3w-caC.bam, /data/cailab/flask_output/20240510003405-1c4f156d-9eaf-4b49-8568-95871673cd4d/trim/CS-3w-caC_cut_f1.fq
    output: /data/cailab/flask_output/20240510003405-1c4f156d-9eaf-4b49-8568-95871673cd4d/bam/CS-3w-caC.bam.all.bed.hmc, /data/cailab/flask_output/20240510003405-1c4f156d-9eaf-4b49-8568-95871673cd4d/bam/CS-3w-caC.bam.all.bed.mc
    log: /data/cailab/flask_output/20240510003405-1c4f156d-9eaf-4b49-8568-95871673cd4d/logs/extract_mc_hmc/CS-3w-caC.log
    jobid: 8
    reason: Missing output files: /data/cailab/flask_output/20240510003405-1c4f156d-9eaf-4b49-8568-95871673cd4d/bam/CS-3w-caC.bam.all.bed.hmc; Input files updated by another job: /data/cailab/flask_output/20240510003405-1c4f156d-9eaf-4b49-8568-95871673cd4d/bam/CS-3w-caC.bam, /data/cailab/flask_output/20240510003405-1c4f156d-9eaf-4b49-8568-95871673cd4d/trim/CS-3w-caC_cut_f1.fq
    wildcards: sample=CS-3w-caC
    threads: 20
    resources: mem_mb=2284, mem_mib=2179, disk_mb=2284, disk_mib=2179, tmpdir=/data/cailab/flask_output/20240510003405-1c4f156d-9eaf-4b49-8568-95871673cd4d/temp_test

[Fri May 10 00:47:43 2024]
Finished job 8.
6 of 21 steps (29%) done
Select jobs to execute...
Execute 1 jobs...

[Fri May 10 00:47:43 2024]
localrule extract_mc_hmc_sp:
    input: /data/cailab/flask_output/20240510003405-1c4f156d-9eaf-4b49-8568-95871673cd4d/sp_bam/sp_CS-3w-caC.bam, /data/cailab/flask_output/20240510003405-1c4f156d-9eaf-4b49-8568-95871673cd4d/trim/CS-3w-caC_cut_f1.fq
    output: /data/cailab/flask_output/20240510003405-1c4f156d-9eaf-4b49-8568-95871673cd4d/sp_bam/sp_CS-3w-caC.bam.all.bed.hmc, /data/cailab/flask_output/20240510003405-1c4f156d-9eaf-4b49-8568-95871673cd4d/sp_bam/sp_CS-3w-caC.bam.all.bed.mc
    log: /data/cailab/flask_output/20240510003405-1c4f156d-9eaf-4b49-8568-95871673cd4d/logs/extract_mc_hmc/CS-3w-caC.log
    jobid: 20
    reason: Missing output files: /data/cailab/flask_output/20240510003405-1c4f156d-9eaf-4b49-8568-95871673cd4d/sp_bam/sp_CS-3w-caC.bam.all.bed.mc, /data/cailab/flask_output/20240510003405-1c4f156d-9eaf-4b49-8568-95871673cd4d/sp_bam/sp_CS-3w-caC.bam.all.bed.hmc; Input files updated by another job: /data/cailab/flask_output/20240510003405-1c4f156d-9eaf-4b49-8568-95871673cd4d/trim/CS-3w-caC_cut_f1.fq, /data/cailab/flask_output/20240510003405-1c4f156d-9eaf-4b49-8568-95871673cd4d/sp_bam/sp_CS-3w-caC.bam
    wildcards: sample=CS-3w-caC
    threads: 20
    resources: mem_mb=2183, mem_mib=2082, disk_mb=2183, disk_mib=2082, tmpdir=/data/cailab/flask_output/20240510003405-1c4f156d-9eaf-4b49-8568-95871673cd4d/temp_test

[Fri May 10 00:48:11 2024]
Finished job 20.
7 of 21 steps (33%) done
Select jobs to execute...
Execute 1 jobs...

[Fri May 10 00:48:11 2024]
localrule mark_duplicate:
    input: /data/cailab/flask_output/20240510003405-1c4f156d-9eaf-4b49-8568-95871673cd4d/bam/CS-3w-caC.bam, /data/cailab/fastq/CS-3w-caC_1.fq.gz, /data/cailab/fastq/CS-3w-caC_2.fq.gz
    output: /data/cailab/flask_output/20240510003405-1c4f156d-9eaf-4b49-8568-95871673cd4d/debam/de_temp_CS-3w-caC.bam, /data/cailab/flask_output/20240510003405-1c4f156d-9eaf-4b49-8568-95871673cd4d/debam/de_CS-3w-caC.bam
    log: /data/cailab/flask_output/20240510003405-1c4f156d-9eaf-4b49-8568-95871673cd4d/logs/dedup/CS-3w-caC.log
    jobid: 12
    reason: Missing output files: /data/cailab/flask_output/20240510003405-1c4f156d-9eaf-4b49-8568-95871673cd4d/debam/de_CS-3w-caC.bam; Input files updated by another job: /data/cailab/flask_output/20240510003405-1c4f156d-9eaf-4b49-8568-95871673cd4d/bam/CS-3w-caC.bam
    wildcards: sample=CS-3w-caC
    threads: 10
    resources: mem_mb=2152, mem_mib=2053, disk_mb=2152, disk_mib=2053, tmpdir=/data/cailab/flask_output/20240510003405-1c4f156d-9eaf-4b49-8568-95871673cd4d/temp_test

[Fri May 10 00:55:18 2024]
Finished job 12.
8 of 21 steps (38%) done
Removing temporary output /data/cailab/flask_output/20240510003405-1c4f156d-9eaf-4b49-8568-95871673cd4d/debam/de_temp_CS-3w-caC.bam.
Select jobs to execute...
Execute 1 jobs...

[Fri May 10 00:55:18 2024]
localrule de_extract_mc_hmc:
    input: /data/cailab/flask_output/20240510003405-1c4f156d-9eaf-4b49-8568-95871673cd4d/debam/de_CS-3w-caC.bam, /data/cailab/flask_output/20240510003405-1c4f156d-9eaf-4b49-8568-95871673cd4d/trim/CS-3w-caC_cut_f1.fq
    output: /data/cailab/flask_output/20240510003405-1c4f156d-9eaf-4b49-8568-95871673cd4d/debam/de_CS-3w-caC.bam.all.bed.hmc, /data/cailab/flask_output/20240510003405-1c4f156d-9eaf-4b49-8568-95871673cd4d/debam/de_CS-3w-caC.bam.all.bed.mc
    log: /data/cailab/flask_output/20240510003405-1c4f156d-9eaf-4b49-8568-95871673cd4d/logs/de_extract_mc_hmc/CS-3w-caC.log
    jobid: 11
    reason: Missing output files: /data/cailab/flask_output/20240510003405-1c4f156d-9eaf-4b49-8568-95871673cd4d/debam/de_CS-3w-caC.bam.all.bed.hmc, /data/cailab/flask_output/20240510003405-1c4f156d-9eaf-4b49-8568-95871673cd4d/debam/de_CS-3w-caC.bam.all.bed.mc; Input files updated by another job: /data/cailab/flask_output/20240510003405-1c4f156d-9eaf-4b49-8568-95871673cd4d/debam/de_CS-3w-caC.bam, /data/cailab/flask_output/20240510003405-1c4f156d-9eaf-4b49-8568-95871673cd4d/trim/CS-3w-caC_cut_f1.fq
    wildcards: sample=CS-3w-caC
    threads: 20
    resources: mem_mb=2239, mem_mib=2136, disk_mb=2239, disk_mib=2136, tmpdir=/data/cailab/flask_output/20240510003405-1c4f156d-9eaf-4b49-8568-95871673cd4d/temp_test

[Fri May 10 00:58:22 2024]
Finished job 11.
9 of 21 steps (43%) done
Select jobs to execute...
Execute 1 jobs...

[Fri May 10 00:58:22 2024]
localrule hairpin_cut:
    input: /data/cailab/flask_output/20240510003405-1c4f156d-9eaf-4b49-8568-95871673cd4d/trim/trim_CS-3w-C_1.fq.gz, /data/cailab/flask_output/20240510003405-1c4f156d-9eaf-4b49-8568-95871673cd4d/trim/trim_CS-3w-C_2.fq.gz
    output: /data/cailab/flask_output/20240510003405-1c4f156d-9eaf-4b49-8568-95871673cd4d/trim/CS-3w-C.fq, /data/cailab/flask_output/20240510003405-1c4f156d-9eaf-4b49-8568-95871673cd4d/trim/CS-3w-C_cut_f1.fq, /data/cailab/flask_output/20240510003405-1c4f156d-9eaf-4b49-8568-95871673cd4d/trim/CS-3w-C_cut_f2.fq
    log: /data/cailab/flask_output/20240510003405-1c4f156d-9eaf-4b49-8568-95871673cd4d/logs/hairpin_cut/CS-3w-C.log
    jobid: 2
    reason: Missing output files: /data/cailab/flask_output/20240510003405-1c4f156d-9eaf-4b49-8568-95871673cd4d/trim/CS-3w-C.fq, /data/cailab/flask_output/20240510003405-1c4f156d-9eaf-4b49-8568-95871673cd4d/trim/CS-3w-C_cut_f1.fq; Input files updated by another job: /data/cailab/flask_output/20240510003405-1c4f156d-9eaf-4b49-8568-95871673cd4d/trim/trim_CS-3w-C_2.fq.gz, /data/cailab/flask_output/20240510003405-1c4f156d-9eaf-4b49-8568-95871673cd4d/trim/trim_CS-3w-C_1.fq.gz
    wildcards: sample=CS-3w-C
    threads: 20
    resources: mem_mb=1377, mem_mib=1314, disk_mb=1377, disk_mib=1314, tmpdir=/data/cailab/flask_output/20240510003405-1c4f156d-9eaf-4b49-8568-95871673cd4d/temp_test

Activating conda environment: flask2024
[Fri May 10 01:04:26 2024]
Finished job 2.
10 of 21 steps (48%) done
Select jobs to execute...
Execute 2 jobs...

[Fri May 10 01:04:26 2024]
localrule bowtie2_se_sp:
    input: /data/cailab/flask_output/20240510003405-1c4f156d-9eaf-4b49-8568-95871673cd4d/trim/CS-3w-C.fq
    output: /data/cailab/flask_output/20240510003405-1c4f156d-9eaf-4b49-8568-95871673cd4d/sp_bam/sp_CS-3w-C.bam
    log: /data/cailab/flask_output/20240510003405-1c4f156d-9eaf-4b49-8568-95871673cd4d/logs/bowtie2/CS-3w-C.log
    jobid: 16
    reason: Missing output files: /data/cailab/flask_output/20240510003405-1c4f156d-9eaf-4b49-8568-95871673cd4d/sp_bam/sp_CS-3w-C.bam; Input files updated by another job: /data/cailab/flask_output/20240510003405-1c4f156d-9eaf-4b49-8568-95871673cd4d/trim/CS-3w-C.fq
    wildcards: sample=CS-3w-C
    threads: 10
    resources: mem_mb=1862, mem_mib=1776, disk_mb=1862, disk_mib=1776, tmpdir=/data/cailab/flask_output/20240510003405-1c4f156d-9eaf-4b49-8568-95871673cd4d/temp_test


[Fri May 10 01:04:26 2024]
localrule bowtie2_se:
    input: /data/cailab/flask_output/20240510003405-1c4f156d-9eaf-4b49-8568-95871673cd4d/trim/CS-3w-C.fq
    output: /data/cailab/flask_output/20240510003405-1c4f156d-9eaf-4b49-8568-95871673cd4d/bam/CS-3w-C.bam
    log: /data/cailab/flask_output/20240510003405-1c4f156d-9eaf-4b49-8568-95871673cd4d/logs/bowtie2/CS-3w-C.log
    jobid: 1
    reason: Missing output files: /data/cailab/flask_output/20240510003405-1c4f156d-9eaf-4b49-8568-95871673cd4d/bam/CS-3w-C.bam; Input files updated by another job: /data/cailab/flask_output/20240510003405-1c4f156d-9eaf-4b49-8568-95871673cd4d/trim/CS-3w-C.fq
    wildcards: sample=CS-3w-C
    threads: 10
    resources: mem_mb=1862, mem_mib=1776, disk_mb=1862, disk_mib=1776, tmpdir=/data/cailab/flask_output/20240510003405-1c4f156d-9eaf-4b49-8568-95871673cd4d/temp_test

[Fri May 10 01:05:42 2024]
Finished job 16.
11 of 21 steps (52%) done
Select jobs to execute...
Execute 1 jobs...

[Fri May 10 01:05:42 2024]
localrule qualimap_bamqc:
    input: /data/cailab/flask_output/20240510003405-1c4f156d-9eaf-4b49-8568-95871673cd4d/debam/de_CS-3w-caC.bam
    output: /data/cailab/flask_output/20240510003405-1c4f156d-9eaf-4b49-8568-95871673cd4d/cover/de_CS-3w-caC/genome_results.txt
    log: /data/cailab/flask_output/20240510003405-1c4f156d-9eaf-4b49-8568-95871673cd4d/logs/qualimap/de_CS-3w-caC.log
    jobid: 14
    reason: Missing output files: /data/cailab/flask_output/20240510003405-1c4f156d-9eaf-4b49-8568-95871673cd4d/cover/de_CS-3w-caC/genome_results.txt; Input files updated by another job: /data/cailab/flask_output/20240510003405-1c4f156d-9eaf-4b49-8568-95871673cd4d/debam/de_CS-3w-caC.bam
    wildcards: sample=CS-3w-caC
    threads: 10
    resources: mem_mb=1000, mem_mib=954, disk_mb=1000, disk_mib=954, tmpdir=/data/cailab/flask_output/20240510003405-1c4f156d-9eaf-4b49-8568-95871673cd4d/temp_test

[Fri May 10 01:06:15 2024]
Finished job 14.
12 of 21 steps (57%) done
Select jobs to execute...
Execute 1 jobs...

[Fri May 10 01:06:15 2024]
localrule get_log:
    input: /data/cailab/flask_output/20240510003405-1c4f156d-9eaf-4b49-8568-95871673cd4d/trim/CS-3w-caC.fq, /data/cailab/flask_output/20240510003405-1c4f156d-9eaf-4b49-8568-95871673cd4d/trim/CS-3w-caC.json, /data/cailab/flask_output/20240510003405-1c4f156d-9eaf-4b49-8568-95871673cd4d/cover/de_CS-3w-caC/genome_results.txt, /data/cailab/flask_output/20240510003405-1c4f156d-9eaf-4b49-8568-95871673cd4d/bam/CS-3w-caC.bam, /data/cailab/flask_output/20240510003405-1c4f156d-9eaf-4b49-8568-95871673cd4d/debam/de_CS-3w-caC.bam, /data/cailab/flask_output/20240510003405-1c4f156d-9eaf-4b49-8568-95871673cd4d/debam/de_CS-3w-caC.bam.all.bed.hmc, /data/cailab/flask_output/20240510003405-1c4f156d-9eaf-4b49-8568-95871673cd4d/debam/de_CS-3w-caC.bam.all.bed.mc, /data/cailab/flask_output/20240510003405-1c4f156d-9eaf-4b49-8568-95871673cd4d/sp_bam/sp_CS-3w-caC.bam, /data/cailab/flask_output/20240510003405-1c4f156d-9eaf-4b49-8568-95871673cd4d/sp_bam/sp_CS-3w-caC.bam.all.bed.hmc, /data/cailab/flask_output/20240510003405-1c4f156d-9eaf-4b49-8568-95871673cd4d/sp_bam/sp_CS-3w-caC.bam.all.bed.mc
    output: /data/cailab/flask_output/20240510003405-1c4f156d-9eaf-4b49-8568-95871673cd4d/final_log/CS-3w-caC.log, /data/cailab/flask_output/20240510003405-1c4f156d-9eaf-4b49-8568-95871673cd4d/sp_bam/sp_CS-3w-caC.bed
    jobid: 18
    reason: Missing output files: /data/cailab/flask_output/20240510003405-1c4f156d-9eaf-4b49-8568-95871673cd4d/final_log/CS-3w-caC.log; Input files updated by another job: /data/cailab/flask_output/20240510003405-1c4f156d-9eaf-4b49-8568-95871673cd4d/trim/CS-3w-caC.fq, /data/cailab/flask_output/20240510003405-1c4f156d-9eaf-4b49-8568-95871673cd4d/sp_bam/sp_CS-3w-caC.bam.all.bed.hmc, /data/cailab/flask_output/20240510003405-1c4f156d-9eaf-4b49-8568-95871673cd4d/debam/de_CS-3w-caC.bam.all.bed.mc, /data/cailab/flask_output/20240510003405-1c4f156d-9eaf-4b49-8568-95871673cd4d/bam/CS-3w-caC.bam, /data/cailab/flask_output/20240510003405-1c4f156d-9eaf-4b49-8568-95871673cd4d/debam/de_CS-3w-caC.bam.all.bed.hmc, /data/cailab/flask_output/20240510003405-1c4f156d-9eaf-4b49-8568-95871673cd4d/sp_bam/sp_CS-3w-caC.bam.all.bed.mc, /data/cailab/flask_output/20240510003405-1c4f156d-9eaf-4b49-8568-95871673cd4d/trim/CS-3w-caC.json, /data/cailab/flask_output/20240510003405-1c4f156d-9eaf-4b49-8568-95871673cd4d/sp_bam/sp_CS-3w-caC.bam, /data/cailab/flask_output/20240510003405-1c4f156d-9eaf-4b49-8568-95871673cd4d/debam/de_CS-3w-caC.bam, /data/cailab/flask_output/20240510003405-1c4f156d-9eaf-4b49-8568-95871673cd4d/cover/de_CS-3w-caC/genome_results.txt
    wildcards: sample=CS-3w-caC
    threads: 4
    resources: mem_mb=8000, mem_mib=7630, disk_mb=9526, disk_mib=9085, tmpdir=/data/cailab/flask_output/20240510003405-1c4f156d-9eaf-4b49-8568-95871673cd4d/temp_test

Activating conda environment: flask2024
[Fri May 10 01:07:33 2024]
Finished job 1.
13 of 21 steps (62%) done
Select jobs to execute...
Execute 1 jobs...

[Fri May 10 01:07:33 2024]
localrule mark_duplicate:
    input: /data/cailab/flask_output/20240510003405-1c4f156d-9eaf-4b49-8568-95871673cd4d/bam/CS-3w-C.bam, /data/cailab/fastq/CS-3w-C_1.fq.gz, /data/cailab/fastq/CS-3w-C_2.fq.gz
    output: /data/cailab/flask_output/20240510003405-1c4f156d-9eaf-4b49-8568-95871673cd4d/debam/de_temp_CS-3w-C.bam, /data/cailab/flask_output/20240510003405-1c4f156d-9eaf-4b49-8568-95871673cd4d/debam/de_CS-3w-C.bam
    log: /data/cailab/flask_output/20240510003405-1c4f156d-9eaf-4b49-8568-95871673cd4d/logs/dedup/CS-3w-C.log
    jobid: 10
    reason: Missing output files: /data/cailab/flask_output/20240510003405-1c4f156d-9eaf-4b49-8568-95871673cd4d/debam/de_CS-3w-C.bam; Input files updated by another job: /data/cailab/flask_output/20240510003405-1c4f156d-9eaf-4b49-8568-95871673cd4d/bam/CS-3w-C.bam
    wildcards: sample=CS-3w-C
    threads: 10
    resources: mem_mb=2175, mem_mib=2075, disk_mb=2175, disk_mib=2075, tmpdir=/data/cailab/flask_output/20240510003405-1c4f156d-9eaf-4b49-8568-95871673cd4d/temp_test

[Fri May 10 01:07:42 2024]
Finished job 18.
14 of 21 steps (67%) done
Select jobs to execute...
[Fri May 10 01:14:31 2024]
Finished job 10.
15 of 21 steps (71%) done
Removing temporary output /data/cailab/flask_output/20240510003405-1c4f156d-9eaf-4b49-8568-95871673cd4d/debam/de_temp_CS-3w-C.bam.
Execute 1 jobs...

[Fri May 10 01:14:31 2024]
localrule extract_mc_hmc:
    input: /data/cailab/flask_output/20240510003405-1c4f156d-9eaf-4b49-8568-95871673cd4d/bam/CS-3w-C.bam, /data/cailab/flask_output/20240510003405-1c4f156d-9eaf-4b49-8568-95871673cd4d/trim/CS-3w-C_cut_f1.fq
    output: /data/cailab/flask_output/20240510003405-1c4f156d-9eaf-4b49-8568-95871673cd4d/bam/CS-3w-C.bam.all.bed.hmc, /data/cailab/flask_output/20240510003405-1c4f156d-9eaf-4b49-8568-95871673cd4d/bam/CS-3w-C.bam.all.bed.mc
    log: /data/cailab/flask_output/20240510003405-1c4f156d-9eaf-4b49-8568-95871673cd4d/logs/extract_mc_hmc/CS-3w-C.log
    jobid: 7
    reason: Missing output files: /data/cailab/flask_output/20240510003405-1c4f156d-9eaf-4b49-8568-95871673cd4d/bam/CS-3w-C.bam.all.bed.hmc; Input files updated by another job: /data/cailab/flask_output/20240510003405-1c4f156d-9eaf-4b49-8568-95871673cd4d/trim/CS-3w-C_cut_f1.fq, /data/cailab/flask_output/20240510003405-1c4f156d-9eaf-4b49-8568-95871673cd4d/bam/CS-3w-C.bam
    wildcards: sample=CS-3w-C
    threads: 20
    resources: mem_mb=2318, mem_mib=2211, disk_mb=2318, disk_mib=2211, tmpdir=/data/cailab/flask_output/20240510003405-1c4f156d-9eaf-4b49-8568-95871673cd4d/temp_test

[Fri May 10 01:18:02 2024]
Finished job 7.
16 of 21 steps (76%) done
Select jobs to execute...
Execute 1 jobs...

[Fri May 10 01:18:02 2024]
localrule de_extract_mc_hmc:
    input: /data/cailab/flask_output/20240510003405-1c4f156d-9eaf-4b49-8568-95871673cd4d/debam/de_CS-3w-C.bam, /data/cailab/flask_output/20240510003405-1c4f156d-9eaf-4b49-8568-95871673cd4d/trim/CS-3w-C_cut_f1.fq
    output: /data/cailab/flask_output/20240510003405-1c4f156d-9eaf-4b49-8568-95871673cd4d/debam/de_CS-3w-C.bam.all.bed.hmc, /data/cailab/flask_output/20240510003405-1c4f156d-9eaf-4b49-8568-95871673cd4d/debam/de_CS-3w-C.bam.all.bed.mc
    log: /data/cailab/flask_output/20240510003405-1c4f156d-9eaf-4b49-8568-95871673cd4d/logs/de_extract_mc_hmc/CS-3w-C.log
    jobid: 9
    reason: Missing output files: /data/cailab/flask_output/20240510003405-1c4f156d-9eaf-4b49-8568-95871673cd4d/debam/de_CS-3w-C.bam.all.bed.hmc, /data/cailab/flask_output/20240510003405-1c4f156d-9eaf-4b49-8568-95871673cd4d/debam/de_CS-3w-C.bam.all.bed.mc; Input files updated by another job: /data/cailab/flask_output/20240510003405-1c4f156d-9eaf-4b49-8568-95871673cd4d/debam/de_CS-3w-C.bam, /data/cailab/flask_output/20240510003405-1c4f156d-9eaf-4b49-8568-95871673cd4d/trim/CS-3w-C_cut_f1.fq
    wildcards: sample=CS-3w-C
    threads: 20
    resources: mem_mb=2272, mem_mib=2167, disk_mb=2272, disk_mib=2167, tmpdir=/data/cailab/flask_output/20240510003405-1c4f156d-9eaf-4b49-8568-95871673cd4d/temp_test

[Fri May 10 01:21:02 2024]
Finished job 9.
17 of 21 steps (81%) done
Select jobs to execute...
Execute 1 jobs...

[Fri May 10 01:21:02 2024]
localrule extract_mc_hmc_sp:
    input: /data/cailab/flask_output/20240510003405-1c4f156d-9eaf-4b49-8568-95871673cd4d/sp_bam/sp_CS-3w-C.bam, /data/cailab/flask_output/20240510003405-1c4f156d-9eaf-4b49-8568-95871673cd4d/trim/CS-3w-C_cut_f1.fq
    output: /data/cailab/flask_output/20240510003405-1c4f156d-9eaf-4b49-8568-95871673cd4d/sp_bam/sp_CS-3w-C.bam.all.bed.hmc, /data/cailab/flask_output/20240510003405-1c4f156d-9eaf-4b49-8568-95871673cd4d/sp_bam/sp_CS-3w-C.bam.all.bed.mc
    log: /data/cailab/flask_output/20240510003405-1c4f156d-9eaf-4b49-8568-95871673cd4d/logs/extract_mc_hmc/CS-3w-C.log
    jobid: 17
    reason: Missing output files: /data/cailab/flask_output/20240510003405-1c4f156d-9eaf-4b49-8568-95871673cd4d/sp_bam/sp_CS-3w-C.bam.all.bed.mc, /data/cailab/flask_output/20240510003405-1c4f156d-9eaf-4b49-8568-95871673cd4d/sp_bam/sp_CS-3w-C.bam.all.bed.hmc; Input files updated by another job: /data/cailab/flask_output/20240510003405-1c4f156d-9eaf-4b49-8568-95871673cd4d/sp_bam/sp_CS-3w-C.bam, /data/cailab/flask_output/20240510003405-1c4f156d-9eaf-4b49-8568-95871673cd4d/trim/CS-3w-C_cut_f1.fq
    wildcards: sample=CS-3w-C
    threads: 20
    resources: mem_mb=2218, mem_mib=2116, disk_mb=2218, disk_mib=2116, tmpdir=/data/cailab/flask_output/20240510003405-1c4f156d-9eaf-4b49-8568-95871673cd4d/temp_test

[Fri May 10 01:21:28 2024]
Finished job 17.
18 of 21 steps (86%) done
Select jobs to execute...
Execute 1 jobs...

[Fri May 10 01:21:28 2024]
localrule qualimap_bamqc:
    input: /data/cailab/flask_output/20240510003405-1c4f156d-9eaf-4b49-8568-95871673cd4d/debam/de_CS-3w-C.bam
    output: /data/cailab/flask_output/20240510003405-1c4f156d-9eaf-4b49-8568-95871673cd4d/cover/de_CS-3w-C/genome_results.txt
    log: /data/cailab/flask_output/20240510003405-1c4f156d-9eaf-4b49-8568-95871673cd4d/logs/qualimap/de_CS-3w-C.log
    jobid: 13
    reason: Missing output files: /data/cailab/flask_output/20240510003405-1c4f156d-9eaf-4b49-8568-95871673cd4d/cover/de_CS-3w-C/genome_results.txt; Input files updated by another job: /data/cailab/flask_output/20240510003405-1c4f156d-9eaf-4b49-8568-95871673cd4d/debam/de_CS-3w-C.bam
    wildcards: sample=CS-3w-C
    threads: 10
    resources: mem_mb=1000, mem_mib=954, disk_mb=1000, disk_mib=954, tmpdir=/data/cailab/flask_output/20240510003405-1c4f156d-9eaf-4b49-8568-95871673cd4d/temp_test

[Fri May 10 01:22:00 2024]
Finished job 13.
19 of 21 steps (90%) done
Select jobs to execute...
Execute 1 jobs...

[Fri May 10 01:22:00 2024]
localrule get_log:
    input: /data/cailab/flask_output/20240510003405-1c4f156d-9eaf-4b49-8568-95871673cd4d/trim/CS-3w-C.fq, /data/cailab/flask_output/20240510003405-1c4f156d-9eaf-4b49-8568-95871673cd4d/trim/CS-3w-C.json, /data/cailab/flask_output/20240510003405-1c4f156d-9eaf-4b49-8568-95871673cd4d/cover/de_CS-3w-C/genome_results.txt, /data/cailab/flask_output/20240510003405-1c4f156d-9eaf-4b49-8568-95871673cd4d/bam/CS-3w-C.bam, /data/cailab/flask_output/20240510003405-1c4f156d-9eaf-4b49-8568-95871673cd4d/debam/de_CS-3w-C.bam, /data/cailab/flask_output/20240510003405-1c4f156d-9eaf-4b49-8568-95871673cd4d/debam/de_CS-3w-C.bam.all.bed.hmc, /data/cailab/flask_output/20240510003405-1c4f156d-9eaf-4b49-8568-95871673cd4d/debam/de_CS-3w-C.bam.all.bed.mc, /data/cailab/flask_output/20240510003405-1c4f156d-9eaf-4b49-8568-95871673cd4d/sp_bam/sp_CS-3w-C.bam, /data/cailab/flask_output/20240510003405-1c4f156d-9eaf-4b49-8568-95871673cd4d/sp_bam/sp_CS-3w-C.bam.all.bed.hmc, /data/cailab/flask_output/20240510003405-1c4f156d-9eaf-4b49-8568-95871673cd4d/sp_bam/sp_CS-3w-C.bam.all.bed.mc
    output: /data/cailab/flask_output/20240510003405-1c4f156d-9eaf-4b49-8568-95871673cd4d/final_log/CS-3w-C.log, /data/cailab/flask_output/20240510003405-1c4f156d-9eaf-4b49-8568-95871673cd4d/sp_bam/sp_CS-3w-C.bed
    jobid: 15
    reason: Missing output files: /data/cailab/flask_output/20240510003405-1c4f156d-9eaf-4b49-8568-95871673cd4d/final_log/CS-3w-C.log; Input files updated by another job: /data/cailab/flask_output/20240510003405-1c4f156d-9eaf-4b49-8568-95871673cd4d/sp_bam/sp_CS-3w-C.bam, /data/cailab/flask_output/20240510003405-1c4f156d-9eaf-4b49-8568-95871673cd4d/sp_bam/sp_CS-3w-C.bam.all.bed.mc, /data/cailab/flask_output/20240510003405-1c4f156d-9eaf-4b49-8568-95871673cd4d/debam/de_CS-3w-C.bam.all.bed.mc, /data/cailab/flask_output/20240510003405-1c4f156d-9eaf-4b49-8568-95871673cd4d/sp_bam/sp_CS-3w-C.bam.all.bed.hmc, /data/cailab/flask_output/20240510003405-1c4f156d-9eaf-4b49-8568-95871673cd4d/debam/de_CS-3w-C.bam.all.bed.hmc, /data/cailab/flask_output/20240510003405-1c4f156d-9eaf-4b49-8568-95871673cd4d/debam/de_CS-3w-C.bam, /data/cailab/flask_output/20240510003405-1c4f156d-9eaf-4b49-8568-95871673cd4d/trim/CS-3w-C.fq, /data/cailab/flask_output/20240510003405-1c4f156d-9eaf-4b49-8568-95871673cd4d/cover/de_CS-3w-C/genome_results.txt, /data/cailab/flask_output/20240510003405-1c4f156d-9eaf-4b49-8568-95871673cd4d/bam/CS-3w-C.bam, /data/cailab/flask_output/20240510003405-1c4f156d-9eaf-4b49-8568-95871673cd4d/trim/CS-3w-C.json
    wildcards: sample=CS-3w-C
    threads: 4
    resources: mem_mb=8000, mem_mib=7630, disk_mb=9857, disk_mib=9401, tmpdir=/data/cailab/flask_output/20240510003405-1c4f156d-9eaf-4b49-8568-95871673cd4d/temp_test

Activating conda environment: flask2024
[Fri May 10 01:23:32 2024]
Finished job 15.
20 of 21 steps (95%) done
Select jobs to execute...
Execute 1 jobs...

[Fri May 10 01:23:32 2024]
localrule all:
    input: /data/cailab/flask_output/20240510003405-1c4f156d-9eaf-4b49-8568-95871673cd4d/bam/CS-3w-C.bam, /data/cailab/flask_output/20240510003405-1c4f156d-9eaf-4b49-8568-95871673cd4d/bam/CS-3w-caC.bam, /data/cailab/flask_output/20240510003405-1c4f156d-9eaf-4b49-8568-95871673cd4d/bam/CS-3w-C.bam.all.bed.hmc, /data/cailab/flask_output/20240510003405-1c4f156d-9eaf-4b49-8568-95871673cd4d/bam/CS-3w-caC.bam.all.bed.hmc, /data/cailab/flask_output/20240510003405-1c4f156d-9eaf-4b49-8568-95871673cd4d/debam/de_CS-3w-C.bam.all.bed.hmc, /data/cailab/flask_output/20240510003405-1c4f156d-9eaf-4b49-8568-95871673cd4d/debam/de_CS-3w-caC.bam.all.bed.hmc, /data/cailab/flask_output/20240510003405-1c4f156d-9eaf-4b49-8568-95871673cd4d/cover/de_CS-3w-C/genome_results.txt, /data/cailab/flask_output/20240510003405-1c4f156d-9eaf-4b49-8568-95871673cd4d/cover/de_CS-3w-caC/genome_results.txt, /data/cailab/flask_output/20240510003405-1c4f156d-9eaf-4b49-8568-95871673cd4d/final_log/CS-3w-C.log, /data/cailab/flask_output/20240510003405-1c4f156d-9eaf-4b49-8568-95871673cd4d/final_log/CS-3w-caC.log, /data/cailab/flask_output/20240510003405-1c4f156d-9eaf-4b49-8568-95871673cd4d/sp_bam/sp_CS-3w-C.bam.all.bed.hmc, /data/cailab/flask_output/20240510003405-1c4f156d-9eaf-4b49-8568-95871673cd4d/sp_bam/sp_CS-3w-caC.bam.all.bed.hmc
    jobid: 0
    reason: Input files updated by another job: /data/cailab/flask_output/20240510003405-1c4f156d-9eaf-4b49-8568-95871673cd4d/final_log/CS-3w-C.log, /data/cailab/flask_output/20240510003405-1c4f156d-9eaf-4b49-8568-95871673cd4d/sp_bam/sp_CS-3w-C.bam.all.bed.hmc, /data/cailab/flask_output/20240510003405-1c4f156d-9eaf-4b49-8568-95871673cd4d/sp_bam/sp_CS-3w-caC.bam.all.bed.hmc, /data/cailab/flask_output/20240510003405-1c4f156d-9eaf-4b49-8568-95871673cd4d/final_log/CS-3w-caC.log, /data/cailab/flask_output/20240510003405-1c4f156d-9eaf-4b49-8568-95871673cd4d/bam/CS-3w-caC.bam, /data/cailab/flask_output/20240510003405-1c4f156d-9eaf-4b49-8568-95871673cd4d/debam/de_CS-3w-C.bam.all.bed.hmc, /data/cailab/flask_output/20240510003405-1c4f156d-9eaf-4b49-8568-95871673cd4d/bam/CS-3w-C.bam, /data/cailab/flask_output/20240510003405-1c4f156d-9eaf-4b49-8568-95871673cd4d/debam/de_CS-3w-caC.bam.all.bed.hmc, /data/cailab/flask_output/20240510003405-1c4f156d-9eaf-4b49-8568-95871673cd4d/cover/de_CS-3w-C/genome_results.txt, /data/cailab/flask_output/20240510003405-1c4f156d-9eaf-4b49-8568-95871673cd4d/bam/CS-3w-C.bam.all.bed.hmc, /data/cailab/flask_output/20240510003405-1c4f156d-9eaf-4b49-8568-95871673cd4d/cover/de_CS-3w-caC/genome_results.txt, /data/cailab/flask_output/20240510003405-1c4f156d-9eaf-4b49-8568-95871673cd4d/bam/CS-3w-caC.bam.all.bed.hmc
    resources: mem_mb=8000, mem_mib=7630, disk_mb=14167, disk_mib=13511, tmpdir=/data/cailab/flask_output/20240510003405-1c4f156d-9eaf-4b49-8568-95871673cd4d/temp_test

[Fri May 10 01:23:32 2024]
Finished job 0.
21 of 21 steps (100%) done
Complete log: .snakemake/log/2024-05-10T003419.091967.snakemake.log
