Building DAG of jobs...
Using shell: /usr/bin/bash
Provided cores: 20
Rules claiming more threads will be scaled down.
Job stats:
job               count
--------------  -------
all                   1
bowtie2_se            2
fastp_se              2
get_log               2
mark_duplicate        2
qualimap_bamqc        2
sp_bowtie2_se         2
total                13

Select jobs to execute...
Execute 2 jobs...

[Wed May 15 19:21:36 2024]
localrule fastp_se:
    input: /data/cailab/temp/fastq/1w_1.fq.gz
    output: /data/cailab/flask_output/20240515192119-68b28c1b-6955-4a9e-b195-ae898d9b138f/trim/trim_1w_1_single.fq.gz, /data/cailab/flask_output/20240515192119-68b28c1b-6955-4a9e-b195-ae898d9b138f/trim/1w_1_single.json, /data/cailab/flask_output/20240515192119-68b28c1b-6955-4a9e-b195-ae898d9b138f/trim/1w_1_single.html
    log: /data/cailab/flask_output/20240515192119-68b28c1b-6955-4a9e-b195-ae898d9b138f/logs/fastp/1w_1.log
    jobid: 2
    reason: Missing output files: /data/cailab/flask_output/20240515192119-68b28c1b-6955-4a9e-b195-ae898d9b138f/trim/1w_1_single.json, /data/cailab/flask_output/20240515192119-68b28c1b-6955-4a9e-b195-ae898d9b138f/trim/trim_1w_1_single.fq.gz
    wildcards: sample=1w_1
    threads: 2
    resources: mem_mb=1000, mem_mib=954, disk_mb=1000, disk_mib=954, tmpdir=/data/cailab/flask_output/20240515192119-68b28c1b-6955-4a9e-b195-ae898d9b138f/temp_test

Activating conda environment: flask2024

[Wed May 15 19:21:37 2024]
localrule fastp_se:
    input: /data/cailab/temp/fastq/1w_2.fq.gz
    output: /data/cailab/flask_output/20240515192119-68b28c1b-6955-4a9e-b195-ae898d9b138f/trim/trim_1w_2_single.fq.gz, /data/cailab/flask_output/20240515192119-68b28c1b-6955-4a9e-b195-ae898d9b138f/trim/1w_2_single.json, /data/cailab/flask_output/20240515192119-68b28c1b-6955-4a9e-b195-ae898d9b138f/trim/1w_2_single.html
    log: /data/cailab/flask_output/20240515192119-68b28c1b-6955-4a9e-b195-ae898d9b138f/logs/fastp/1w_2.log
    jobid: 4
    reason: Missing output files: /data/cailab/flask_output/20240515192119-68b28c1b-6955-4a9e-b195-ae898d9b138f/trim/1w_2_single.json, /data/cailab/flask_output/20240515192119-68b28c1b-6955-4a9e-b195-ae898d9b138f/trim/trim_1w_2_single.fq.gz
    wildcards: sample=1w_2
    threads: 2
    resources: mem_mb=1000, mem_mib=954, disk_mb=1000, disk_mib=954, tmpdir=/data/cailab/flask_output/20240515192119-68b28c1b-6955-4a9e-b195-ae898d9b138f/temp_test

Activating conda environment: flask2024
[Wed May 15 19:21:42 2024]
Finished job 2.
1 of 13 steps (8%) done
Select jobs to execute...
Execute 1 jobs...

[Wed May 15 19:21:42 2024]
localrule bowtie2_se:
    input: /data/cailab/flask_output/20240515192119-68b28c1b-6955-4a9e-b195-ae898d9b138f/trim/trim_1w_1_single.fq.gz
    output: /data/cailab/flask_output/20240515192119-68b28c1b-6955-4a9e-b195-ae898d9b138f/bam/1w_1_single.bam
    log: /data/cailab/flask_output/20240515192119-68b28c1b-6955-4a9e-b195-ae898d9b138f/logs/bowtie2/1w_1.log
    jobid: 1
    reason: Missing output files: /data/cailab/flask_output/20240515192119-68b28c1b-6955-4a9e-b195-ae898d9b138f/bam/1w_1_single.bam; Input files updated by another job: /data/cailab/flask_output/20240515192119-68b28c1b-6955-4a9e-b195-ae898d9b138f/trim/trim_1w_1_single.fq.gz
    wildcards: sample=1w_1
    threads: 10
    resources: mem_mb=1000, mem_mib=954, disk_mb=1000, disk_mib=954, tmpdir=/data/cailab/flask_output/20240515192119-68b28c1b-6955-4a9e-b195-ae898d9b138f/temp_test

[Wed May 15 19:21:42 2024]
Finished job 4.
2 of 13 steps (15%) done
Select jobs to execute...
Execute 1 jobs...

[Wed May 15 19:21:42 2024]
localrule sp_bowtie2_se:
    input: /data/cailab/flask_output/20240515192119-68b28c1b-6955-4a9e-b195-ae898d9b138f/trim/trim_1w_2_single.fq.gz
    output: /data/cailab/flask_output/20240515192119-68b28c1b-6955-4a9e-b195-ae898d9b138f/sp_bam/sp_1w_2_single.bam, /data/cailab/flask_output/20240515192119-68b28c1b-6955-4a9e-b195-ae898d9b138f/sp_bam/sp_1w_2.bed
    log: /data/cailab/flask_output/20240515192119-68b28c1b-6955-4a9e-b195-ae898d9b138f/logs/sp_bowtie2/sp_1w_2.log
    jobid: 12
    reason: Missing output files: /data/cailab/flask_output/20240515192119-68b28c1b-6955-4a9e-b195-ae898d9b138f/sp_bam/sp_1w_2.bed; Input files updated by another job: /data/cailab/flask_output/20240515192119-68b28c1b-6955-4a9e-b195-ae898d9b138f/trim/trim_1w_2_single.fq.gz
    wildcards: sample=1w_2
    threads: 10
    resources: mem_mb=1000, mem_mib=954, disk_mb=1000, disk_mib=954, tmpdir=/data/cailab/flask_output/20240515192119-68b28c1b-6955-4a9e-b195-ae898d9b138f/temp_test

[Wed May 15 19:21:43 2024]
Finished job 12.
3 of 13 steps (23%) done
Select jobs to execute...
Execute 1 jobs...

[Wed May 15 19:21:43 2024]
localrule bowtie2_se:
    input: /data/cailab/flask_output/20240515192119-68b28c1b-6955-4a9e-b195-ae898d9b138f/trim/trim_1w_2_single.fq.gz
    output: /data/cailab/flask_output/20240515192119-68b28c1b-6955-4a9e-b195-ae898d9b138f/bam/1w_2_single.bam
    log: /data/cailab/flask_output/20240515192119-68b28c1b-6955-4a9e-b195-ae898d9b138f/logs/bowtie2/1w_2.log
    jobid: 3
    reason: Missing output files: /data/cailab/flask_output/20240515192119-68b28c1b-6955-4a9e-b195-ae898d9b138f/bam/1w_2_single.bam; Input files updated by another job: /data/cailab/flask_output/20240515192119-68b28c1b-6955-4a9e-b195-ae898d9b138f/trim/trim_1w_2_single.fq.gz
    wildcards: sample=1w_2
    threads: 10
    resources: mem_mb=1000, mem_mib=954, disk_mb=1000, disk_mib=954, tmpdir=/data/cailab/flask_output/20240515192119-68b28c1b-6955-4a9e-b195-ae898d9b138f/temp_test

[Wed May 15 19:21:47 2024]
Finished job 1.
4 of 13 steps (31%) done
Select jobs to execute...
Execute 1 jobs...

[Wed May 15 19:21:47 2024]
localrule mark_duplicate:
    input: /data/cailab/flask_output/20240515192119-68b28c1b-6955-4a9e-b195-ae898d9b138f/bam/1w_1_single.bam
    output: /data/cailab/flask_output/20240515192119-68b28c1b-6955-4a9e-b195-ae898d9b138f/debam/1w_1_dedup.bam
    log: /data/cailab/flask_output/20240515192119-68b28c1b-6955-4a9e-b195-ae898d9b138f/logs/duplication/1w_1.log
    jobid: 5
    reason: Missing output files: /data/cailab/flask_output/20240515192119-68b28c1b-6955-4a9e-b195-ae898d9b138f/debam/1w_1_dedup.bam; Input files updated by another job: /data/cailab/flask_output/20240515192119-68b28c1b-6955-4a9e-b195-ae898d9b138f/bam/1w_1_single.bam
    wildcards: sample=1w_1
    threads: 4
    resources: mem_mb=1000, mem_mib=954, disk_mb=1000, disk_mib=954, tmpdir=/data/cailab/flask_output/20240515192119-68b28c1b-6955-4a9e-b195-ae898d9b138f/temp_test

[Wed May 15 19:21:47 2024]
Error in rule mark_duplicate:
    jobid: 5
    input: /data/cailab/flask_output/20240515192119-68b28c1b-6955-4a9e-b195-ae898d9b138f/bam/1w_1_single.bam
    output: /data/cailab/flask_output/20240515192119-68b28c1b-6955-4a9e-b195-ae898d9b138f/debam/1w_1_dedup.bam
    log: /data/cailab/flask_output/20240515192119-68b28c1b-6955-4a9e-b195-ae898d9b138f/logs/duplication/1w_1.log (check log file(s) for error details)
    shell:
        
        (/usr/bin/java -jar /data/biosoft/soft2024/picard/picard.jar MarkDuplicatesWithMateCigar --REMOVE_DUPLICATES --MINIMUM_DISTANCE 50-I /data/cailab/flask_output/20240515192119-68b28c1b-6955-4a9e-b195-ae898d9b138f/bam/1w_1_single.bam -O /data/cailab/flask_output/20240515192119-68b28c1b-6955-4a9e-b195-ae898d9b138f/debam/1w_1_dedup.bam -M /data/cailab/flask_output/20240515192119-68b28c1b-6955-4a9e-b195-ae898d9b138f/debam/1w_1.txt) 2> /data/cailab/flask_output/20240515192119-68b28c1b-6955-4a9e-b195-ae898d9b138f/logs/duplication/1w_1.log
        samtools index /data/cailab/flask_output/20240515192119-68b28c1b-6955-4a9e-b195-ae898d9b138f/debam/1w_1_dedup.bam        
        
        (one of the commands exited with non-zero exit code; note that snakemake uses bash strict mode!)

[Wed May 15 19:21:48 2024]
Finished job 3.
5 of 13 steps (38%) done
Shutting down, this might take some time.
Exiting because a job execution failed. Look above for error message
Complete log: .snakemake/log/2024-05-15T192136.591228.snakemake.log
WorkflowError:
At least one job did not complete successfully.
