Building DAG of jobs...
Using shell: /usr/bin/bash
Provided cores: 20
Rules claiming more threads will be scaled down.
Job stats:
job                  count
-----------------  -------
all                      1
bowtie2_se               1
bowtie2_se_sp            1
de_extract_mc_hmc        1
extract_mc_hmc           1
extract_mc_hmc_sp        1
fastp_pe                 1
get_log                  1
hairpin_cut              1
mark_duplicate           1
qualimap_bamqc           1
total                   11

Select jobs to execute...
Execute 1 jobs...

[Tue May 14 22:01:58 2024]
localrule fastp_pe:
    input: /data/cailab/fastq/a1_1.fq.gz, /data/cailab/fastq/a1_2.fq.gz
    output: /data/cailab/flask_output/20240514215828-5e35844e-51b1-442f-8746-e939d0d853b2/trim/trim_a1_1.fq.gz, /data/cailab/flask_output/20240514215828-5e35844e-51b1-442f-8746-e939d0d853b2/trim/trim_a1_2.fq.gz, /data/cailab/flask_output/20240514215828-5e35844e-51b1-442f-8746-e939d0d853b2/trim/a1.json, /data/cailab/flask_output/20240514215828-5e35844e-51b1-442f-8746-e939d0d853b2/trim/a1.html
    log: /data/cailab/flask_output/20240514215828-5e35844e-51b1-442f-8746-e939d0d853b2/logs/fastp/a1.log
    jobid: 3
    reason: Missing output files: /data/cailab/flask_output/20240514215828-5e35844e-51b1-442f-8746-e939d0d853b2/trim/trim_a1_2.fq.gz, /data/cailab/flask_output/20240514215828-5e35844e-51b1-442f-8746-e939d0d853b2/trim/a1.json, /data/cailab/flask_output/20240514215828-5e35844e-51b1-442f-8746-e939d0d853b2/trim/trim_a1_1.fq.gz
    wildcards: sample=a1
    threads: 2
    resources: mem_mb=1000, mem_mib=954, disk_mb=1000, disk_mib=954, tmpdir=/data/cailab/flask_output/20240514215828-5e35844e-51b1-442f-8746-e939d0d853b2/temp_test

Activating conda environment: flask2024
[Tue May 14 22:02:32 2024]
Finished job 3.
1 of 11 steps (9%) done
Select jobs to execute...
Execute 1 jobs...

[Tue May 14 22:02:32 2024]
localrule hairpin_cut:
    input: /data/cailab/flask_output/20240514215828-5e35844e-51b1-442f-8746-e939d0d853b2/trim/trim_a1_1.fq.gz, /data/cailab/flask_output/20240514215828-5e35844e-51b1-442f-8746-e939d0d853b2/trim/trim_a1_2.fq.gz
    output: /data/cailab/flask_output/20240514215828-5e35844e-51b1-442f-8746-e939d0d853b2/trim/a1.fq, /data/cailab/flask_output/20240514215828-5e35844e-51b1-442f-8746-e939d0d853b2/trim/a1_cut_f1.fq, /data/cailab/flask_output/20240514215828-5e35844e-51b1-442f-8746-e939d0d853b2/trim/a1_cut_f2.fq
    log: /data/cailab/flask_output/20240514215828-5e35844e-51b1-442f-8746-e939d0d853b2/logs/hairpin_cut/a1.log
    jobid: 2
    reason: Missing output files: /data/cailab/flask_output/20240514215828-5e35844e-51b1-442f-8746-e939d0d853b2/trim/a1.fq, /data/cailab/flask_output/20240514215828-5e35844e-51b1-442f-8746-e939d0d853b2/trim/a1_cut_f1.fq; Input files updated by another job: /data/cailab/flask_output/20240514215828-5e35844e-51b1-442f-8746-e939d0d853b2/trim/trim_a1_2.fq.gz, /data/cailab/flask_output/20240514215828-5e35844e-51b1-442f-8746-e939d0d853b2/trim/trim_a1_1.fq.gz
    wildcards: sample=a1
    threads: 20
    resources: mem_mb=1000, mem_mib=954, disk_mb=1000, disk_mib=954, tmpdir=/data/cailab/flask_output/20240514215828-5e35844e-51b1-442f-8746-e939d0d853b2/temp_test

Activating conda environment: flask2024
[Tue May 14 22:03:12 2024]
Finished job 2.
2 of 11 steps (18%) done
Select jobs to execute...
Execute 2 jobs...

[Tue May 14 22:03:12 2024]
localrule bowtie2_se_sp:
    input: /data/cailab/flask_output/20240514215828-5e35844e-51b1-442f-8746-e939d0d853b2/trim/a1.fq
    output: /data/cailab/flask_output/20240514215828-5e35844e-51b1-442f-8746-e939d0d853b2/sp_bam/sp_a1.bam
    log: /data/cailab/flask_output/20240514215828-5e35844e-51b1-442f-8746-e939d0d853b2/logs/bowtie2/a1.log
    jobid: 9
    reason: Missing output files: /data/cailab/flask_output/20240514215828-5e35844e-51b1-442f-8746-e939d0d853b2/sp_bam/sp_a1.bam; Input files updated by another job: /data/cailab/flask_output/20240514215828-5e35844e-51b1-442f-8746-e939d0d853b2/trim/a1.fq
    wildcards: sample=a1
    threads: 10
    resources: mem_mb=1000, mem_mib=954, disk_mb=1000, disk_mib=954, tmpdir=/data/cailab/flask_output/20240514215828-5e35844e-51b1-442f-8746-e939d0d853b2/temp_test


[Tue May 14 22:03:12 2024]
localrule bowtie2_se:
    input: /data/cailab/flask_output/20240514215828-5e35844e-51b1-442f-8746-e939d0d853b2/trim/a1.fq
    output: /data/cailab/flask_output/20240514215828-5e35844e-51b1-442f-8746-e939d0d853b2/bam/a1.bam
    log: /data/cailab/flask_output/20240514215828-5e35844e-51b1-442f-8746-e939d0d853b2/logs/bowtie2/a1.log
    jobid: 1
    reason: Missing output files: /data/cailab/flask_output/20240514215828-5e35844e-51b1-442f-8746-e939d0d853b2/bam/a1.bam; Input files updated by another job: /data/cailab/flask_output/20240514215828-5e35844e-51b1-442f-8746-e939d0d853b2/trim/a1.fq
    wildcards: sample=a1
    threads: 10
    resources: mem_mb=1000, mem_mib=954, disk_mb=1000, disk_mib=954, tmpdir=/data/cailab/flask_output/20240514215828-5e35844e-51b1-442f-8746-e939d0d853b2/temp_test

[Tue May 14 22:03:21 2024]
Finished job 9.
3 of 11 steps (27%) done
Select jobs to execute...
[Tue May 14 22:03:39 2024]
Finished job 1.
4 of 11 steps (36%) done
Execute 1 jobs...

[Tue May 14 22:03:39 2024]
localrule extract_mc_hmc:
    input: /data/cailab/flask_output/20240514215828-5e35844e-51b1-442f-8746-e939d0d853b2/bam/a1.bam, /data/cailab/flask_output/20240514215828-5e35844e-51b1-442f-8746-e939d0d853b2/trim/a1_cut_f1.fq
    output: /data/cailab/flask_output/20240514215828-5e35844e-51b1-442f-8746-e939d0d853b2/bam/a1.bam.all.bed.hmc, /data/cailab/flask_output/20240514215828-5e35844e-51b1-442f-8746-e939d0d853b2/bam/a1.bam.all.bed.mc
    log: /data/cailab/flask_output/20240514215828-5e35844e-51b1-442f-8746-e939d0d853b2/logs/extract_mc_hmc/a1.log
    jobid: 4
    reason: Missing output files: /data/cailab/flask_output/20240514215828-5e35844e-51b1-442f-8746-e939d0d853b2/bam/a1.bam.all.bed.hmc; Input files updated by another job: /data/cailab/flask_output/20240514215828-5e35844e-51b1-442f-8746-e939d0d853b2/trim/a1_cut_f1.fq, /data/cailab/flask_output/20240514215828-5e35844e-51b1-442f-8746-e939d0d853b2/bam/a1.bam
    wildcards: sample=a1
    threads: 20
    resources: mem_mb=1000, mem_mib=954, disk_mb=1000, disk_mib=954, tmpdir=/data/cailab/flask_output/20240514215828-5e35844e-51b1-442f-8746-e939d0d853b2/temp_test

[Tue May 14 22:04:54 2024]
Finished job 4.
5 of 11 steps (45%) done
Select jobs to execute...
Execute 1 jobs...

[Tue May 14 22:04:54 2024]
localrule extract_mc_hmc_sp:
    input: /data/cailab/flask_output/20240514215828-5e35844e-51b1-442f-8746-e939d0d853b2/sp_bam/sp_a1.bam, /data/cailab/flask_output/20240514215828-5e35844e-51b1-442f-8746-e939d0d853b2/trim/a1_cut_f1.fq
    output: /data/cailab/flask_output/20240514215828-5e35844e-51b1-442f-8746-e939d0d853b2/sp_bam/sp_a1.bam.all.bed.hmc, /data/cailab/flask_output/20240514215828-5e35844e-51b1-442f-8746-e939d0d853b2/sp_bam/sp_a1.bam.all.bed.mc
    log: /data/cailab/flask_output/20240514215828-5e35844e-51b1-442f-8746-e939d0d853b2/logs/extract_mc_hmc/a1.log
    jobid: 10
    reason: Missing output files: /data/cailab/flask_output/20240514215828-5e35844e-51b1-442f-8746-e939d0d853b2/sp_bam/sp_a1.bam.all.bed.hmc, /data/cailab/flask_output/20240514215828-5e35844e-51b1-442f-8746-e939d0d853b2/sp_bam/sp_a1.bam.all.bed.mc; Input files updated by another job: /data/cailab/flask_output/20240514215828-5e35844e-51b1-442f-8746-e939d0d853b2/trim/a1_cut_f1.fq, /data/cailab/flask_output/20240514215828-5e35844e-51b1-442f-8746-e939d0d853b2/sp_bam/sp_a1.bam
    wildcards: sample=a1
    threads: 20
    resources: mem_mb=1000, mem_mib=954, disk_mb=1000, disk_mib=954, tmpdir=/data/cailab/flask_output/20240514215828-5e35844e-51b1-442f-8746-e939d0d853b2/temp_test

[Tue May 14 22:04:57 2024]
Finished job 10.
6 of 11 steps (55%) done
Select jobs to execute...
Execute 1 jobs...

[Tue May 14 22:04:57 2024]
localrule mark_duplicate:
    input: /data/cailab/flask_output/20240514215828-5e35844e-51b1-442f-8746-e939d0d853b2/bam/a1.bam, /data/cailab/fastq/a1_1.fq.gz, /data/cailab/fastq/a1_2.fq.gz
    output: /data/cailab/flask_output/20240514215828-5e35844e-51b1-442f-8746-e939d0d853b2/debam/de_temp_a1.bam, /data/cailab/flask_output/20240514215828-5e35844e-51b1-442f-8746-e939d0d853b2/debam/de_a1.bam
    log: /data/cailab/flask_output/20240514215828-5e35844e-51b1-442f-8746-e939d0d853b2/logs/dedup/a1.log
    jobid: 6
    reason: Missing output files: /data/cailab/flask_output/20240514215828-5e35844e-51b1-442f-8746-e939d0d853b2/debam/de_a1.bam; Input files updated by another job: /data/cailab/flask_output/20240514215828-5e35844e-51b1-442f-8746-e939d0d853b2/bam/a1.bam
    wildcards: sample=a1
    threads: 10
    resources: mem_mb=1000, mem_mib=954, disk_mb=1000, disk_mib=954, tmpdir=/data/cailab/flask_output/20240514215828-5e35844e-51b1-442f-8746-e939d0d853b2/temp_test

[Tue May 14 22:05:19 2024]
Finished job 6.
7 of 11 steps (64%) done
Removing temporary output /data/cailab/flask_output/20240514215828-5e35844e-51b1-442f-8746-e939d0d853b2/debam/de_temp_a1.bam.
Select jobs to execute...
Execute 1 jobs...

[Tue May 14 22:05:19 2024]
localrule de_extract_mc_hmc:
    input: /data/cailab/flask_output/20240514215828-5e35844e-51b1-442f-8746-e939d0d853b2/debam/de_a1.bam, /data/cailab/flask_output/20240514215828-5e35844e-51b1-442f-8746-e939d0d853b2/trim/a1_cut_f1.fq
    output: /data/cailab/flask_output/20240514215828-5e35844e-51b1-442f-8746-e939d0d853b2/debam/de_a1.bam.all.bed.hmc, /data/cailab/flask_output/20240514215828-5e35844e-51b1-442f-8746-e939d0d853b2/debam/de_a1.bam.all.bed.mc
    log: /data/cailab/flask_output/20240514215828-5e35844e-51b1-442f-8746-e939d0d853b2/logs/de_extract_mc_hmc/a1.log
    jobid: 5
    reason: Missing output files: /data/cailab/flask_output/20240514215828-5e35844e-51b1-442f-8746-e939d0d853b2/debam/de_a1.bam.all.bed.hmc, /data/cailab/flask_output/20240514215828-5e35844e-51b1-442f-8746-e939d0d853b2/debam/de_a1.bam.all.bed.mc; Input files updated by another job: /data/cailab/flask_output/20240514215828-5e35844e-51b1-442f-8746-e939d0d853b2/debam/de_a1.bam, /data/cailab/flask_output/20240514215828-5e35844e-51b1-442f-8746-e939d0d853b2/trim/a1_cut_f1.fq
    wildcards: sample=a1
    threads: 20
    resources: mem_mb=1000, mem_mib=954, disk_mb=1000, disk_mib=954, tmpdir=/data/cailab/flask_output/20240514215828-5e35844e-51b1-442f-8746-e939d0d853b2/temp_test

[Tue May 14 22:06:32 2024]
Finished job 5.
8 of 11 steps (73%) done
Select jobs to execute...
Execute 1 jobs...

[Tue May 14 22:06:32 2024]
localrule qualimap_bamqc:
    input: /data/cailab/flask_output/20240514215828-5e35844e-51b1-442f-8746-e939d0d853b2/debam/de_a1.bam
    output: /data/cailab/flask_output/20240514215828-5e35844e-51b1-442f-8746-e939d0d853b2/cover/de_a1/genome_results.txt
    log: /data/cailab/flask_output/20240514215828-5e35844e-51b1-442f-8746-e939d0d853b2/logs/qualimap/de_a1.log
    jobid: 7
    reason: Missing output files: /data/cailab/flask_output/20240514215828-5e35844e-51b1-442f-8746-e939d0d853b2/cover/de_a1/genome_results.txt; Input files updated by another job: /data/cailab/flask_output/20240514215828-5e35844e-51b1-442f-8746-e939d0d853b2/debam/de_a1.bam
    wildcards: sample=a1
    threads: 10
    resources: mem_mb=1000, mem_mib=954, disk_mb=1000, disk_mib=954, tmpdir=/data/cailab/flask_output/20240514215828-5e35844e-51b1-442f-8746-e939d0d853b2/temp_test

[Tue May 14 22:06:59 2024]
Finished job 7.
9 of 11 steps (82%) done
Select jobs to execute...
Execute 1 jobs...

[Tue May 14 22:06:59 2024]
localrule get_log:
    input: /data/cailab/flask_output/20240514215828-5e35844e-51b1-442f-8746-e939d0d853b2/trim/a1.fq, /data/cailab/flask_output/20240514215828-5e35844e-51b1-442f-8746-e939d0d853b2/trim/a1.json, /data/cailab/flask_output/20240514215828-5e35844e-51b1-442f-8746-e939d0d853b2/cover/de_a1/genome_results.txt, /data/cailab/flask_output/20240514215828-5e35844e-51b1-442f-8746-e939d0d853b2/bam/a1.bam, /data/cailab/flask_output/20240514215828-5e35844e-51b1-442f-8746-e939d0d853b2/debam/de_a1.bam, /data/cailab/flask_output/20240514215828-5e35844e-51b1-442f-8746-e939d0d853b2/debam/de_a1.bam.all.bed.hmc, /data/cailab/flask_output/20240514215828-5e35844e-51b1-442f-8746-e939d0d853b2/debam/de_a1.bam.all.bed.mc, /data/cailab/flask_output/20240514215828-5e35844e-51b1-442f-8746-e939d0d853b2/sp_bam/sp_a1.bam, /data/cailab/flask_output/20240514215828-5e35844e-51b1-442f-8746-e939d0d853b2/sp_bam/sp_a1.bam.all.bed.hmc, /data/cailab/flask_output/20240514215828-5e35844e-51b1-442f-8746-e939d0d853b2/sp_bam/sp_a1.bam.all.bed.mc
    output: /data/cailab/flask_output/20240514215828-5e35844e-51b1-442f-8746-e939d0d853b2/final_log/a1.log, /data/cailab/flask_output/20240514215828-5e35844e-51b1-442f-8746-e939d0d853b2/sp_bam/sp_a1.bed
    jobid: 8
    reason: Missing output files: /data/cailab/flask_output/20240514215828-5e35844e-51b1-442f-8746-e939d0d853b2/final_log/a1.log; Input files updated by another job: /data/cailab/flask_output/20240514215828-5e35844e-51b1-442f-8746-e939d0d853b2/trim/a1.json, /data/cailab/flask_output/20240514215828-5e35844e-51b1-442f-8746-e939d0d853b2/trim/a1.fq, /data/cailab/flask_output/20240514215828-5e35844e-51b1-442f-8746-e939d0d853b2/debam/de_a1.bam.all.bed.mc, /data/cailab/flask_output/20240514215828-5e35844e-51b1-442f-8746-e939d0d853b2/debam/de_a1.bam, /data/cailab/flask_output/20240514215828-5e35844e-51b1-442f-8746-e939d0d853b2/bam/a1.bam, /data/cailab/flask_output/20240514215828-5e35844e-51b1-442f-8746-e939d0d853b2/debam/de_a1.bam.all.bed.hmc, /data/cailab/flask_output/20240514215828-5e35844e-51b1-442f-8746-e939d0d853b2/cover/de_a1/genome_results.txt, /data/cailab/flask_output/20240514215828-5e35844e-51b1-442f-8746-e939d0d853b2/sp_bam/sp_a1.bam, /data/cailab/flask_output/20240514215828-5e35844e-51b1-442f-8746-e939d0d853b2/sp_bam/sp_a1.bam.all.bed.hmc, /data/cailab/flask_output/20240514215828-5e35844e-51b1-442f-8746-e939d0d853b2/sp_bam/sp_a1.bam.all.bed.mc
    wildcards: sample=a1
    threads: 4
    resources: mem_mb=2022, mem_mib=1929, disk_mb=2022, disk_mib=1929, tmpdir=/data/cailab/flask_output/20240514215828-5e35844e-51b1-442f-8746-e939d0d853b2/temp_test

Activating conda environment: flask2024
[Tue May 14 22:07:19 2024]
Finished job 8.
10 of 11 steps (91%) done
Select jobs to execute...
Execute 1 jobs...

[Tue May 14 22:07:19 2024]
localrule all:
    input: /data/cailab/flask_output/20240514215828-5e35844e-51b1-442f-8746-e939d0d853b2/bam/a1.bam, /data/cailab/flask_output/20240514215828-5e35844e-51b1-442f-8746-e939d0d853b2/bam/a1.bam.all.bed.hmc, /data/cailab/flask_output/20240514215828-5e35844e-51b1-442f-8746-e939d0d853b2/debam/de_a1.bam.all.bed.hmc, /data/cailab/flask_output/20240514215828-5e35844e-51b1-442f-8746-e939d0d853b2/cover/de_a1/genome_results.txt, /data/cailab/flask_output/20240514215828-5e35844e-51b1-442f-8746-e939d0d853b2/final_log/a1.log, /data/cailab/flask_output/20240514215828-5e35844e-51b1-442f-8746-e939d0d853b2/sp_bam/sp_a1.bam.all.bed.hmc
    jobid: 0
    reason: Input files updated by another job: /data/cailab/flask_output/20240514215828-5e35844e-51b1-442f-8746-e939d0d853b2/final_log/a1.log, /data/cailab/flask_output/20240514215828-5e35844e-51b1-442f-8746-e939d0d853b2/bam/a1.bam.all.bed.hmc, /data/cailab/flask_output/20240514215828-5e35844e-51b1-442f-8746-e939d0d853b2/debam/de_a1.bam.all.bed.hmc, /data/cailab/flask_output/20240514215828-5e35844e-51b1-442f-8746-e939d0d853b2/cover/de_a1/genome_results.txt, /data/cailab/flask_output/20240514215828-5e35844e-51b1-442f-8746-e939d0d853b2/bam/a1.bam, /data/cailab/flask_output/20240514215828-5e35844e-51b1-442f-8746-e939d0d853b2/sp_bam/sp_a1.bam.all.bed.hmc
    resources: mem_mb=1644, mem_mib=1568, disk_mb=1644, disk_mib=1568, tmpdir=/data/cailab/flask_output/20240514215828-5e35844e-51b1-442f-8746-e939d0d853b2/temp_test

[Tue May 14 22:07:19 2024]
Finished job 0.
11 of 11 steps (100%) done
Complete log: .snakemake/log/2024-05-14T220158.475826.snakemake.log
