Building DAG of jobs...
Using shell: /usr/bin/bash
Provided cores: 20
Rules claiming more threads will be scaled down.
Job stats:
job                  count
-----------------  -------
all                      1
bowtie2_se               1
de_extract_mc_hmc        1
extract_mc_hmc           1
fastp_pe                 1
hairpin_cut              1
mark_duplicate           1
total                    7

Select jobs to execute...
Execute 1 jobs...

[Wed May  8 16:31:11 2024]
localrule fastp_pe:
    input: /data/cailab/temp/fastq/1w_1.fq.gz, /data/cailab/temp/fastq/1w_2.fq.gz
    output: /data/cailab/flask_output/20240508163101-cb7f5e9b-d257-43ec-91ff-7612e5621c6d/trim/trim_1w_1.fq.gz, /data/cailab/flask_output/20240508163101-cb7f5e9b-d257-43ec-91ff-7612e5621c6d/trim/trim_1w_2.fq.gz, /data/cailab/flask_output/20240508163101-cb7f5e9b-d257-43ec-91ff-7612e5621c6d/trim/1w.json, /data/cailab/flask_output/20240508163101-cb7f5e9b-d257-43ec-91ff-7612e5621c6d/trim/1w.html
    log: /data/cailab/flask_output/20240508163101-cb7f5e9b-d257-43ec-91ff-7612e5621c6d/logs/fastp/1w.log
    jobid: 3
    reason: Missing output files: /data/cailab/flask_output/20240508163101-cb7f5e9b-d257-43ec-91ff-7612e5621c6d/trim/trim_1w_1.fq.gz, /data/cailab/flask_output/20240508163101-cb7f5e9b-d257-43ec-91ff-7612e5621c6d/trim/trim_1w_2.fq.gz
    wildcards: sample=1w
    threads: 2
    resources: mem_mb=1000, mem_mib=954, disk_mb=1000, disk_mib=954, tmpdir=/data/cailab/flask_output/20240508163101-cb7f5e9b-d257-43ec-91ff-7612e5621c6d/temp_test

Activating conda environment: flask2024
[Wed May  8 16:31:18 2024]
Finished job 3.
1 of 7 steps (14%) done
Select jobs to execute...
Execute 1 jobs...

[Wed May  8 16:31:18 2024]
localrule hairpin_cut:
    input: /data/cailab/flask_output/20240508163101-cb7f5e9b-d257-43ec-91ff-7612e5621c6d/trim/trim_1w_1.fq.gz, /data/cailab/flask_output/20240508163101-cb7f5e9b-d257-43ec-91ff-7612e5621c6d/trim/trim_1w_2.fq.gz
    output: /data/cailab/flask_output/20240508163101-cb7f5e9b-d257-43ec-91ff-7612e5621c6d/trim/1w.fq, /data/cailab/flask_output/20240508163101-cb7f5e9b-d257-43ec-91ff-7612e5621c6d/trim/1w_cut_f1.fq, /data/cailab/flask_output/20240508163101-cb7f5e9b-d257-43ec-91ff-7612e5621c6d/trim/1w_cut_f2.fq
    log: /data/cailab/flask_output/20240508163101-cb7f5e9b-d257-43ec-91ff-7612e5621c6d/logs/hairpin_cut/1w.log
    jobid: 2
    reason: Missing output files: /data/cailab/flask_output/20240508163101-cb7f5e9b-d257-43ec-91ff-7612e5621c6d/trim/1w.fq, /data/cailab/flask_output/20240508163101-cb7f5e9b-d257-43ec-91ff-7612e5621c6d/trim/1w_cut_f1.fq; Input files updated by another job: /data/cailab/flask_output/20240508163101-cb7f5e9b-d257-43ec-91ff-7612e5621c6d/trim/trim_1w_1.fq.gz, /data/cailab/flask_output/20240508163101-cb7f5e9b-d257-43ec-91ff-7612e5621c6d/trim/trim_1w_2.fq.gz
    wildcards: sample=1w
    threads: 20
    resources: mem_mb=1000, mem_mib=954, disk_mb=1000, disk_mib=954, tmpdir=/data/cailab/flask_output/20240508163101-cb7f5e9b-d257-43ec-91ff-7612e5621c6d/temp_test

Activating conda environment: flask2024
[Wed May  8 16:31:19 2024]
Finished job 2.
2 of 7 steps (29%) done
Select jobs to execute...
Execute 1 jobs...

[Wed May  8 16:31:19 2024]
localrule bowtie2_se:
    input: /data/cailab/flask_output/20240508163101-cb7f5e9b-d257-43ec-91ff-7612e5621c6d/trim/1w.fq
    output: /data/cailab/flask_output/20240508163101-cb7f5e9b-d257-43ec-91ff-7612e5621c6d/bam/1w.bam
    log: /data/cailab/flask_output/20240508163101-cb7f5e9b-d257-43ec-91ff-7612e5621c6d/logs/bowtie2/1w.log
    jobid: 1
    reason: Missing output files: /data/cailab/flask_output/20240508163101-cb7f5e9b-d257-43ec-91ff-7612e5621c6d/bam/1w.bam; Input files updated by another job: /data/cailab/flask_output/20240508163101-cb7f5e9b-d257-43ec-91ff-7612e5621c6d/trim/1w.fq
    wildcards: sample=1w
    threads: 10
    resources: mem_mb=1000, mem_mib=954, disk_mb=1000, disk_mib=954, tmpdir=/data/cailab/flask_output/20240508163101-cb7f5e9b-d257-43ec-91ff-7612e5621c6d/temp_test

[Wed May  8 16:31:22 2024]
Finished job 1.
3 of 7 steps (43%) done
Select jobs to execute...
Execute 1 jobs...

[Wed May  8 16:31:22 2024]
localrule mark_duplicate:
    input: /data/cailab/flask_output/20240508163101-cb7f5e9b-d257-43ec-91ff-7612e5621c6d/bam/1w.bam, /data/cailab/temp/fastq/1w_1.fq.gz, /data/cailab/temp/fastq/1w_2.fq.gz
    output: /data/cailab/flask_output/20240508163101-cb7f5e9b-d257-43ec-91ff-7612e5621c6d/debam/de_temp_1w.bam, /data/cailab/flask_output/20240508163101-cb7f5e9b-d257-43ec-91ff-7612e5621c6d/debam/de_1w.bam
    log: logs/dedup/1w.log
    jobid: 6
    reason: Missing output files: /data/cailab/flask_output/20240508163101-cb7f5e9b-d257-43ec-91ff-7612e5621c6d/debam/de_1w.bam; Input files updated by another job: /data/cailab/flask_output/20240508163101-cb7f5e9b-d257-43ec-91ff-7612e5621c6d/bam/1w.bam
    wildcards: sample=1w
    threads: 10
    resources: mem_mb=1000, mem_mib=954, disk_mb=1000, disk_mib=954, tmpdir=/data/cailab/flask_output/20240508163101-cb7f5e9b-d257-43ec-91ff-7612e5621c6d/temp_test

RuleException in rule mark_duplicate in file /data/cailab/flask_snk/CS.py, line 110:
AttributeError: 'OutputFiles' object has no attribute 'temp', when formatting the following:

        (python3 ref/remove_dup.py --input {input.bam} --output {output.temp_bam} --fq1 {input.fq1} --fq2 {input.fq2} ) 2> {log}
        samtools sort {output.temp} > {output.bam}
        samtools index {output.bam}
        
