Building DAG of jobs...
Using shell: /usr/bin/bash
Provided cores: 20
Rules claiming more threads will be scaled down.
Job stats:
job               count
--------------  -------
all                   1
bowtie2_pe            1
fastp_pe              1
get_log               1
mark_duplicate        1
qualimap_bamqc        1
sp_bowtie2_pe         1
total                 7

Select jobs to execute...
Execute 1 jobs...

[Wed May 15 19:46:42 2024]
localrule fastp_pe:
    input: /data/cailab/temp/fastq/1w_1.fq.gz, /data/cailab/temp/fastq/1w_2.fq.gz
    output: /data/cailab/flask_output/20240515194635-88ff6caa-5e3a-40e8-b838-c34059c9665c/trim/trim_1w_1.fq.gz, /data/cailab/flask_output/20240515194635-88ff6caa-5e3a-40e8-b838-c34059c9665c/trim/trim_1w_2.fq.gz, /data/cailab/flask_output/20240515194635-88ff6caa-5e3a-40e8-b838-c34059c9665c/trim/1w_pair.json, /data/cailab/flask_output/20240515194635-88ff6caa-5e3a-40e8-b838-c34059c9665c/trim/1w_pair.html
    log: /data/cailab/flask_output/20240515194635-88ff6caa-5e3a-40e8-b838-c34059c9665c/logs/fastp/1w.log
    jobid: 2
    reason: Missing output files: /data/cailab/flask_output/20240515194635-88ff6caa-5e3a-40e8-b838-c34059c9665c/trim/trim_1w_2.fq.gz, /data/cailab/flask_output/20240515194635-88ff6caa-5e3a-40e8-b838-c34059c9665c/trim/1w_pair.json, /data/cailab/flask_output/20240515194635-88ff6caa-5e3a-40e8-b838-c34059c9665c/trim/trim_1w_1.fq.gz
    wildcards: sample=1w
    threads: 3
    resources: mem_mb=1000, mem_mib=954, disk_mb=1000, disk_mib=954, tmpdir=/data/cailab/flask_output/20240515194635-88ff6caa-5e3a-40e8-b838-c34059c9665c/temp_test

Activating conda environment: flask2024
[Wed May 15 19:46:47 2024]
Finished job 2.
1 of 7 steps (14%) done
Select jobs to execute...
Execute 2 jobs...

[Wed May 15 19:46:47 2024]
localrule sp_bowtie2_pe:
    input: /data/cailab/flask_output/20240515194635-88ff6caa-5e3a-40e8-b838-c34059c9665c/trim/trim_1w_1.fq.gz, /data/cailab/flask_output/20240515194635-88ff6caa-5e3a-40e8-b838-c34059c9665c/trim/trim_1w_2.fq.gz
    output: /data/cailab/flask_output/20240515194635-88ff6caa-5e3a-40e8-b838-c34059c9665c/sp_bam/sp_1w_pair.bam, /data/cailab/flask_output/20240515194635-88ff6caa-5e3a-40e8-b838-c34059c9665c/sp_bam/sp_1w.bed
    log: /data/cailab/flask_output/20240515194635-88ff6caa-5e3a-40e8-b838-c34059c9665c/logs/sp_bowtie2/sp_1w.log
    jobid: 6
    reason: Missing output files: /data/cailab/flask_output/20240515194635-88ff6caa-5e3a-40e8-b838-c34059c9665c/sp_bam/sp_1w.bed; Input files updated by another job: /data/cailab/flask_output/20240515194635-88ff6caa-5e3a-40e8-b838-c34059c9665c/trim/trim_1w_2.fq.gz, /data/cailab/flask_output/20240515194635-88ff6caa-5e3a-40e8-b838-c34059c9665c/trim/trim_1w_1.fq.gz
    wildcards: sample=1w
    threads: 10
    resources: mem_mb=1000, mem_mib=954, disk_mb=1000, disk_mib=954, tmpdir=/data/cailab/flask_output/20240515194635-88ff6caa-5e3a-40e8-b838-c34059c9665c/temp_test


[Wed May 15 19:46:47 2024]
localrule bowtie2_pe:
    input: /data/cailab/flask_output/20240515194635-88ff6caa-5e3a-40e8-b838-c34059c9665c/trim/trim_1w_1.fq.gz, /data/cailab/flask_output/20240515194635-88ff6caa-5e3a-40e8-b838-c34059c9665c/trim/trim_1w_2.fq.gz
    output: /data/cailab/flask_output/20240515194635-88ff6caa-5e3a-40e8-b838-c34059c9665c/bam/1w_pair.bam
    log: /data/cailab/flask_output/20240515194635-88ff6caa-5e3a-40e8-b838-c34059c9665c/logs/bowtie2/1w.log
    jobid: 1
    reason: Missing output files: /data/cailab/flask_output/20240515194635-88ff6caa-5e3a-40e8-b838-c34059c9665c/bam/1w_pair.bam; Input files updated by another job: /data/cailab/flask_output/20240515194635-88ff6caa-5e3a-40e8-b838-c34059c9665c/trim/trim_1w_2.fq.gz, /data/cailab/flask_output/20240515194635-88ff6caa-5e3a-40e8-b838-c34059c9665c/trim/trim_1w_1.fq.gz
    wildcards: sample=1w
    threads: 10
    resources: mem_mb=1000, mem_mib=954, disk_mb=1000, disk_mib=954, tmpdir=/data/cailab/flask_output/20240515194635-88ff6caa-5e3a-40e8-b838-c34059c9665c/temp_test

[Wed May 15 19:46:48 2024]
Finished job 6.
2 of 7 steps (29%) done
[Wed May 15 19:46:53 2024]
Finished job 1.
3 of 7 steps (43%) done
Select jobs to execute...
Execute 1 jobs...

[Wed May 15 19:46:53 2024]
localrule mark_duplicate:
    input: /data/cailab/flask_output/20240515194635-88ff6caa-5e3a-40e8-b838-c34059c9665c/bam/1w_pair.bam
    output: /data/cailab/flask_output/20240515194635-88ff6caa-5e3a-40e8-b838-c34059c9665c/debam/1w_dedup.bam
    log: /data/cailab/flask_output/20240515194635-88ff6caa-5e3a-40e8-b838-c34059c9665c/logs/duplication/1w.log
    jobid: 3
    reason: Missing output files: /data/cailab/flask_output/20240515194635-88ff6caa-5e3a-40e8-b838-c34059c9665c/debam/1w_dedup.bam; Input files updated by another job: /data/cailab/flask_output/20240515194635-88ff6caa-5e3a-40e8-b838-c34059c9665c/bam/1w_pair.bam
    wildcards: sample=1w
    threads: 4
    resources: mem_mb=1000, mem_mib=954, disk_mb=1000, disk_mib=954, tmpdir=/data/cailab/flask_output/20240515194635-88ff6caa-5e3a-40e8-b838-c34059c9665c/temp_test

[Wed May 15 19:46:55 2024]
Finished job 3.
4 of 7 steps (57%) done
Select jobs to execute...
Execute 1 jobs...

[Wed May 15 19:46:55 2024]
localrule qualimap_bamqc:
    input: /data/cailab/flask_output/20240515194635-88ff6caa-5e3a-40e8-b838-c34059c9665c/debam/1w_dedup.bam
    output: /data/cailab/flask_output/20240515194635-88ff6caa-5e3a-40e8-b838-c34059c9665c/cover/1w/genome_results.txt
    log: /data/cailab/flask_output/20240515194635-88ff6caa-5e3a-40e8-b838-c34059c9665c/logs/qualimap/1w.log
    jobid: 4
    reason: Missing output files: /data/cailab/flask_output/20240515194635-88ff6caa-5e3a-40e8-b838-c34059c9665c/cover/1w/genome_results.txt; Input files updated by another job: /data/cailab/flask_output/20240515194635-88ff6caa-5e3a-40e8-b838-c34059c9665c/debam/1w_dedup.bam
    wildcards: sample=1w
    threads: 10
    resources: mem_mb=1000, mem_mib=954, disk_mb=1000, disk_mib=954, tmpdir=/data/cailab/flask_output/20240515194635-88ff6caa-5e3a-40e8-b838-c34059c9665c/temp_test

[Wed May 15 19:47:16 2024]
Finished job 4.
5 of 7 steps (71%) done
Select jobs to execute...
Execute 1 jobs...

[Wed May 15 19:47:16 2024]
localrule get_log:
    input: /data/cailab/flask_output/20240515194635-88ff6caa-5e3a-40e8-b838-c34059c9665c/trim/1w_pair.json, /data/cailab/flask_output/20240515194635-88ff6caa-5e3a-40e8-b838-c34059c9665c/cover/1w/genome_results.txt, /data/cailab/flask_output/20240515194635-88ff6caa-5e3a-40e8-b838-c34059c9665c/bam/1w_pair.bam, /data/cailab/flask_output/20240515194635-88ff6caa-5e3a-40e8-b838-c34059c9665c/debam/1w_dedup.bam, /data/cailab/flask_output/20240515194635-88ff6caa-5e3a-40e8-b838-c34059c9665c/sp_bam/sp_1w.bed
    output: /data/cailab/flask_output/20240515194635-88ff6caa-5e3a-40e8-b838-c34059c9665c/final_log/1w.log
    jobid: 5
    reason: Missing output files: /data/cailab/flask_output/20240515194635-88ff6caa-5e3a-40e8-b838-c34059c9665c/final_log/1w.log; Input files updated by another job: /data/cailab/flask_output/20240515194635-88ff6caa-5e3a-40e8-b838-c34059c9665c/cover/1w/genome_results.txt, /data/cailab/flask_output/20240515194635-88ff6caa-5e3a-40e8-b838-c34059c9665c/bam/1w_pair.bam, /data/cailab/flask_output/20240515194635-88ff6caa-5e3a-40e8-b838-c34059c9665c/debam/1w_dedup.bam, /data/cailab/flask_output/20240515194635-88ff6caa-5e3a-40e8-b838-c34059c9665c/sp_bam/sp_1w.bed, /data/cailab/flask_output/20240515194635-88ff6caa-5e3a-40e8-b838-c34059c9665c/trim/1w_pair.json
    wildcards: sample=1w
    threads: 4
    resources: mem_mb=1000, mem_mib=954, disk_mb=1000, disk_mib=954, tmpdir=/data/cailab/flask_output/20240515194635-88ff6caa-5e3a-40e8-b838-c34059c9665c/temp_test

Activating conda environment: flask2024
[Wed May 15 19:47:16 2024]
Finished job 5.
6 of 7 steps (86%) done
Select jobs to execute...
Execute 1 jobs...

[Wed May 15 19:47:16 2024]
localrule all:
    input: /data/cailab/flask_output/20240515194635-88ff6caa-5e3a-40e8-b838-c34059c9665c/bam/1w_pair.bam, /data/cailab/flask_output/20240515194635-88ff6caa-5e3a-40e8-b838-c34059c9665c/debam/1w_dedup.bam, /data/cailab/flask_output/20240515194635-88ff6caa-5e3a-40e8-b838-c34059c9665c/cover/1w/genome_results.txt, /data/cailab/flask_output/20240515194635-88ff6caa-5e3a-40e8-b838-c34059c9665c/final_log/1w.log
    jobid: 0
    reason: Input files updated by another job: /data/cailab/flask_output/20240515194635-88ff6caa-5e3a-40e8-b838-c34059c9665c/cover/1w/genome_results.txt, /data/cailab/flask_output/20240515194635-88ff6caa-5e3a-40e8-b838-c34059c9665c/bam/1w_pair.bam, /data/cailab/flask_output/20240515194635-88ff6caa-5e3a-40e8-b838-c34059c9665c/debam/1w_dedup.bam, /data/cailab/flask_output/20240515194635-88ff6caa-5e3a-40e8-b838-c34059c9665c/final_log/1w.log
    resources: mem_mb=1000, mem_mib=954, disk_mb=1000, disk_mib=954, tmpdir=/data/cailab/flask_output/20240515194635-88ff6caa-5e3a-40e8-b838-c34059c9665c/temp_test

[Wed May 15 19:47:16 2024]
Finished job 0.
7 of 7 steps (100%) done
Complete log: .snakemake/log/2024-05-15T194642.436691.snakemake.log
