Building DAG of jobs...
Using shell: /usr/bin/bash
Provided cores: 20
Rules claiming more threads will be scaled down.
Job stats:
job               count
--------------  -------
all                   1
bowtie2_pe            1
fastp_pe              1
get_log               1
mark_duplicate        1
qualimap_bamqc        1
total                 6

Select jobs to execute...
Execute 1 jobs...

[Wed May  8 21:24:30 2024]
localrule fastp_pe:
    input: /data/cailab/temp/fastq/1w_1.fq.gz, /data/cailab/temp/fastq/1w_2.fq.gz
    output: /data/cailab/flask_output/20240508212423-4724ecf8-0a0a-4520-8831-d680f556a339/trim/trim_1w_1.fq.gz, /data/cailab/flask_output/20240508212423-4724ecf8-0a0a-4520-8831-d680f556a339/trim/trim_1w_2.fq.gz, /data/cailab/flask_output/20240508212423-4724ecf8-0a0a-4520-8831-d680f556a339/trim/1w_pair.json, /data/cailab/flask_output/20240508212423-4724ecf8-0a0a-4520-8831-d680f556a339/trim/1w_pair.html
    log: /data/cailab/flask_output/20240508212423-4724ecf8-0a0a-4520-8831-d680f556a339/logs/fastp/1w.log
    jobid: 2
    reason: Missing output files: /data/cailab/flask_output/20240508212423-4724ecf8-0a0a-4520-8831-d680f556a339/trim/1w_pair.json, /data/cailab/flask_output/20240508212423-4724ecf8-0a0a-4520-8831-d680f556a339/trim/trim_1w_1.fq.gz, /data/cailab/flask_output/20240508212423-4724ecf8-0a0a-4520-8831-d680f556a339/trim/trim_1w_2.fq.gz
    wildcards: sample=1w
    threads: 2
    resources: mem_mb=1000, mem_mib=954, disk_mb=1000, disk_mib=954, tmpdir=/data/cailab/flask_output/20240508212423-4724ecf8-0a0a-4520-8831-d680f556a339/temp_test

Activating conda environment: flask2024
[Wed May  8 21:24:35 2024]
Finished job 2.
1 of 6 steps (17%) done
Select jobs to execute...
Execute 1 jobs...

[Wed May  8 21:24:35 2024]
localrule bowtie2_pe:
    input: /data/cailab/flask_output/20240508212423-4724ecf8-0a0a-4520-8831-d680f556a339/trim/trim_1w_1.fq.gz, /data/cailab/flask_output/20240508212423-4724ecf8-0a0a-4520-8831-d680f556a339/trim/trim_1w_2.fq.gz
    output: /data/cailab/flask_output/20240508212423-4724ecf8-0a0a-4520-8831-d680f556a339/bam/1w_pair.bam
    log: /data/cailab/flask_output/20240508212423-4724ecf8-0a0a-4520-8831-d680f556a339/logs/bowtie2/1w.log
    jobid: 1
    reason: Missing output files: /data/cailab/flask_output/20240508212423-4724ecf8-0a0a-4520-8831-d680f556a339/bam/1w_pair.bam; Input files updated by another job: /data/cailab/flask_output/20240508212423-4724ecf8-0a0a-4520-8831-d680f556a339/trim/trim_1w_1.fq.gz, /data/cailab/flask_output/20240508212423-4724ecf8-0a0a-4520-8831-d680f556a339/trim/trim_1w_2.fq.gz
    wildcards: sample=1w
    threads: 10
    resources: mem_mb=1000, mem_mib=954, disk_mb=1000, disk_mib=954, tmpdir=/data/cailab/flask_output/20240508212423-4724ecf8-0a0a-4520-8831-d680f556a339/temp_test

[Wed May  8 21:24:42 2024]
Finished job 1.
2 of 6 steps (33%) done
Select jobs to execute...
Execute 1 jobs...

[Wed May  8 21:24:42 2024]
localrule mark_duplicate:
    input: /data/cailab/flask_output/20240508212423-4724ecf8-0a0a-4520-8831-d680f556a339/bam/1w_pair.bam
    output: /data/cailab/flask_output/20240508212423-4724ecf8-0a0a-4520-8831-d680f556a339/debam/1w_dedup.bam
    log: /data/cailab/flask_output/20240508212423-4724ecf8-0a0a-4520-8831-d680f556a339/logs/duplication/1w.log
    jobid: 3
    reason: Missing output files: /data/cailab/flask_output/20240508212423-4724ecf8-0a0a-4520-8831-d680f556a339/debam/1w_dedup.bam; Input files updated by another job: /data/cailab/flask_output/20240508212423-4724ecf8-0a0a-4520-8831-d680f556a339/bam/1w_pair.bam
    wildcards: sample=1w
    threads: 4
    resources: mem_mb=1000, mem_mib=954, disk_mb=1000, disk_mib=954, tmpdir=/data/cailab/flask_output/20240508212423-4724ecf8-0a0a-4520-8831-d680f556a339/temp_test

[Wed May  8 21:24:43 2024]
Finished job 3.
3 of 6 steps (50%) done
Select jobs to execute...
Execute 1 jobs...

[Wed May  8 21:24:43 2024]
localrule qualimap_bamqc:
    input: /data/cailab/flask_output/20240508212423-4724ecf8-0a0a-4520-8831-d680f556a339/debam/1w_dedup.bam
    output: /data/cailab/flask_output/20240508212423-4724ecf8-0a0a-4520-8831-d680f556a339/cover/1w/genome_results.txt
    log: /data/cailab/flask_output/20240508212423-4724ecf8-0a0a-4520-8831-d680f556a339/logs/qualimap/1w.log
    jobid: 4
    reason: Missing output files: /data/cailab/flask_output/20240508212423-4724ecf8-0a0a-4520-8831-d680f556a339/cover/1w/genome_results.txt; Input files updated by another job: /data/cailab/flask_output/20240508212423-4724ecf8-0a0a-4520-8831-d680f556a339/debam/1w_dedup.bam
    wildcards: sample=1w
    threads: 10
    resources: mem_mb=1000, mem_mib=954, disk_mb=1000, disk_mib=954, tmpdir=/data/cailab/flask_output/20240508212423-4724ecf8-0a0a-4520-8831-d680f556a339/temp_test

[Wed May  8 21:25:00 2024]
Finished job 4.
4 of 6 steps (67%) done
Select jobs to execute...
Execute 1 jobs...

[Wed May  8 21:25:00 2024]
localrule get_log:
    input: /data/cailab/flask_output/20240508212423-4724ecf8-0a0a-4520-8831-d680f556a339/trim/1w_pair.json, /data/cailab/flask_output/20240508212423-4724ecf8-0a0a-4520-8831-d680f556a339/cover/1w/genome_results.txt, /data/cailab/flask_output/20240508212423-4724ecf8-0a0a-4520-8831-d680f556a339/bam/1w_pair.bam, /data/cailab/flask_output/20240508212423-4724ecf8-0a0a-4520-8831-d680f556a339/debam/1w_dedup.bam
    output: /data/cailab/flask_output/20240508212423-4724ecf8-0a0a-4520-8831-d680f556a339/final_log/1w.log
    jobid: 5
    reason: Missing output files: /data/cailab/flask_output/20240508212423-4724ecf8-0a0a-4520-8831-d680f556a339/final_log/1w.log; Input files updated by another job: /data/cailab/flask_output/20240508212423-4724ecf8-0a0a-4520-8831-d680f556a339/debam/1w_dedup.bam, /data/cailab/flask_output/20240508212423-4724ecf8-0a0a-4520-8831-d680f556a339/trim/1w_pair.json, /data/cailab/flask_output/20240508212423-4724ecf8-0a0a-4520-8831-d680f556a339/bam/1w_pair.bam, /data/cailab/flask_output/20240508212423-4724ecf8-0a0a-4520-8831-d680f556a339/cover/1w/genome_results.txt
    wildcards: sample=1w
    threads: 4
    resources: mem_mb=1000, mem_mib=954, disk_mb=1000, disk_mib=954, tmpdir=/data/cailab/flask_output/20240508212423-4724ecf8-0a0a-4520-8831-d680f556a339/temp_test

RuleException in rule get_log in file /data/cailab/flask_snk/WGS.py, line 140:
NameError: The name ' printf "%' is unknown in this context. Please make sure that you defined that variable. Also note that braces not used for variable access have to be escaped by repeating them, i.e. {{print $1}}, when formatting the following:

        name=$(echo {params.my_sample})
        raw_size=$(python3 {get_json} {input.json} summary,before_filtering,total_bases)
        raw_read_num=$(python3 {get_json} {input.json} summary,before_filtering,total_reads)
        dup_radio1=$(python3 {get_json} {input.json} duplication,rate)

        clean_read_num=$(samtools view -c {input.bam}) 
        de_read_num=$(samtools view -c {input.dedup_bam})
        map_read_num=$(samtools view -c -F 4 {input.bam})
        
        cover=$(sed -n 's/.*There is a \([0-9.]*\)\% of reference with a coverageData >= 1X.*/\1/p' {input.cover})
        ref_size=$(sed -n 's/.*number of bases = \([0-9,]*\) bp.*/\1/p' {input.cover} | tr -d ',')
        map_size=$(sed -n 's/.*number of mapped bases = \([0-9,]*\) bp.*/\1/p' {input.cover} | tr -d ',')

        gc=$(python3 {get_json} {input.json} summary,after_filtering,gc_content)
        q20=$(python3 {get_json} {input.json} summary,after_filtering,q20_rate)
        q30=$(python3 {get_json} {input.json} summary,after_filtering,q30_rate)
        chrm_num=$(samtools view -c {input.bam} chrM)



     
        [ "$(echo "$raw_read_num == 0" | bc)" -eq 1 ] && raw_read_num=100000000000
        [ "$(echo "$clean_read_num == 0" | bc)" -eq 1 ] && clean_read_num=100000000000
        [ "$(echo "$cover == 0" | bc)" -eq 1 ] && cover=100000000000
        [ "$(echo "$map_read_num == 0" | bc)" -eq 1 ] && map_read_num=100000000000
        ########################################
        sequence_size=$(echo "scale=4; $raw_size/1000000000" | bc)
        clean_read_ratio=$(echo "scale=2; $clean_read_num/$raw_read_num" | bc)
        duplication_rate=$(echo "scale=2; (($clean_read_num-$de_read_num)/$raw_read_num)+$dup_radio1" | bc)
        map_read_ratio=$(echo "scale=2; $map_read_num/$clean_read_num" | bc)
        average_depth=$(echo "scale=2; $map_size/($cover*$ref_size*0.01)" | bc)
        mit_ratio=$(echo "scale=4; $chrm_num/$map_read_num" | bc)

        gc_filter_ratio=$(awk "BEGIN { printf "%.2f", $gc }")
        q20_filter_ratio=$(awk "BEGIN { printf "%.2f", $q20 }")
        q30_filter_ratio=$(awk "BEGIN { printf "%.2f", $q30 }")


        echo -e "$name	$raw_size	$raw_read_num	$dup_radio1	$clean_read_num	$de_read_num	$map_read_num	$cover	$ref_size	$map_size	$gc	$q20	$q30	$chrm_num" > {output.log}

        echo -e "$name	$sequence_size	$clean_read_ratio	$duplication_rate	$map_read_ratio	$cover	$average_depth	$gc_filter_ratio	$mit_ratio	$q20_filter_ratio	$q30_filter_ratio	$raw_read_num" >> {output.log}
        
