Building DAG of jobs...
Using shell: /usr/bin/bash
Provided cores: 20
Rules claiming more threads will be scaled down.
Job stats:
job                  count
-----------------  -------
all                      1
bowtie2_se               1
bowtie2_se_sp            1
de_extract_mc_hmc        1
extract_mc_hmc           1
extract_mc_hmc_sp        1
fastp_pe                 1
get_log                  1
hairpin_cut              1
mark_duplicate           1
qualimap_bamqc           1
total                   11

Select jobs to execute...
Execute 1 jobs...

[Tue May 14 14:56:06 2024]
localrule fastp_pe:
    input: /data/cailab/fastq/CGS-16_1.fq.gz, /data/cailab/fastq/CGS-16_2.fq.gz
    output: /data/cailab/flask_output/20240514145549-b3ef9864-3054-4ea5-8ab4-d4eda388f0cb/trim/trim_CGS-16_1.fq.gz, /data/cailab/flask_output/20240514145549-b3ef9864-3054-4ea5-8ab4-d4eda388f0cb/trim/trim_CGS-16_2.fq.gz, /data/cailab/flask_output/20240514145549-b3ef9864-3054-4ea5-8ab4-d4eda388f0cb/trim/CGS-16.json, /data/cailab/flask_output/20240514145549-b3ef9864-3054-4ea5-8ab4-d4eda388f0cb/trim/CGS-16.html
    log: /data/cailab/flask_output/20240514145549-b3ef9864-3054-4ea5-8ab4-d4eda388f0cb/logs/fastp/CGS-16.log
    jobid: 3
    reason: Missing output files: /data/cailab/flask_output/20240514145549-b3ef9864-3054-4ea5-8ab4-d4eda388f0cb/trim/trim_CGS-16_2.fq.gz, /data/cailab/flask_output/20240514145549-b3ef9864-3054-4ea5-8ab4-d4eda388f0cb/trim/trim_CGS-16_1.fq.gz, /data/cailab/flask_output/20240514145549-b3ef9864-3054-4ea5-8ab4-d4eda388f0cb/trim/CGS-16.json
    wildcards: sample=CGS-16
    threads: 2
    resources: mem_mb=1000, mem_mib=954, disk_mb=1000, disk_mib=954, tmpdir=/data/cailab/flask_output/20240514145549-b3ef9864-3054-4ea5-8ab4-d4eda388f0cb/temp_test

Activating conda environment: flask2024
[Tue May 14 14:56:41 2024]
Finished job 3.
1 of 11 steps (9%) done
Select jobs to execute...
Execute 1 jobs...

[Tue May 14 14:56:41 2024]
localrule hairpin_cut:
    input: /data/cailab/flask_output/20240514145549-b3ef9864-3054-4ea5-8ab4-d4eda388f0cb/trim/trim_CGS-16_1.fq.gz, /data/cailab/flask_output/20240514145549-b3ef9864-3054-4ea5-8ab4-d4eda388f0cb/trim/trim_CGS-16_2.fq.gz
    output: /data/cailab/flask_output/20240514145549-b3ef9864-3054-4ea5-8ab4-d4eda388f0cb/trim/CGS-16.fq, /data/cailab/flask_output/20240514145549-b3ef9864-3054-4ea5-8ab4-d4eda388f0cb/trim/CGS-16_cut_f1.fq, /data/cailab/flask_output/20240514145549-b3ef9864-3054-4ea5-8ab4-d4eda388f0cb/trim/CGS-16_cut_f2.fq
    log: /data/cailab/flask_output/20240514145549-b3ef9864-3054-4ea5-8ab4-d4eda388f0cb/logs/hairpin_cut/CGS-16.log
    jobid: 2
    reason: Missing output files: /data/cailab/flask_output/20240514145549-b3ef9864-3054-4ea5-8ab4-d4eda388f0cb/trim/CGS-16_cut_f1.fq, /data/cailab/flask_output/20240514145549-b3ef9864-3054-4ea5-8ab4-d4eda388f0cb/trim/CGS-16.fq; Input files updated by another job: /data/cailab/flask_output/20240514145549-b3ef9864-3054-4ea5-8ab4-d4eda388f0cb/trim/trim_CGS-16_2.fq.gz, /data/cailab/flask_output/20240514145549-b3ef9864-3054-4ea5-8ab4-d4eda388f0cb/trim/trim_CGS-16_1.fq.gz
    wildcards: sample=CGS-16
    threads: 20
    resources: mem_mb=1000, mem_mib=954, disk_mb=1000, disk_mib=954, tmpdir=/data/cailab/flask_output/20240514145549-b3ef9864-3054-4ea5-8ab4-d4eda388f0cb/temp_test

Activating conda environment: flask2024
[Tue May 14 14:59:10 2024]
Finished job 2.
2 of 11 steps (18%) done
Select jobs to execute...
Execute 2 jobs...

[Tue May 14 14:59:10 2024]
localrule bowtie2_se_sp:
    input: /data/cailab/flask_output/20240514145549-b3ef9864-3054-4ea5-8ab4-d4eda388f0cb/trim/CGS-16.fq
    output: /data/cailab/flask_output/20240514145549-b3ef9864-3054-4ea5-8ab4-d4eda388f0cb/sp_bam/sp_CGS-16.bam
    log: /data/cailab/flask_output/20240514145549-b3ef9864-3054-4ea5-8ab4-d4eda388f0cb/logs/bowtie2/CGS-16.log
    jobid: 9
    reason: Missing output files: /data/cailab/flask_output/20240514145549-b3ef9864-3054-4ea5-8ab4-d4eda388f0cb/sp_bam/sp_CGS-16.bam; Input files updated by another job: /data/cailab/flask_output/20240514145549-b3ef9864-3054-4ea5-8ab4-d4eda388f0cb/trim/CGS-16.fq
    wildcards: sample=CGS-16
    threads: 10
    resources: mem_mb=1000, mem_mib=954, disk_mb=1000, disk_mib=954, tmpdir=/data/cailab/flask_output/20240514145549-b3ef9864-3054-4ea5-8ab4-d4eda388f0cb/temp_test


[Tue May 14 14:59:10 2024]
localrule bowtie2_se:
    input: /data/cailab/flask_output/20240514145549-b3ef9864-3054-4ea5-8ab4-d4eda388f0cb/trim/CGS-16.fq
    output: /data/cailab/flask_output/20240514145549-b3ef9864-3054-4ea5-8ab4-d4eda388f0cb/bam/CGS-16.bam
    log: /data/cailab/flask_output/20240514145549-b3ef9864-3054-4ea5-8ab4-d4eda388f0cb/logs/bowtie2/CGS-16.log
    jobid: 1
    reason: Missing output files: /data/cailab/flask_output/20240514145549-b3ef9864-3054-4ea5-8ab4-d4eda388f0cb/bam/CGS-16.bam; Input files updated by another job: /data/cailab/flask_output/20240514145549-b3ef9864-3054-4ea5-8ab4-d4eda388f0cb/trim/CGS-16.fq
    wildcards: sample=CGS-16
    threads: 10
    resources: mem_mb=1000, mem_mib=954, disk_mb=1000, disk_mib=954, tmpdir=/data/cailab/flask_output/20240514145549-b3ef9864-3054-4ea5-8ab4-d4eda388f0cb/temp_test

[Tue May 14 14:59:38 2024]
Finished job 9.
3 of 11 steps (27%) done
Select jobs to execute...
[Tue May 14 15:00:28 2024]
Finished job 1.
4 of 11 steps (36%) done
Execute 1 jobs...

[Tue May 14 15:00:28 2024]
localrule extract_mc_hmc:
    input: /data/cailab/flask_output/20240514145549-b3ef9864-3054-4ea5-8ab4-d4eda388f0cb/bam/CGS-16.bam, /data/cailab/flask_output/20240514145549-b3ef9864-3054-4ea5-8ab4-d4eda388f0cb/trim/CGS-16_cut_f1.fq
    output: /data/cailab/flask_output/20240514145549-b3ef9864-3054-4ea5-8ab4-d4eda388f0cb/bam/CGS-16.bam.all.bed.hmc, /data/cailab/flask_output/20240514145549-b3ef9864-3054-4ea5-8ab4-d4eda388f0cb/bam/CGS-16.bam.all.bed.mc
    log: /data/cailab/flask_output/20240514145549-b3ef9864-3054-4ea5-8ab4-d4eda388f0cb/logs/extract_mc_hmc/CGS-16.log
    jobid: 4
    reason: Missing output files: /data/cailab/flask_output/20240514145549-b3ef9864-3054-4ea5-8ab4-d4eda388f0cb/bam/CGS-16.bam.all.bed.hmc; Input files updated by another job: /data/cailab/flask_output/20240514145549-b3ef9864-3054-4ea5-8ab4-d4eda388f0cb/bam/CGS-16.bam, /data/cailab/flask_output/20240514145549-b3ef9864-3054-4ea5-8ab4-d4eda388f0cb/trim/CGS-16_cut_f1.fq
    wildcards: sample=CGS-16
    threads: 20
    resources: mem_mb=1000, mem_mib=954, disk_mb=1000, disk_mib=954, tmpdir=/data/cailab/flask_output/20240514145549-b3ef9864-3054-4ea5-8ab4-d4eda388f0cb/temp_test

[Tue May 14 15:02:15 2024]
Finished job 4.
5 of 11 steps (45%) done
Select jobs to execute...
Execute 1 jobs...

[Tue May 14 15:02:15 2024]
localrule mark_duplicate:
    input: /data/cailab/flask_output/20240514145549-b3ef9864-3054-4ea5-8ab4-d4eda388f0cb/bam/CGS-16.bam, /data/cailab/fastq/CGS-16_1.fq.gz, /data/cailab/fastq/CGS-16_2.fq.gz
    output: /data/cailab/flask_output/20240514145549-b3ef9864-3054-4ea5-8ab4-d4eda388f0cb/debam/de_temp_CGS-16.bam, /data/cailab/flask_output/20240514145549-b3ef9864-3054-4ea5-8ab4-d4eda388f0cb/debam/de_CGS-16.bam
    log: /data/cailab/flask_output/20240514145549-b3ef9864-3054-4ea5-8ab4-d4eda388f0cb/logs/dedup/CGS-16.log
    jobid: 6
    reason: Missing output files: /data/cailab/flask_output/20240514145549-b3ef9864-3054-4ea5-8ab4-d4eda388f0cb/debam/de_CGS-16.bam; Input files updated by another job: /data/cailab/flask_output/20240514145549-b3ef9864-3054-4ea5-8ab4-d4eda388f0cb/bam/CGS-16.bam
    wildcards: sample=CGS-16
    threads: 10
    resources: mem_mb=1000, mem_mib=954, disk_mb=1000, disk_mib=954, tmpdir=/data/cailab/flask_output/20240514145549-b3ef9864-3054-4ea5-8ab4-d4eda388f0cb/temp_test

[Tue May 14 15:04:20 2024]
Finished job 6.
6 of 11 steps (55%) done
Removing temporary output /data/cailab/flask_output/20240514145549-b3ef9864-3054-4ea5-8ab4-d4eda388f0cb/debam/de_temp_CGS-16.bam.
Select jobs to execute...
Execute 1 jobs...

[Tue May 14 15:04:20 2024]
localrule de_extract_mc_hmc:
    input: /data/cailab/flask_output/20240514145549-b3ef9864-3054-4ea5-8ab4-d4eda388f0cb/debam/de_CGS-16.bam, /data/cailab/flask_output/20240514145549-b3ef9864-3054-4ea5-8ab4-d4eda388f0cb/trim/CGS-16_cut_f1.fq
    output: /data/cailab/flask_output/20240514145549-b3ef9864-3054-4ea5-8ab4-d4eda388f0cb/debam/de_CGS-16.bam.all.bed.hmc, /data/cailab/flask_output/20240514145549-b3ef9864-3054-4ea5-8ab4-d4eda388f0cb/debam/de_CGS-16.bam.all.bed.mc
    log: /data/cailab/flask_output/20240514145549-b3ef9864-3054-4ea5-8ab4-d4eda388f0cb/logs/de_extract_mc_hmc/CGS-16.log
    jobid: 5
    reason: Missing output files: /data/cailab/flask_output/20240514145549-b3ef9864-3054-4ea5-8ab4-d4eda388f0cb/debam/de_CGS-16.bam.all.bed.mc, /data/cailab/flask_output/20240514145549-b3ef9864-3054-4ea5-8ab4-d4eda388f0cb/debam/de_CGS-16.bam.all.bed.hmc; Input files updated by another job: /data/cailab/flask_output/20240514145549-b3ef9864-3054-4ea5-8ab4-d4eda388f0cb/trim/CGS-16_cut_f1.fq, /data/cailab/flask_output/20240514145549-b3ef9864-3054-4ea5-8ab4-d4eda388f0cb/debam/de_CGS-16.bam
    wildcards: sample=CGS-16
    threads: 20
    resources: mem_mb=1000, mem_mib=954, disk_mb=1000, disk_mib=954, tmpdir=/data/cailab/flask_output/20240514145549-b3ef9864-3054-4ea5-8ab4-d4eda388f0cb/temp_test

[Tue May 14 15:06:06 2024]
Finished job 5.
7 of 11 steps (64%) done
Select jobs to execute...
Execute 1 jobs...

[Tue May 14 15:06:06 2024]
localrule extract_mc_hmc_sp:
    input: /data/cailab/flask_output/20240514145549-b3ef9864-3054-4ea5-8ab4-d4eda388f0cb/sp_bam/sp_CGS-16.bam, /data/cailab/flask_output/20240514145549-b3ef9864-3054-4ea5-8ab4-d4eda388f0cb/trim/CGS-16_cut_f1.fq
    output: /data/cailab/flask_output/20240514145549-b3ef9864-3054-4ea5-8ab4-d4eda388f0cb/sp_bam/sp_CGS-16.bam.all.bed.hmc, /data/cailab/flask_output/20240514145549-b3ef9864-3054-4ea5-8ab4-d4eda388f0cb/sp_bam/sp_CGS-16.bam.all.bed.mc
    log: /data/cailab/flask_output/20240514145549-b3ef9864-3054-4ea5-8ab4-d4eda388f0cb/logs/extract_mc_hmc/CGS-16.log
    jobid: 10
    reason: Missing output files: /data/cailab/flask_output/20240514145549-b3ef9864-3054-4ea5-8ab4-d4eda388f0cb/sp_bam/sp_CGS-16.bam.all.bed.hmc, /data/cailab/flask_output/20240514145549-b3ef9864-3054-4ea5-8ab4-d4eda388f0cb/sp_bam/sp_CGS-16.bam.all.bed.mc; Input files updated by another job: /data/cailab/flask_output/20240514145549-b3ef9864-3054-4ea5-8ab4-d4eda388f0cb/sp_bam/sp_CGS-16.bam, /data/cailab/flask_output/20240514145549-b3ef9864-3054-4ea5-8ab4-d4eda388f0cb/trim/CGS-16_cut_f1.fq
    wildcards: sample=CGS-16
    threads: 20
    resources: mem_mb=1000, mem_mib=954, disk_mb=1000, disk_mib=954, tmpdir=/data/cailab/flask_output/20240514145549-b3ef9864-3054-4ea5-8ab4-d4eda388f0cb/temp_test

[Tue May 14 15:06:13 2024]
Finished job 10.
8 of 11 steps (73%) done
Select jobs to execute...
Execute 1 jobs...

[Tue May 14 15:06:13 2024]
localrule qualimap_bamqc:
    input: /data/cailab/flask_output/20240514145549-b3ef9864-3054-4ea5-8ab4-d4eda388f0cb/debam/de_CGS-16.bam
    output: /data/cailab/flask_output/20240514145549-b3ef9864-3054-4ea5-8ab4-d4eda388f0cb/cover/de_CGS-16/genome_results.txt
    log: /data/cailab/flask_output/20240514145549-b3ef9864-3054-4ea5-8ab4-d4eda388f0cb/logs/qualimap/de_CGS-16.log
    jobid: 7
    reason: Missing output files: /data/cailab/flask_output/20240514145549-b3ef9864-3054-4ea5-8ab4-d4eda388f0cb/cover/de_CGS-16/genome_results.txt; Input files updated by another job: /data/cailab/flask_output/20240514145549-b3ef9864-3054-4ea5-8ab4-d4eda388f0cb/debam/de_CGS-16.bam
    wildcards: sample=CGS-16
    threads: 10
    resources: mem_mb=1000, mem_mib=954, disk_mb=1000, disk_mib=954, tmpdir=/data/cailab/flask_output/20240514145549-b3ef9864-3054-4ea5-8ab4-d4eda388f0cb/temp_test

[Tue May 14 15:06:42 2024]
Finished job 7.
9 of 11 steps (82%) done
Select jobs to execute...
Execute 1 jobs...

[Tue May 14 15:06:42 2024]
localrule get_log:
    input: /data/cailab/flask_output/20240514145549-b3ef9864-3054-4ea5-8ab4-d4eda388f0cb/trim/CGS-16.fq, /data/cailab/flask_output/20240514145549-b3ef9864-3054-4ea5-8ab4-d4eda388f0cb/trim/CGS-16.json, /data/cailab/flask_output/20240514145549-b3ef9864-3054-4ea5-8ab4-d4eda388f0cb/cover/de_CGS-16/genome_results.txt, /data/cailab/flask_output/20240514145549-b3ef9864-3054-4ea5-8ab4-d4eda388f0cb/bam/CGS-16.bam, /data/cailab/flask_output/20240514145549-b3ef9864-3054-4ea5-8ab4-d4eda388f0cb/debam/de_CGS-16.bam, /data/cailab/flask_output/20240514145549-b3ef9864-3054-4ea5-8ab4-d4eda388f0cb/debam/de_CGS-16.bam.all.bed.hmc, /data/cailab/flask_output/20240514145549-b3ef9864-3054-4ea5-8ab4-d4eda388f0cb/debam/de_CGS-16.bam.all.bed.mc, /data/cailab/flask_output/20240514145549-b3ef9864-3054-4ea5-8ab4-d4eda388f0cb/sp_bam/sp_CGS-16.bam, /data/cailab/flask_output/20240514145549-b3ef9864-3054-4ea5-8ab4-d4eda388f0cb/sp_bam/sp_CGS-16.bam.all.bed.hmc, /data/cailab/flask_output/20240514145549-b3ef9864-3054-4ea5-8ab4-d4eda388f0cb/sp_bam/sp_CGS-16.bam.all.bed.mc
    output: /data/cailab/flask_output/20240514145549-b3ef9864-3054-4ea5-8ab4-d4eda388f0cb/final_log/CGS-16.log, /data/cailab/flask_output/20240514145549-b3ef9864-3054-4ea5-8ab4-d4eda388f0cb/sp_bam/sp_CGS-16.bed
    jobid: 8
    reason: Missing output files: /data/cailab/flask_output/20240514145549-b3ef9864-3054-4ea5-8ab4-d4eda388f0cb/final_log/CGS-16.log; Input files updated by another job: /data/cailab/flask_output/20240514145549-b3ef9864-3054-4ea5-8ab4-d4eda388f0cb/sp_bam/sp_CGS-16.bam.all.bed.hmc, /data/cailab/flask_output/20240514145549-b3ef9864-3054-4ea5-8ab4-d4eda388f0cb/sp_bam/sp_CGS-16.bam, /data/cailab/flask_output/20240514145549-b3ef9864-3054-4ea5-8ab4-d4eda388f0cb/debam/de_CGS-16.bam.all.bed.hmc, /data/cailab/flask_output/20240514145549-b3ef9864-3054-4ea5-8ab4-d4eda388f0cb/trim/CGS-16.fq, /data/cailab/flask_output/20240514145549-b3ef9864-3054-4ea5-8ab4-d4eda388f0cb/bam/CGS-16.bam, /data/cailab/flask_output/20240514145549-b3ef9864-3054-4ea5-8ab4-d4eda388f0cb/cover/de_CGS-16/genome_results.txt, /data/cailab/flask_output/20240514145549-b3ef9864-3054-4ea5-8ab4-d4eda388f0cb/debam/de_CGS-16.bam, /data/cailab/flask_output/20240514145549-b3ef9864-3054-4ea5-8ab4-d4eda388f0cb/trim/CGS-16.json, /data/cailab/flask_output/20240514145549-b3ef9864-3054-4ea5-8ab4-d4eda388f0cb/debam/de_CGS-16.bam.all.bed.mc, /data/cailab/flask_output/20240514145549-b3ef9864-3054-4ea5-8ab4-d4eda388f0cb/sp_bam/sp_CGS-16.bam.all.bed.mc
    wildcards: sample=CGS-16
    threads: 4
    resources: mem_mb=4477, mem_mib=4270, disk_mb=4477, disk_mib=4270, tmpdir=/data/cailab/flask_output/20240514145549-b3ef9864-3054-4ea5-8ab4-d4eda388f0cb/temp_test

Activating conda environment: flask2024
[Tue May 14 15:07:27 2024]
Finished job 8.
10 of 11 steps (91%) done
Select jobs to execute...
Execute 1 jobs...

[Tue May 14 15:07:27 2024]
localrule all:
    input: /data/cailab/flask_output/20240514145549-b3ef9864-3054-4ea5-8ab4-d4eda388f0cb/bam/CGS-16.bam, /data/cailab/flask_output/20240514145549-b3ef9864-3054-4ea5-8ab4-d4eda388f0cb/bam/CGS-16.bam.all.bed.hmc, /data/cailab/flask_output/20240514145549-b3ef9864-3054-4ea5-8ab4-d4eda388f0cb/debam/de_CGS-16.bam.all.bed.hmc, /data/cailab/flask_output/20240514145549-b3ef9864-3054-4ea5-8ab4-d4eda388f0cb/cover/de_CGS-16/genome_results.txt, /data/cailab/flask_output/20240514145549-b3ef9864-3054-4ea5-8ab4-d4eda388f0cb/final_log/CGS-16.log, /data/cailab/flask_output/20240514145549-b3ef9864-3054-4ea5-8ab4-d4eda388f0cb/sp_bam/sp_CGS-16.bam.all.bed.hmc
    jobid: 0
    reason: Input files updated by another job: /data/cailab/flask_output/20240514145549-b3ef9864-3054-4ea5-8ab4-d4eda388f0cb/sp_bam/sp_CGS-16.bam.all.bed.hmc, /data/cailab/flask_output/20240514145549-b3ef9864-3054-4ea5-8ab4-d4eda388f0cb/debam/de_CGS-16.bam.all.bed.hmc, /data/cailab/flask_output/20240514145549-b3ef9864-3054-4ea5-8ab4-d4eda388f0cb/bam/CGS-16.bam.all.bed.hmc, /data/cailab/flask_output/20240514145549-b3ef9864-3054-4ea5-8ab4-d4eda388f0cb/bam/CGS-16.bam, /data/cailab/flask_output/20240514145549-b3ef9864-3054-4ea5-8ab4-d4eda388f0cb/cover/de_CGS-16/genome_results.txt, /data/cailab/flask_output/20240514145549-b3ef9864-3054-4ea5-8ab4-d4eda388f0cb/final_log/CGS-16.log
    resources: mem_mb=3383, mem_mib=3227, disk_mb=3383, disk_mib=3227, tmpdir=/data/cailab/flask_output/20240514145549-b3ef9864-3054-4ea5-8ab4-d4eda388f0cb/temp_test

[Tue May 14 15:07:27 2024]
Finished job 0.
11 of 11 steps (100%) done
Complete log: .snakemake/log/2024-05-14T145606.078739.snakemake.log
