Building DAG of jobs...
Using shell: /usr/bin/bash
Provided cores: 20
Rules claiming more threads will be scaled down.
Job stats:
job               count
--------------  -------
all                   1
bowtie2_se            1
extract_mc_hmc        1
fastp_pe              1
hairpin_cut           1
total                 5

Select jobs to execute...
Execute 1 jobs...

[Wed May  8 16:04:16 2024]
localrule fastp_pe:
    input: /data/cailab/temp/fastq/1w_1.fq.gz, /data/cailab/temp/fastq/1w_2.fq.gz
    output: /data/cailab/flask_output/20240508160403-9e6a1f1d-9f37-49e7-96e3-d1cc3abeb4df/trim/trim_1w_1.fq.gz, /data/cailab/flask_output/20240508160403-9e6a1f1d-9f37-49e7-96e3-d1cc3abeb4df/trim/trim_1w_2.fq.gz, /data/cailab/flask_output/20240508160403-9e6a1f1d-9f37-49e7-96e3-d1cc3abeb4df/trim/1w.json, /data/cailab/flask_output/20240508160403-9e6a1f1d-9f37-49e7-96e3-d1cc3abeb4df/trim/1w.html
    log: /data/cailab/flask_output/20240508160403-9e6a1f1d-9f37-49e7-96e3-d1cc3abeb4df/logs/fastp/1w.log
    jobid: 3
    reason: Missing output files: /data/cailab/flask_output/20240508160403-9e6a1f1d-9f37-49e7-96e3-d1cc3abeb4df/trim/trim_1w_1.fq.gz, /data/cailab/flask_output/20240508160403-9e6a1f1d-9f37-49e7-96e3-d1cc3abeb4df/trim/trim_1w_2.fq.gz
    wildcards: sample=1w
    threads: 2
    resources: mem_mb=1000, mem_mib=954, disk_mb=1000, disk_mib=954, tmpdir=/data/cailab/flask_output/20240508160403-9e6a1f1d-9f37-49e7-96e3-d1cc3abeb4df/temp_test

Activating conda environment: flask2024
[Wed May  8 16:04:22 2024]
Finished job 3.
1 of 5 steps (20%) done
Select jobs to execute...
Execute 1 jobs...

[Wed May  8 16:04:22 2024]
localrule hairpin_cut:
    input: /data/cailab/flask_output/20240508160403-9e6a1f1d-9f37-49e7-96e3-d1cc3abeb4df/trim/trim_1w_1.fq.gz, /data/cailab/flask_output/20240508160403-9e6a1f1d-9f37-49e7-96e3-d1cc3abeb4df/trim/trim_1w_2.fq.gz
    output: /data/cailab/flask_output/20240508160403-9e6a1f1d-9f37-49e7-96e3-d1cc3abeb4df/trim/1w.fq, /data/cailab/flask_output/20240508160403-9e6a1f1d-9f37-49e7-96e3-d1cc3abeb4df/trim/1w_cut_f1.fq, /data/cailab/flask_output/20240508160403-9e6a1f1d-9f37-49e7-96e3-d1cc3abeb4df/trim/1w_cut_f2.fq
    log: /data/cailab/flask_output/20240508160403-9e6a1f1d-9f37-49e7-96e3-d1cc3abeb4df/logs/hairpin_cut/1w.log
    jobid: 2
    reason: Missing output files: /data/cailab/flask_output/20240508160403-9e6a1f1d-9f37-49e7-96e3-d1cc3abeb4df/trim/1w.fq, /data/cailab/flask_output/20240508160403-9e6a1f1d-9f37-49e7-96e3-d1cc3abeb4df/trim/1w_cut_f1.fq; Input files updated by another job: /data/cailab/flask_output/20240508160403-9e6a1f1d-9f37-49e7-96e3-d1cc3abeb4df/trim/trim_1w_1.fq.gz, /data/cailab/flask_output/20240508160403-9e6a1f1d-9f37-49e7-96e3-d1cc3abeb4df/trim/trim_1w_2.fq.gz
    wildcards: sample=1w
    threads: 20
    resources: mem_mb=1000, mem_mib=954, disk_mb=1000, disk_mib=954, tmpdir=/data/cailab/flask_output/20240508160403-9e6a1f1d-9f37-49e7-96e3-d1cc3abeb4df/temp_test

Activating conda environment: flask2024
[Wed May  8 16:04:24 2024]
Finished job 2.
2 of 5 steps (40%) done
Select jobs to execute...
Execute 1 jobs...

[Wed May  8 16:04:24 2024]
localrule bowtie2_se:
    input: /data/cailab/flask_output/20240508160403-9e6a1f1d-9f37-49e7-96e3-d1cc3abeb4df/trim/1w.fq
    output: /data/cailab/flask_output/20240508160403-9e6a1f1d-9f37-49e7-96e3-d1cc3abeb4df/bam/1w.bam
    log: /data/cailab/flask_output/20240508160403-9e6a1f1d-9f37-49e7-96e3-d1cc3abeb4df/logs/bowtie2/1w.log
    jobid: 1
    reason: Missing output files: /data/cailab/flask_output/20240508160403-9e6a1f1d-9f37-49e7-96e3-d1cc3abeb4df/bam/1w.bam; Input files updated by another job: /data/cailab/flask_output/20240508160403-9e6a1f1d-9f37-49e7-96e3-d1cc3abeb4df/trim/1w.fq
    wildcards: sample=1w
    threads: 10
    resources: mem_mb=1000, mem_mib=954, disk_mb=1000, disk_mib=954, tmpdir=/data/cailab/flask_output/20240508160403-9e6a1f1d-9f37-49e7-96e3-d1cc3abeb4df/temp_test

[Wed May  8 16:04:26 2024]
Finished job 1.
3 of 5 steps (60%) done
Select jobs to execute...
Execute 1 jobs...

[Wed May  8 16:04:26 2024]
localrule extract_mc_hmc:
    input: /data/cailab/flask_output/20240508160403-9e6a1f1d-9f37-49e7-96e3-d1cc3abeb4df/bam/1w.bam, /data/cailab/flask_output/20240508160403-9e6a1f1d-9f37-49e7-96e3-d1cc3abeb4df/trim/1w_cut_f1.fq
    output: /data/cailab/flask_output/20240508160403-9e6a1f1d-9f37-49e7-96e3-d1cc3abeb4df/bam/1w.bam.all.bed.hmc, /data/cailab/flask_output/20240508160403-9e6a1f1d-9f37-49e7-96e3-d1cc3abeb4df/bam/1w.bam.all.bed.mc
    log: /data/cailab/flask_output/20240508160403-9e6a1f1d-9f37-49e7-96e3-d1cc3abeb4df/logs/extract_mc_hmc/1w.log
    jobid: 4
    reason: Missing output files: /data/cailab/flask_output/20240508160403-9e6a1f1d-9f37-49e7-96e3-d1cc3abeb4df/bam/1w.bam.all.bed.hmc; Input files updated by another job: /data/cailab/flask_output/20240508160403-9e6a1f1d-9f37-49e7-96e3-d1cc3abeb4df/bam/1w.bam, /data/cailab/flask_output/20240508160403-9e6a1f1d-9f37-49e7-96e3-d1cc3abeb4df/trim/1w_cut_f1.fq
    wildcards: sample=1w
    threads: 20
    resources: mem_mb=1000, mem_mib=954, disk_mb=1000, disk_mib=954, tmpdir=/data/cailab/flask_output/20240508160403-9e6a1f1d-9f37-49e7-96e3-d1cc3abeb4df/temp_test

[Wed May  8 16:04:26 2024]
Error in rule extract_mc_hmc:
    jobid: 4
    input: /data/cailab/flask_output/20240508160403-9e6a1f1d-9f37-49e7-96e3-d1cc3abeb4df/bam/1w.bam, /data/cailab/flask_output/20240508160403-9e6a1f1d-9f37-49e7-96e3-d1cc3abeb4df/trim/1w_cut_f1.fq
    output: /data/cailab/flask_output/20240508160403-9e6a1f1d-9f37-49e7-96e3-d1cc3abeb4df/bam/1w.bam.all.bed.hmc, /data/cailab/flask_output/20240508160403-9e6a1f1d-9f37-49e7-96e3-d1cc3abeb4df/bam/1w.bam.all.bed.mc
    log: /data/cailab/flask_output/20240508160403-9e6a1f1d-9f37-49e7-96e3-d1cc3abeb4df/logs/extract_mc_hmc/1w.log (check log file(s) for error details)
    shell:
        
        (python3 /data/cailab/flask_snk/ref/CGS_extract_modify.py --bam /data/cailab/flask_output/20240508160403-9e6a1f1d-9f37-49e7-96e3-d1cc3abeb4df/bam/1w.bam --cutfq1 /data/cailab/flask_output/20240508160403-9e6a1f1d-9f37-49e7-96e3-d1cc3abeb4df/trim/1w_cut_f1.fq  --ref /data/reference2024/mouse/mm9/bowtie2/mm9.fa --parallel 20 --type mc ) 2> /data/cailab/flask_output/20240508160403-9e6a1f1d-9f37-49e7-96e3-d1cc3abeb4df/logs/extract_mc_hmc/1w.log
        (python3 /data/cailab/flask_snk/ref/CGS_extract_modify.py --bam /data/cailab/flask_output/20240508160403-9e6a1f1d-9f37-49e7-96e3-d1cc3abeb4df/bam/1w.bam --cutfq1 /data/cailab/flask_output/20240508160403-9e6a1f1d-9f37-49e7-96e3-d1cc3abeb4df/trim/1w_cut_f1.fq  --ref /data/reference2024/mouse/mm9/bowtie2/mm9.fa --parallel 20 --type hmc ) 2>> /data/cailab/flask_output/20240508160403-9e6a1f1d-9f37-49e7-96e3-d1cc3abeb4df/logs/extract_mc_hmc/1w.log
        
        (one of the commands exited with non-zero exit code; note that snakemake uses bash strict mode!)

Shutting down, this might take some time.
Exiting because a job execution failed. Look above for error message
Complete log: .snakemake/log/2024-05-08T160416.720227.snakemake.log
WorkflowError:
At least one job did not complete successfully.
