Building DAG of jobs...
Using shell: /usr/bin/bash
Provided cores: 20
Rules claiming more threads will be scaled down.
Job stats:
job                  count
-----------------  -------
all                      1
bowtie2_se               1
bowtie2_se_sp            1
de_extract_mc_hmc        1
extract_mc_hmc           1
extract_mc_hmc_sp        1
fastp_pe                 1
get_log                  1
hairpin_cut              1
mark_duplicate           1
qualimap_bamqc           1
total                   11

Select jobs to execute...
Execute 1 jobs...

[Tue May 14 15:29:58 2024]
localrule fastp_pe:
    input: /data/wangzc/mengy/cgs-1w-2_1.fq.gz, /data/wangzc/mengy/cgs-1w-2_2.fq.gz
    output: /data/cailab/flask_output/20240514152400-289dba76-e508-44e0-ad88-95594c17dd82/trim/trim_cgs-1w-2_1.fq.gz, /data/cailab/flask_output/20240514152400-289dba76-e508-44e0-ad88-95594c17dd82/trim/trim_cgs-1w-2_2.fq.gz, /data/cailab/flask_output/20240514152400-289dba76-e508-44e0-ad88-95594c17dd82/trim/cgs-1w-2.json, /data/cailab/flask_output/20240514152400-289dba76-e508-44e0-ad88-95594c17dd82/trim/cgs-1w-2.html
    log: /data/cailab/flask_output/20240514152400-289dba76-e508-44e0-ad88-95594c17dd82/logs/fastp/cgs-1w-2.log
    jobid: 3
    reason: Missing output files: /data/cailab/flask_output/20240514152400-289dba76-e508-44e0-ad88-95594c17dd82/trim/cgs-1w-2.json, /data/cailab/flask_output/20240514152400-289dba76-e508-44e0-ad88-95594c17dd82/trim/trim_cgs-1w-2_1.fq.gz, /data/cailab/flask_output/20240514152400-289dba76-e508-44e0-ad88-95594c17dd82/trim/trim_cgs-1w-2_2.fq.gz
    wildcards: sample=cgs-1w-2
    threads: 2
    resources: mem_mb=8000, mem_mib=7630, disk_mb=21323, disk_mib=20336, tmpdir=/data/cailab/flask_output/20240514152400-289dba76-e508-44e0-ad88-95594c17dd82/temp_test

Activating conda environment: flask2024
[Tue May 14 15:39:03 2024]
Finished job 3.
1 of 11 steps (9%) done
Select jobs to execute...
Execute 1 jobs...

[Tue May 14 15:39:03 2024]
localrule hairpin_cut:
    input: /data/cailab/flask_output/20240514152400-289dba76-e508-44e0-ad88-95594c17dd82/trim/trim_cgs-1w-2_1.fq.gz, /data/cailab/flask_output/20240514152400-289dba76-e508-44e0-ad88-95594c17dd82/trim/trim_cgs-1w-2_2.fq.gz
    output: /data/cailab/flask_output/20240514152400-289dba76-e508-44e0-ad88-95594c17dd82/trim/cgs-1w-2.fq, /data/cailab/flask_output/20240514152400-289dba76-e508-44e0-ad88-95594c17dd82/trim/cgs-1w-2_cut_f1.fq, /data/cailab/flask_output/20240514152400-289dba76-e508-44e0-ad88-95594c17dd82/trim/cgs-1w-2_cut_f2.fq
    log: /data/cailab/flask_output/20240514152400-289dba76-e508-44e0-ad88-95594c17dd82/logs/hairpin_cut/cgs-1w-2.log
    jobid: 2
    reason: Missing output files: /data/cailab/flask_output/20240514152400-289dba76-e508-44e0-ad88-95594c17dd82/trim/cgs-1w-2.fq, /data/cailab/flask_output/20240514152400-289dba76-e508-44e0-ad88-95594c17dd82/trim/cgs-1w-2_cut_f1.fq; Input files updated by another job: /data/cailab/flask_output/20240514152400-289dba76-e508-44e0-ad88-95594c17dd82/trim/trim_cgs-1w-2_1.fq.gz, /data/cailab/flask_output/20240514152400-289dba76-e508-44e0-ad88-95594c17dd82/trim/trim_cgs-1w-2_2.fq.gz
    wildcards: sample=cgs-1w-2
    threads: 20
    resources: mem_mb=8000, mem_mib=7630, disk_mb=15293, disk_mib=14585, tmpdir=/data/cailab/flask_output/20240514152400-289dba76-e508-44e0-ad88-95594c17dd82/temp_test

Activating conda environment: flask2024
[Tue May 14 17:13:55 2024]
Finished job 2.
2 of 11 steps (18%) done
Select jobs to execute...
Execute 2 jobs...

[Tue May 14 17:13:55 2024]
localrule bowtie2_se_sp:
    input: /data/cailab/flask_output/20240514152400-289dba76-e508-44e0-ad88-95594c17dd82/trim/cgs-1w-2.fq
    output: /data/cailab/flask_output/20240514152400-289dba76-e508-44e0-ad88-95594c17dd82/sp_bam/sp_cgs-1w-2.bam
    log: /data/cailab/flask_output/20240514152400-289dba76-e508-44e0-ad88-95594c17dd82/logs/bowtie2/cgs-1w-2.log
    jobid: 9
    reason: Missing output files: /data/cailab/flask_output/20240514152400-289dba76-e508-44e0-ad88-95594c17dd82/sp_bam/sp_cgs-1w-2.bam; Input files updated by another job: /data/cailab/flask_output/20240514152400-289dba76-e508-44e0-ad88-95594c17dd82/trim/cgs-1w-2.fq
    wildcards: sample=cgs-1w-2
    threads: 10
    resources: mem_mb=8000, mem_mib=7630, disk_mb=26813, disk_mib=25571, tmpdir=/data/cailab/flask_output/20240514152400-289dba76-e508-44e0-ad88-95594c17dd82/temp_test


[Tue May 14 17:13:55 2024]
localrule bowtie2_se:
    input: /data/cailab/flask_output/20240514152400-289dba76-e508-44e0-ad88-95594c17dd82/trim/cgs-1w-2.fq
    output: /data/cailab/flask_output/20240514152400-289dba76-e508-44e0-ad88-95594c17dd82/bam/cgs-1w-2.bam
    log: /data/cailab/flask_output/20240514152400-289dba76-e508-44e0-ad88-95594c17dd82/logs/bowtie2/cgs-1w-2.log
    jobid: 1
    reason: Missing output files: /data/cailab/flask_output/20240514152400-289dba76-e508-44e0-ad88-95594c17dd82/bam/cgs-1w-2.bam; Input files updated by another job: /data/cailab/flask_output/20240514152400-289dba76-e508-44e0-ad88-95594c17dd82/trim/cgs-1w-2.fq
    wildcards: sample=cgs-1w-2
    threads: 10
    resources: mem_mb=8000, mem_mib=7630, disk_mb=26813, disk_mib=25571, tmpdir=/data/cailab/flask_output/20240514152400-289dba76-e508-44e0-ad88-95594c17dd82/temp_test

[Tue May 14 17:33:41 2024]
Finished job 9.
3 of 11 steps (27%) done
Select jobs to execute...
[Tue May 14 18:02:46 2024]
Finished job 1.
4 of 11 steps (36%) done
Execute 1 jobs...

[Tue May 14 18:02:46 2024]
localrule extract_mc_hmc:
    input: /data/cailab/flask_output/20240514152400-289dba76-e508-44e0-ad88-95594c17dd82/bam/cgs-1w-2.bam, /data/cailab/flask_output/20240514152400-289dba76-e508-44e0-ad88-95594c17dd82/trim/cgs-1w-2_cut_f1.fq
    output: /data/cailab/flask_output/20240514152400-289dba76-e508-44e0-ad88-95594c17dd82/bam/cgs-1w-2.bam.all.bed.hmc, /data/cailab/flask_output/20240514152400-289dba76-e508-44e0-ad88-95594c17dd82/bam/cgs-1w-2.bam.all.bed.mc
    log: /data/cailab/flask_output/20240514152400-289dba76-e508-44e0-ad88-95594c17dd82/logs/extract_mc_hmc/cgs-1w-2.log
    jobid: 4
    reason: Missing output files: /data/cailab/flask_output/20240514152400-289dba76-e508-44e0-ad88-95594c17dd82/bam/cgs-1w-2.bam.all.bed.hmc; Input files updated by another job: /data/cailab/flask_output/20240514152400-289dba76-e508-44e0-ad88-95594c17dd82/bam/cgs-1w-2.bam, /data/cailab/flask_output/20240514152400-289dba76-e508-44e0-ad88-95594c17dd82/trim/cgs-1w-2_cut_f1.fq
    wildcards: sample=cgs-1w-2
    threads: 20
    resources: mem_mb=8000, mem_mib=7630, disk_mb=32046, disk_mib=30562, tmpdir=/data/cailab/flask_output/20240514152400-289dba76-e508-44e0-ad88-95594c17dd82/temp_test

[Tue May 14 18:32:12 2024]
Finished job 4.
5 of 11 steps (45%) done
Select jobs to execute...
Execute 1 jobs...

[Tue May 14 18:32:13 2024]
localrule extract_mc_hmc_sp:
    input: /data/cailab/flask_output/20240514152400-289dba76-e508-44e0-ad88-95594c17dd82/sp_bam/sp_cgs-1w-2.bam, /data/cailab/flask_output/20240514152400-289dba76-e508-44e0-ad88-95594c17dd82/trim/cgs-1w-2_cut_f1.fq
    output: /data/cailab/flask_output/20240514152400-289dba76-e508-44e0-ad88-95594c17dd82/sp_bam/sp_cgs-1w-2.bam.all.bed.hmc, /data/cailab/flask_output/20240514152400-289dba76-e508-44e0-ad88-95594c17dd82/sp_bam/sp_cgs-1w-2.bam.all.bed.mc
    log: /data/cailab/flask_output/20240514152400-289dba76-e508-44e0-ad88-95594c17dd82/logs/extract_mc_hmc/cgs-1w-2.log
    jobid: 10
    reason: Missing output files: /data/cailab/flask_output/20240514152400-289dba76-e508-44e0-ad88-95594c17dd82/sp_bam/sp_cgs-1w-2.bam.all.bed.hmc, /data/cailab/flask_output/20240514152400-289dba76-e508-44e0-ad88-95594c17dd82/sp_bam/sp_cgs-1w-2.bam.all.bed.mc; Input files updated by another job: /data/cailab/flask_output/20240514152400-289dba76-e508-44e0-ad88-95594c17dd82/sp_bam/sp_cgs-1w-2.bam, /data/cailab/flask_output/20240514152400-289dba76-e508-44e0-ad88-95594c17dd82/trim/cgs-1w-2_cut_f1.fq
    wildcards: sample=cgs-1w-2
    threads: 20
    resources: mem_mb=8000, mem_mib=7630, disk_mb=31901, disk_mib=30424, tmpdir=/data/cailab/flask_output/20240514152400-289dba76-e508-44e0-ad88-95594c17dd82/temp_test

[Tue May 14 18:36:22 2024]
Finished job 10.
6 of 11 steps (55%) done
Select jobs to execute...
Execute 1 jobs...

[Tue May 14 18:36:22 2024]
localrule mark_duplicate:
    input: /data/cailab/flask_output/20240514152400-289dba76-e508-44e0-ad88-95594c17dd82/bam/cgs-1w-2.bam, /data/wangzc/mengy/cgs-1w-2_1.fq.gz, /data/wangzc/mengy/cgs-1w-2_2.fq.gz
    output: /data/cailab/flask_output/20240514152400-289dba76-e508-44e0-ad88-95594c17dd82/debam/de_temp_cgs-1w-2.bam, /data/cailab/flask_output/20240514152400-289dba76-e508-44e0-ad88-95594c17dd82/debam/de_cgs-1w-2.bam
    log: /data/cailab/flask_output/20240514152400-289dba76-e508-44e0-ad88-95594c17dd82/logs/dedup/cgs-1w-2.log
    jobid: 6
    reason: Missing output files: /data/cailab/flask_output/20240514152400-289dba76-e508-44e0-ad88-95594c17dd82/debam/de_cgs-1w-2.bam; Input files updated by another job: /data/cailab/flask_output/20240514152400-289dba76-e508-44e0-ad88-95594c17dd82/bam/cgs-1w-2.bam
    wildcards: sample=cgs-1w-2
    threads: 10
    resources: mem_mb=8000, mem_mib=7630, disk_mb=26557, disk_mib=25327, tmpdir=/data/cailab/flask_output/20240514152400-289dba76-e508-44e0-ad88-95594c17dd82/temp_test

[Tue May 14 20:28:18 2024]
Finished job 6.
7 of 11 steps (64%) done
Removing temporary output /data/cailab/flask_output/20240514152400-289dba76-e508-44e0-ad88-95594c17dd82/debam/de_temp_cgs-1w-2.bam.
Select jobs to execute...
Execute 1 jobs...

[Tue May 14 20:28:19 2024]
localrule de_extract_mc_hmc:
    input: /data/cailab/flask_output/20240514152400-289dba76-e508-44e0-ad88-95594c17dd82/debam/de_cgs-1w-2.bam, /data/cailab/flask_output/20240514152400-289dba76-e508-44e0-ad88-95594c17dd82/trim/cgs-1w-2_cut_f1.fq
    output: /data/cailab/flask_output/20240514152400-289dba76-e508-44e0-ad88-95594c17dd82/debam/de_cgs-1w-2.bam.all.bed.hmc, /data/cailab/flask_output/20240514152400-289dba76-e508-44e0-ad88-95594c17dd82/debam/de_cgs-1w-2.bam.all.bed.mc
    log: /data/cailab/flask_output/20240514152400-289dba76-e508-44e0-ad88-95594c17dd82/logs/de_extract_mc_hmc/cgs-1w-2.log
    jobid: 5
    reason: Missing output files: /data/cailab/flask_output/20240514152400-289dba76-e508-44e0-ad88-95594c17dd82/debam/de_cgs-1w-2.bam.all.bed.mc, /data/cailab/flask_output/20240514152400-289dba76-e508-44e0-ad88-95594c17dd82/debam/de_cgs-1w-2.bam.all.bed.hmc; Input files updated by another job: /data/cailab/flask_output/20240514152400-289dba76-e508-44e0-ad88-95594c17dd82/debam/de_cgs-1w-2.bam, /data/cailab/flask_output/20240514152400-289dba76-e508-44e0-ad88-95594c17dd82/trim/cgs-1w-2_cut_f1.fq
    wildcards: sample=cgs-1w-2
    threads: 20
    resources: mem_mb=8000, mem_mib=7630, disk_mb=30851, disk_mib=29422, tmpdir=/data/cailab/flask_output/20240514152400-289dba76-e508-44e0-ad88-95594c17dd82/temp_test

[Tue May 14 20:50:00 2024]
Finished job 5.
8 of 11 steps (73%) done
Select jobs to execute...
Execute 1 jobs...

[Tue May 14 20:50:00 2024]
localrule qualimap_bamqc:
    input: /data/cailab/flask_output/20240514152400-289dba76-e508-44e0-ad88-95594c17dd82/debam/de_cgs-1w-2.bam
    output: /data/cailab/flask_output/20240514152400-289dba76-e508-44e0-ad88-95594c17dd82/cover/de_cgs-1w-2/genome_results.txt
    log: /data/cailab/flask_output/20240514152400-289dba76-e508-44e0-ad88-95594c17dd82/logs/qualimap/de_cgs-1w-2.log
    jobid: 7
    reason: Missing output files: /data/cailab/flask_output/20240514152400-289dba76-e508-44e0-ad88-95594c17dd82/cover/de_cgs-1w-2/genome_results.txt; Input files updated by another job: /data/cailab/flask_output/20240514152400-289dba76-e508-44e0-ad88-95594c17dd82/debam/de_cgs-1w-2.bam
    wildcards: sample=cgs-1w-2
    threads: 10
    resources: mem_mb=4038, mem_mib=3851, disk_mb=4038, disk_mib=3851, tmpdir=/data/cailab/flask_output/20240514152400-289dba76-e508-44e0-ad88-95594c17dd82/temp_test

[Tue May 14 20:52:17 2024]
Finished job 7.
9 of 11 steps (82%) done
Select jobs to execute...
Execute 1 jobs...

[Tue May 14 20:52:17 2024]
localrule get_log:
    input: /data/cailab/flask_output/20240514152400-289dba76-e508-44e0-ad88-95594c17dd82/trim/cgs-1w-2.fq, /data/cailab/flask_output/20240514152400-289dba76-e508-44e0-ad88-95594c17dd82/trim/cgs-1w-2.json, /data/cailab/flask_output/20240514152400-289dba76-e508-44e0-ad88-95594c17dd82/cover/de_cgs-1w-2/genome_results.txt, /data/cailab/flask_output/20240514152400-289dba76-e508-44e0-ad88-95594c17dd82/bam/cgs-1w-2.bam, /data/cailab/flask_output/20240514152400-289dba76-e508-44e0-ad88-95594c17dd82/debam/de_cgs-1w-2.bam, /data/cailab/flask_output/20240514152400-289dba76-e508-44e0-ad88-95594c17dd82/debam/de_cgs-1w-2.bam.all.bed.hmc, /data/cailab/flask_output/20240514152400-289dba76-e508-44e0-ad88-95594c17dd82/debam/de_cgs-1w-2.bam.all.bed.mc, /data/cailab/flask_output/20240514152400-289dba76-e508-44e0-ad88-95594c17dd82/sp_bam/sp_cgs-1w-2.bam, /data/cailab/flask_output/20240514152400-289dba76-e508-44e0-ad88-95594c17dd82/sp_bam/sp_cgs-1w-2.bam.all.bed.hmc, /data/cailab/flask_output/20240514152400-289dba76-e508-44e0-ad88-95594c17dd82/sp_bam/sp_cgs-1w-2.bam.all.bed.mc
    output: /data/cailab/flask_output/20240514152400-289dba76-e508-44e0-ad88-95594c17dd82/final_log/cgs-1w-2.log, /data/cailab/flask_output/20240514152400-289dba76-e508-44e0-ad88-95594c17dd82/sp_bam/sp_cgs-1w-2.bed
    jobid: 8
    reason: Missing output files: /data/cailab/flask_output/20240514152400-289dba76-e508-44e0-ad88-95594c17dd82/final_log/cgs-1w-2.log; Input files updated by another job: /data/cailab/flask_output/20240514152400-289dba76-e508-44e0-ad88-95594c17dd82/cover/de_cgs-1w-2/genome_results.txt, /data/cailab/flask_output/20240514152400-289dba76-e508-44e0-ad88-95594c17dd82/sp_bam/sp_cgs-1w-2.bam, /data/cailab/flask_output/20240514152400-289dba76-e508-44e0-ad88-95594c17dd82/trim/cgs-1w-2.fq, /data/cailab/flask_output/20240514152400-289dba76-e508-44e0-ad88-95594c17dd82/sp_bam/sp_cgs-1w-2.bam.all.bed.mc, /data/cailab/flask_output/20240514152400-289dba76-e508-44e0-ad88-95594c17dd82/debam/de_cgs-1w-2.bam, /data/cailab/flask_output/20240514152400-289dba76-e508-44e0-ad88-95594c17dd82/trim/cgs-1w-2.json, /data/cailab/flask_output/20240514152400-289dba76-e508-44e0-ad88-95594c17dd82/bam/cgs-1w-2.bam, /data/cailab/flask_output/20240514152400-289dba76-e508-44e0-ad88-95594c17dd82/sp_bam/sp_cgs-1w-2.bam.all.bed.hmc, /data/cailab/flask_output/20240514152400-289dba76-e508-44e0-ad88-95594c17dd82/debam/de_cgs-1w-2.bam.all.bed.mc, /data/cailab/flask_output/20240514152400-289dba76-e508-44e0-ad88-95594c17dd82/debam/de_cgs-1w-2.bam.all.bed.hmc
    wildcards: sample=cgs-1w-2
    threads: 4
    resources: mem_mb=8000, mem_mib=7630, disk_mb=97988, disk_mib=93449, tmpdir=/data/cailab/flask_output/20240514152400-289dba76-e508-44e0-ad88-95594c17dd82/temp_test

Activating conda environment: flask2024
[Tue May 14 21:06:56 2024]
Finished job 8.
10 of 11 steps (91%) done
Select jobs to execute...
Execute 1 jobs...

[Tue May 14 21:06:56 2024]
localrule all:
    input: /data/cailab/flask_output/20240514152400-289dba76-e508-44e0-ad88-95594c17dd82/bam/cgs-1w-2.bam, /data/cailab/flask_output/20240514152400-289dba76-e508-44e0-ad88-95594c17dd82/bam/cgs-1w-2.bam.all.bed.hmc, /data/cailab/flask_output/20240514152400-289dba76-e508-44e0-ad88-95594c17dd82/debam/de_cgs-1w-2.bam.all.bed.hmc, /data/cailab/flask_output/20240514152400-289dba76-e508-44e0-ad88-95594c17dd82/cover/de_cgs-1w-2/genome_results.txt, /data/cailab/flask_output/20240514152400-289dba76-e508-44e0-ad88-95594c17dd82/final_log/cgs-1w-2.log, /data/cailab/flask_output/20240514152400-289dba76-e508-44e0-ad88-95594c17dd82/sp_bam/sp_cgs-1w-2.bam.all.bed.hmc
    jobid: 0
    reason: Input files updated by another job: /data/cailab/flask_output/20240514152400-289dba76-e508-44e0-ad88-95594c17dd82/final_log/cgs-1w-2.log, /data/cailab/flask_output/20240514152400-289dba76-e508-44e0-ad88-95594c17dd82/debam/de_cgs-1w-2.bam.all.bed.hmc, /data/cailab/flask_output/20240514152400-289dba76-e508-44e0-ad88-95594c17dd82/bam/cgs-1w-2.bam.all.bed.hmc, /data/cailab/flask_output/20240514152400-289dba76-e508-44e0-ad88-95594c17dd82/bam/cgs-1w-2.bam, /data/cailab/flask_output/20240514152400-289dba76-e508-44e0-ad88-95594c17dd82/sp_bam/sp_cgs-1w-2.bam.all.bed.hmc, /data/cailab/flask_output/20240514152400-289dba76-e508-44e0-ad88-95594c17dd82/cover/de_cgs-1w-2/genome_results.txt
    resources: mem_mb=8000, mem_mib=7630, disk_mb=62096, disk_mib=59220, tmpdir=/data/cailab/flask_output/20240514152400-289dba76-e508-44e0-ad88-95594c17dd82/temp_test

[Tue May 14 21:06:56 2024]
Finished job 0.
11 of 11 steps (100%) done
Complete log: .snakemake/log/2024-05-14T152958.745825.snakemake.log
