Building DAG of jobs...
Using shell: /usr/bin/bash
Provided cores: 20
Rules claiming more threads will be scaled down.
Job stats:
job        count
-------  -------
all            1
get_log        2
total          3

Select jobs to execute...
Execute 2 jobs...

[Thu May  9 14:53:55 2024]
localrule get_log:
    input: /data/cailab/flask_output/20240508223837-eed0523f-881d-45c9-9913-f0b522237846/trim/CS-3w-caC.fq, /data/cailab/flask_output/20240508223837-eed0523f-881d-45c9-9913-f0b522237846/trim/CS-3w-caC.json, /data/cailab/flask_output/20240508223837-eed0523f-881d-45c9-9913-f0b522237846/cover/de_CS-3w-caC/genome_results.txt, /data/cailab/flask_output/20240508223837-eed0523f-881d-45c9-9913-f0b522237846/bam/CS-3w-caC.bam, /data/cailab/flask_output/20240508223837-eed0523f-881d-45c9-9913-f0b522237846/debam/de_CS-3w-caC.bam, /data/cailab/flask_output/20240508223837-eed0523f-881d-45c9-9913-f0b522237846/debam/de_CS-3w-caC.bam.all.bed.hmc, /data/cailab/flask_output/20240508223837-eed0523f-881d-45c9-9913-f0b522237846/debam/de_CS-3w-caC.bam.all.bed.mc
    output: /data/cailab/flask_output/20240508223837-eed0523f-881d-45c9-9913-f0b522237846/final_log/CS-3w-caC.log
    jobid: 16
    reason: Code has changed since last execution
    wildcards: sample=CS-3w-caC
    threads: 4
    resources: mem_mb=8000, mem_mib=7630, disk_mb=9174, disk_mib=8750, tmpdir=/data/cailab/flask_output/20240508223837-eed0523f-881d-45c9-9913-f0b522237846/temp_test

Activating conda environment: flask2024

[Thu May  9 14:53:56 2024]
localrule get_log:
    input: /data/cailab/flask_output/20240508223837-eed0523f-881d-45c9-9913-f0b522237846/trim/CS-3w-C.fq, /data/cailab/flask_output/20240508223837-eed0523f-881d-45c9-9913-f0b522237846/trim/CS-3w-C.json, /data/cailab/flask_output/20240508223837-eed0523f-881d-45c9-9913-f0b522237846/cover/de_CS-3w-C/genome_results.txt, /data/cailab/flask_output/20240508223837-eed0523f-881d-45c9-9913-f0b522237846/bam/CS-3w-C.bam, /data/cailab/flask_output/20240508223837-eed0523f-881d-45c9-9913-f0b522237846/debam/de_CS-3w-C.bam, /data/cailab/flask_output/20240508223837-eed0523f-881d-45c9-9913-f0b522237846/debam/de_CS-3w-C.bam.all.bed.hmc, /data/cailab/flask_output/20240508223837-eed0523f-881d-45c9-9913-f0b522237846/debam/de_CS-3w-C.bam.all.bed.mc
    output: /data/cailab/flask_output/20240508223837-eed0523f-881d-45c9-9913-f0b522237846/final_log/CS-3w-C.log
    jobid: 15
    reason: Code has changed since last execution
    wildcards: sample=CS-3w-C
    threads: 4
    resources: mem_mb=8000, mem_mib=7630, disk_mb=9498, disk_mib=9058, tmpdir=/data/cailab/flask_output/20240508223837-eed0523f-881d-45c9-9913-f0b522237846/temp_test

Activating conda environment: flask2024
[Thu May  9 14:55:20 2024]
Error in rule get_log:
    jobid: 16
    input: /data/cailab/flask_output/20240508223837-eed0523f-881d-45c9-9913-f0b522237846/trim/CS-3w-caC.fq, /data/cailab/flask_output/20240508223837-eed0523f-881d-45c9-9913-f0b522237846/trim/CS-3w-caC.json, /data/cailab/flask_output/20240508223837-eed0523f-881d-45c9-9913-f0b522237846/cover/de_CS-3w-caC/genome_results.txt, /data/cailab/flask_output/20240508223837-eed0523f-881d-45c9-9913-f0b522237846/bam/CS-3w-caC.bam, /data/cailab/flask_output/20240508223837-eed0523f-881d-45c9-9913-f0b522237846/debam/de_CS-3w-caC.bam, /data/cailab/flask_output/20240508223837-eed0523f-881d-45c9-9913-f0b522237846/debam/de_CS-3w-caC.bam.all.bed.hmc, /data/cailab/flask_output/20240508223837-eed0523f-881d-45c9-9913-f0b522237846/debam/de_CS-3w-caC.bam.all.bed.mc
    output: /data/cailab/flask_output/20240508223837-eed0523f-881d-45c9-9913-f0b522237846/final_log/CS-3w-caC.log
    conda-env: flask2024
    shell:
        
        name=$(echo CS-3w-caC)
        raw_size=$(python3 /data/cailab/flask_snk/ref/get_json.py /data/cailab/flask_output/20240508223837-eed0523f-881d-45c9-9913-f0b522237846/trim/CS-3w-caC.json summary,before_filtering,total_bases)
        raw_read_num=$(python3 /data/cailab/flask_snk/ref/get_json.py /data/cailab/flask_output/20240508223837-eed0523f-881d-45c9-9913-f0b522237846/trim/CS-3w-caC.json summary,before_filtering,total_reads)
        trimed_read_num=$(python3 /data/cailab/flask_snk/ref/get_json.py /data/cailab/flask_output/20240508223837-eed0523f-881d-45c9-9913-f0b522237846/trim/CS-3w-caC.json summary,after_filtering,total_reads)
        model_read_num=$(wc -l < /data/cailab/flask_output/20240508223837-eed0523f-881d-45c9-9913-f0b522237846/trim/CS-3w-caC.fq)
        dup_radio1=$(python3 /data/cailab/flask_snk/ref/get_json.py /data/cailab/flask_output/20240508223837-eed0523f-881d-45c9-9913-f0b522237846/trim/CS-3w-caC.json duplication,rate)

        clean_read_num=$(samtools view -c /data/cailab/flask_output/20240508223837-eed0523f-881d-45c9-9913-f0b522237846/bam/CS-3w-caC.bam) 
        de_read_num=$(samtools view -c /data/cailab/flask_output/20240508223837-eed0523f-881d-45c9-9913-f0b522237846/debam/de_CS-3w-caC.bam)
        map_read_num=$(samtools view -c -F 4 /data/cailab/flask_output/20240508223837-eed0523f-881d-45c9-9913-f0b522237846/bam/CS-3w-caC.bam)
        
        cover=$(sed -n 's/.*There is a \([0-9.]*\)\% of reference with a coverageData >= 1X.*/\1/p' /data/cailab/flask_output/20240508223837-eed0523f-881d-45c9-9913-f0b522237846/cover/de_CS-3w-caC/genome_results.txt)
        ref_size=$(sed -n 's/.*number of bases = \([0-9,]*\) bp.*/\1/p' /data/cailab/flask_output/20240508223837-eed0523f-881d-45c9-9913-f0b522237846/cover/de_CS-3w-caC/genome_results.txt | tr -d ',')
        map_size=$(sed -n 's/.*number of mapped bases = \([0-9,]*\) bp.*/\1/p' /data/cailab/flask_output/20240508223837-eed0523f-881d-45c9-9913-f0b522237846/cover/de_CS-3w-caC/genome_results.txt | tr -d ',')

        gc=$(python3 /data/cailab/flask_snk/ref/get_json.py /data/cailab/flask_output/20240508223837-eed0523f-881d-45c9-9913-f0b522237846/trim/CS-3w-caC.json summary,after_filtering,gc_content)
        q20=$(python3 /data/cailab/flask_snk/ref/get_json.py /data/cailab/flask_output/20240508223837-eed0523f-881d-45c9-9913-f0b522237846/trim/CS-3w-caC.json summary,after_filtering,q20_rate)
        q30=$(python3 /data/cailab/flask_snk/ref/get_json.py /data/cailab/flask_output/20240508223837-eed0523f-881d-45c9-9913-f0b522237846/trim/CS-3w-caC.json summary,after_filtering,q30_rate)
        chrm_num=$(samtools view -c /data/cailab/flask_output/20240508223837-eed0523f-881d-45c9-9913-f0b522237846/bam/CS-3w-caC.bam chrM)
        
        hmc_cpg=$(awk '$7 == "CpG" { sum += $4; count++ } END { if (count > 0) print sum / count }' /data/cailab/flask_output/20240508223837-eed0523f-881d-45c9-9913-f0b522237846/debam/de_CS-3w-caC.bam.all.bed.hmc) 
        hmc_chg=$(awk '$7 == "CHG" { sum += $4; count++ } END { if (count > 0) print sum / count }' /data/cailab/flask_output/20240508223837-eed0523f-881d-45c9-9913-f0b522237846/debam/de_CS-3w-caC.bam.all.bed.hmc) 
        hmc_chh=$(awk '$7 == "CHH" { sum += $4; count++ } END { if (count > 0) print sum / count }' /data/cailab/flask_output/20240508223837-eed0523f-881d-45c9-9913-f0b522237846/debam/de_CS-3w-caC.bam.all.bed.hmc)
        mc_cpg=$(awk '$7 == "CpG" { sum += $4; count++ } END { if (count > 0) print sum / count }' /data/cailab/flask_output/20240508223837-eed0523f-881d-45c9-9913-f0b522237846/debam/de_CS-3w-caC.bam.all.bed.mc)
        mc_chg=$(awk '$7 == "CHG" { sum += $4; count++ } END { if (count > 0) print sum / count }' /data/cailab/flask_output/20240508223837-eed0523f-881d-45c9-9913-f0b522237846/debam/de_CS-3w-caC.bam.all.bed.mc) 
        mc_chh=$(awk '$7 == "CHH" { sum += $4; count++ } END { if (count > 0) print sum / count }' /data/cailab/flask_output/20240508223837-eed0523f-881d-45c9-9913-f0b522237846/debam/de_CS-3w-caC.bam.all.bed.mc)
        hmc=$(echo "scale=4; cpg=$hmc_cpg; chg=$hmc_chg; chh=$hmc_chh; cpg/1 "|" chg/1 "|" chh/1" | bc)
        mc=$(echo "scale=4; cpg=$mc_cpg; chg=$mc_chg; chh=$mc_chh; cpg/1 "|" chg/1 "|" chh/1" | bc)


     
        [ "$(echo "$raw_read_num == 0" | bc)" -eq 1 ] && raw_read_num=100000000000
        [ "$(echo "$clean_read_num == 0" | bc)" -eq 1 ] && clean_read_num=100000000000
        [ "$(echo "$cover == 0" | bc)" -eq 1 ] && cover=100000000000
        [ "$(echo "$map_read_num == 0" | bc)" -eq 1 ] && map_read_num=100000000000
        ########################################
        sequence_size=$(echo "scale=4; $raw_size/1000000000" | bc)
        clean_read_ratio=$(echo "scale=4; $trimed_read_num/$raw_read_num" | bc)
        match_model_ratio=$(echo "scale=4; $model_read_num/($trimed_read_num*2)" | bc)
        duplication_rate=$(echo "scale=4; (($clean_read_num-$de_read_num)/$clean_read_num)" | bc)
        map_read_ratio=$(echo "scale=4; $map_read_num/$clean_read_num" | bc)
        average_depth=$(echo "scale=4; $map_size/($cover*$ref_size*0.01)" | bc)


        mit_ratio=$(echo "scale=4; $chrm_num/$map_read_num" | bc)
        gc_filter_ratio=$(echo "scale=4; $gc/1" | bc)
        q20_filter_ratio=$(echo "scale=4; $q20/1" | bc)
        q30_filter_ratio=$(echo "scale=4; $q30/1" | bc)


        echo -e "name	sequence_size	clean_read_ratio	match_model_ratio	duplication_rate	map_read_ratio	cover_ratio	average_depth	hmc	mc	gc_filter_ratio	mit_ratio	q20_filter_ratio	q30_filter_ratio	total_reads_raw" > /data/cailab/flask_output/20240508223837-eed0523f-881d-45c9-9913-f0b522237846/final_log/CS-3w-caC.log

        echo -e "$name	$sequence_size(G)	$clean_read_ratio	$match_model_ratio	$duplication_rate	$map_read_ratio	$cover	$average_depth	$hmc	$mc	$gc_filter_ratio	$mit_ratio	$q20_filter_ratio	$q30_filter_ratio	$raw_read_num" >> /data/cailab/flask_output/20240508223837-eed0523f-881d-45c9-9913-f0b522237846/final_log/CS-3w-caC.log
        
        (one of the commands exited with non-zero exit code; note that snakemake uses bash strict mode!)

[Thu May  9 14:55:21 2024]
Error in rule get_log:
    jobid: 15
    input: /data/cailab/flask_output/20240508223837-eed0523f-881d-45c9-9913-f0b522237846/trim/CS-3w-C.fq, /data/cailab/flask_output/20240508223837-eed0523f-881d-45c9-9913-f0b522237846/trim/CS-3w-C.json, /data/cailab/flask_output/20240508223837-eed0523f-881d-45c9-9913-f0b522237846/cover/de_CS-3w-C/genome_results.txt, /data/cailab/flask_output/20240508223837-eed0523f-881d-45c9-9913-f0b522237846/bam/CS-3w-C.bam, /data/cailab/flask_output/20240508223837-eed0523f-881d-45c9-9913-f0b522237846/debam/de_CS-3w-C.bam, /data/cailab/flask_output/20240508223837-eed0523f-881d-45c9-9913-f0b522237846/debam/de_CS-3w-C.bam.all.bed.hmc, /data/cailab/flask_output/20240508223837-eed0523f-881d-45c9-9913-f0b522237846/debam/de_CS-3w-C.bam.all.bed.mc
    output: /data/cailab/flask_output/20240508223837-eed0523f-881d-45c9-9913-f0b522237846/final_log/CS-3w-C.log
    conda-env: flask2024
    shell:
        
        name=$(echo CS-3w-C)
        raw_size=$(python3 /data/cailab/flask_snk/ref/get_json.py /data/cailab/flask_output/20240508223837-eed0523f-881d-45c9-9913-f0b522237846/trim/CS-3w-C.json summary,before_filtering,total_bases)
        raw_read_num=$(python3 /data/cailab/flask_snk/ref/get_json.py /data/cailab/flask_output/20240508223837-eed0523f-881d-45c9-9913-f0b522237846/trim/CS-3w-C.json summary,before_filtering,total_reads)
        trimed_read_num=$(python3 /data/cailab/flask_snk/ref/get_json.py /data/cailab/flask_output/20240508223837-eed0523f-881d-45c9-9913-f0b522237846/trim/CS-3w-C.json summary,after_filtering,total_reads)
        model_read_num=$(wc -l < /data/cailab/flask_output/20240508223837-eed0523f-881d-45c9-9913-f0b522237846/trim/CS-3w-C.fq)
        dup_radio1=$(python3 /data/cailab/flask_snk/ref/get_json.py /data/cailab/flask_output/20240508223837-eed0523f-881d-45c9-9913-f0b522237846/trim/CS-3w-C.json duplication,rate)

        clean_read_num=$(samtools view -c /data/cailab/flask_output/20240508223837-eed0523f-881d-45c9-9913-f0b522237846/bam/CS-3w-C.bam) 
        de_read_num=$(samtools view -c /data/cailab/flask_output/20240508223837-eed0523f-881d-45c9-9913-f0b522237846/debam/de_CS-3w-C.bam)
        map_read_num=$(samtools view -c -F 4 /data/cailab/flask_output/20240508223837-eed0523f-881d-45c9-9913-f0b522237846/bam/CS-3w-C.bam)
        
        cover=$(sed -n 's/.*There is a \([0-9.]*\)\% of reference with a coverageData >= 1X.*/\1/p' /data/cailab/flask_output/20240508223837-eed0523f-881d-45c9-9913-f0b522237846/cover/de_CS-3w-C/genome_results.txt)
        ref_size=$(sed -n 's/.*number of bases = \([0-9,]*\) bp.*/\1/p' /data/cailab/flask_output/20240508223837-eed0523f-881d-45c9-9913-f0b522237846/cover/de_CS-3w-C/genome_results.txt | tr -d ',')
        map_size=$(sed -n 's/.*number of mapped bases = \([0-9,]*\) bp.*/\1/p' /data/cailab/flask_output/20240508223837-eed0523f-881d-45c9-9913-f0b522237846/cover/de_CS-3w-C/genome_results.txt | tr -d ',')

        gc=$(python3 /data/cailab/flask_snk/ref/get_json.py /data/cailab/flask_output/20240508223837-eed0523f-881d-45c9-9913-f0b522237846/trim/CS-3w-C.json summary,after_filtering,gc_content)
        q20=$(python3 /data/cailab/flask_snk/ref/get_json.py /data/cailab/flask_output/20240508223837-eed0523f-881d-45c9-9913-f0b522237846/trim/CS-3w-C.json summary,after_filtering,q20_rate)
        q30=$(python3 /data/cailab/flask_snk/ref/get_json.py /data/cailab/flask_output/20240508223837-eed0523f-881d-45c9-9913-f0b522237846/trim/CS-3w-C.json summary,after_filtering,q30_rate)
        chrm_num=$(samtools view -c /data/cailab/flask_output/20240508223837-eed0523f-881d-45c9-9913-f0b522237846/bam/CS-3w-C.bam chrM)
        
        hmc_cpg=$(awk '$7 == "CpG" { sum += $4; count++ } END { if (count > 0) print sum / count }' /data/cailab/flask_output/20240508223837-eed0523f-881d-45c9-9913-f0b522237846/debam/de_CS-3w-C.bam.all.bed.hmc) 
        hmc_chg=$(awk '$7 == "CHG" { sum += $4; count++ } END { if (count > 0) print sum / count }' /data/cailab/flask_output/20240508223837-eed0523f-881d-45c9-9913-f0b522237846/debam/de_CS-3w-C.bam.all.bed.hmc) 
        hmc_chh=$(awk '$7 == "CHH" { sum += $4; count++ } END { if (count > 0) print sum / count }' /data/cailab/flask_output/20240508223837-eed0523f-881d-45c9-9913-f0b522237846/debam/de_CS-3w-C.bam.all.bed.hmc)
        mc_cpg=$(awk '$7 == "CpG" { sum += $4; count++ } END { if (count > 0) print sum / count }' /data/cailab/flask_output/20240508223837-eed0523f-881d-45c9-9913-f0b522237846/debam/de_CS-3w-C.bam.all.bed.mc)
        mc_chg=$(awk '$7 == "CHG" { sum += $4; count++ } END { if (count > 0) print sum / count }' /data/cailab/flask_output/20240508223837-eed0523f-881d-45c9-9913-f0b522237846/debam/de_CS-3w-C.bam.all.bed.mc) 
        mc_chh=$(awk '$7 == "CHH" { sum += $4; count++ } END { if (count > 0) print sum / count }' /data/cailab/flask_output/20240508223837-eed0523f-881d-45c9-9913-f0b522237846/debam/de_CS-3w-C.bam.all.bed.mc)
        hmc=$(echo "scale=4; cpg=$hmc_cpg; chg=$hmc_chg; chh=$hmc_chh; cpg/1 "|" chg/1 "|" chh/1" | bc)
        mc=$(echo "scale=4; cpg=$mc_cpg; chg=$mc_chg; chh=$mc_chh; cpg/1 "|" chg/1 "|" chh/1" | bc)


     
        [ "$(echo "$raw_read_num == 0" | bc)" -eq 1 ] && raw_read_num=100000000000
        [ "$(echo "$clean_read_num == 0" | bc)" -eq 1 ] && clean_read_num=100000000000
        [ "$(echo "$cover == 0" | bc)" -eq 1 ] && cover=100000000000
        [ "$(echo "$map_read_num == 0" | bc)" -eq 1 ] && map_read_num=100000000000
        ########################################
        sequence_size=$(echo "scale=4; $raw_size/1000000000" | bc)
        clean_read_ratio=$(echo "scale=4; $trimed_read_num/$raw_read_num" | bc)
        match_model_ratio=$(echo "scale=4; $model_read_num/($trimed_read_num*2)" | bc)
        duplication_rate=$(echo "scale=4; (($clean_read_num-$de_read_num)/$clean_read_num)" | bc)
        map_read_ratio=$(echo "scale=4; $map_read_num/$clean_read_num" | bc)
        average_depth=$(echo "scale=4; $map_size/($cover*$ref_size*0.01)" | bc)


        mit_ratio=$(echo "scale=4; $chrm_num/$map_read_num" | bc)
        gc_filter_ratio=$(echo "scale=4; $gc/1" | bc)
        q20_filter_ratio=$(echo "scale=4; $q20/1" | bc)
        q30_filter_ratio=$(echo "scale=4; $q30/1" | bc)


        echo -e "name	sequence_size	clean_read_ratio	match_model_ratio	duplication_rate	map_read_ratio	cover_ratio	average_depth	hmc	mc	gc_filter_ratio	mit_ratio	q20_filter_ratio	q30_filter_ratio	total_reads_raw" > /data/cailab/flask_output/20240508223837-eed0523f-881d-45c9-9913-f0b522237846/final_log/CS-3w-C.log

        echo -e "$name	$sequence_size(G)	$clean_read_ratio	$match_model_ratio	$duplication_rate	$map_read_ratio	$cover	$average_depth	$hmc	$mc	$gc_filter_ratio	$mit_ratio	$q20_filter_ratio	$q30_filter_ratio	$raw_read_num" >> /data/cailab/flask_output/20240508223837-eed0523f-881d-45c9-9913-f0b522237846/final_log/CS-3w-C.log
        
        (one of the commands exited with non-zero exit code; note that snakemake uses bash strict mode!)

Shutting down, this might take some time.
Exiting because a job execution failed. Look above for error message
Complete log: .snakemake/log/2024-05-09T145354.614739.snakemake.log
WorkflowError:
At least one job did not complete successfully.
