Building DAG of jobs...
Using shell: /usr/bin/bash
Provided cores: 20
Rules claiming more threads will be scaled down.
Job stats:
job            count
-----------  -------
all                1
bowtie2_se         1
fastp_pe           1
hairpin_cut        1
total              4

Select jobs to execute...
Execute 1 jobs...

[Wed May  8 15:28:50 2024]
localrule fastp_pe:
    input: /data/cailab/fastq/2w_1.fq.gz, /data/cailab/fastq/2w_2.fq.gz
    output: /data/cailab/flask_output/20240508152831-9826b497-cc18-42f4-b1fa-0ccdabc40a48/trim/trim_2w_1.fq.gz, /data/cailab/flask_output/20240508152831-9826b497-cc18-42f4-b1fa-0ccdabc40a48/trim/trim_2w_2.fq.gz, /data/cailab/flask_output/20240508152831-9826b497-cc18-42f4-b1fa-0ccdabc40a48/trim/2w.json, /data/cailab/flask_output/20240508152831-9826b497-cc18-42f4-b1fa-0ccdabc40a48/trim/2w.html
    log: /data/cailab/flask_output/20240508152831-9826b497-cc18-42f4-b1fa-0ccdabc40a48/logs/fastp/2w.log
    jobid: 3
    reason: Missing output files: /data/cailab/flask_output/20240508152831-9826b497-cc18-42f4-b1fa-0ccdabc40a48/trim/trim_2w_2.fq.gz, /data/cailab/flask_output/20240508152831-9826b497-cc18-42f4-b1fa-0ccdabc40a48/trim/trim_2w_1.fq.gz
    wildcards: sample=2w
    threads: 2
    resources: mem_mb=1000, mem_mib=954, disk_mb=1000, disk_mib=954, tmpdir=/data/cailab/flask_output/20240508152831-9826b497-cc18-42f4-b1fa-0ccdabc40a48/temp_test

Activating conda environment: flask2024
[Wed May  8 15:28:57 2024]
Finished job 3.
1 of 4 steps (25%) done
Select jobs to execute...
Execute 1 jobs...

[Wed May  8 15:28:57 2024]
localrule hairpin_cut:
    input: /data/cailab/flask_output/20240508152831-9826b497-cc18-42f4-b1fa-0ccdabc40a48/trim/trim_2w_1.fq.gz, /data/cailab/flask_output/20240508152831-9826b497-cc18-42f4-b1fa-0ccdabc40a48/trim/trim_2w_2.fq.gz
    output: /data/cailab/flask_output/20240508152831-9826b497-cc18-42f4-b1fa-0ccdabc40a48/trim/2w.fq, /data/cailab/flask_output/20240508152831-9826b497-cc18-42f4-b1fa-0ccdabc40a48/trim/2w_cut_f1.fq, /data/cailab/flask_output/20240508152831-9826b497-cc18-42f4-b1fa-0ccdabc40a48/trim/2w_cut_f2.fq
    log: /data/cailab/flask_output/20240508152831-9826b497-cc18-42f4-b1fa-0ccdabc40a48/logs/hairpin_cut/2w.log
    jobid: 2
    reason: Missing output files: /data/cailab/flask_output/20240508152831-9826b497-cc18-42f4-b1fa-0ccdabc40a48/trim/2w.fq; Input files updated by another job: /data/cailab/flask_output/20240508152831-9826b497-cc18-42f4-b1fa-0ccdabc40a48/trim/trim_2w_2.fq.gz, /data/cailab/flask_output/20240508152831-9826b497-cc18-42f4-b1fa-0ccdabc40a48/trim/trim_2w_1.fq.gz
    wildcards: sample=2w
    threads: 20
    resources: mem_mb=1000, mem_mib=954, disk_mb=1000, disk_mib=954, tmpdir=/data/cailab/flask_output/20240508152831-9826b497-cc18-42f4-b1fa-0ccdabc40a48/temp_test

Activating conda environment: flask2024
[Wed May  8 15:28:57 2024]
Error in rule hairpin_cut:
    jobid: 2
    input: /data/cailab/flask_output/20240508152831-9826b497-cc18-42f4-b1fa-0ccdabc40a48/trim/trim_2w_1.fq.gz, /data/cailab/flask_output/20240508152831-9826b497-cc18-42f4-b1fa-0ccdabc40a48/trim/trim_2w_2.fq.gz
    output: /data/cailab/flask_output/20240508152831-9826b497-cc18-42f4-b1fa-0ccdabc40a48/trim/2w.fq, /data/cailab/flask_output/20240508152831-9826b497-cc18-42f4-b1fa-0ccdabc40a48/trim/2w_cut_f1.fq, /data/cailab/flask_output/20240508152831-9826b497-cc18-42f4-b1fa-0ccdabc40a48/trim/2w_cut_f2.fq
    log: /data/cailab/flask_output/20240508152831-9826b497-cc18-42f4-b1fa-0ccdabc40a48/logs/hairpin_cut/2w.log (check log file(s) for error details)
    conda-env: flask2024
    shell:
        
        (python3 /data/cailab/flask_snk/ref/new_hairpin_cut.py --fq1 /data/cailab/flask_output/20240508152831-9826b497-cc18-42f4-b1fa-0ccdabc40a48/trim/trim_2w_1.fq.gz --fq2 /data/cailab/flask_output/20240508152831-9826b497-cc18-42f4-b1fa-0ccdabc40a48/trim/trim_2w_2.fq.gz           --outfile /data/cailab/flask_output/20240508152831-9826b497-cc18-42f4-b1fa-0ccdabc40a48/trim/2w --min 50 --rule 2 --parallel 20) > /data/cailab/flask_output/20240508152831-9826b497-cc18-42f4-b1fa-0ccdabc40a48/logs/hairpin_cut/2w.log 2>&1
        
        (one of the commands exited with non-zero exit code; note that snakemake uses bash strict mode!)

Shutting down, this might take some time.
Exiting because a job execution failed. Look above for error message
Complete log: .snakemake/log/2024-05-08T152850.214850.snakemake.log
WorkflowError:
At least one job did not complete successfully.
