Building DAG of jobs...
Using shell: /usr/bin/bash
Provided cores: 20
Rules claiming more threads will be scaled down.
Job stats:
job                  count
-----------------  -------
all                      1
bowtie2_se               1
de_extract_mc_hmc        1
extract_mc_hmc           1
fastp_pe                 1
hairpin_cut              1
mark_duplicate           1
qualimap_bamqc           1
total                    8

Select jobs to execute...
Execute 1 jobs...

[Wed May  8 22:34:37 2024]
localrule fastp_pe:
    input: /data/cailab/temp/fastq/1w_1.fq.gz, /data/cailab/temp/fastq/1w_2.fq.gz
    output: /data/cailab/flask_output/20240508223413-d9ad959b-3436-43c2-b7c5-b301e6770740/trim/trim_1w_1.fq.gz, /data/cailab/flask_output/20240508223413-d9ad959b-3436-43c2-b7c5-b301e6770740/trim/trim_1w_2.fq.gz, /data/cailab/flask_output/20240508223413-d9ad959b-3436-43c2-b7c5-b301e6770740/trim/1w.json, /data/cailab/flask_output/20240508223413-d9ad959b-3436-43c2-b7c5-b301e6770740/trim/1w.html
    log: /data/cailab/flask_output/20240508223413-d9ad959b-3436-43c2-b7c5-b301e6770740/logs/fastp/1w.log
    jobid: 3
    reason: Missing output files: /data/cailab/flask_output/20240508223413-d9ad959b-3436-43c2-b7c5-b301e6770740/trim/trim_1w_1.fq.gz, /data/cailab/flask_output/20240508223413-d9ad959b-3436-43c2-b7c5-b301e6770740/trim/trim_1w_2.fq.gz
    wildcards: sample=1w
    threads: 2
    resources: mem_mb=1000, mem_mib=954, disk_mb=1000, disk_mib=954, tmpdir=/data/cailab/flask_output/20240508223413-d9ad959b-3436-43c2-b7c5-b301e6770740/temp_test

Activating conda environment: flask2024
[Wed May  8 22:34:43 2024]
Finished job 3.
1 of 8 steps (12%) done
Select jobs to execute...
Execute 1 jobs...

[Wed May  8 22:34:43 2024]
localrule hairpin_cut:
    input: /data/cailab/flask_output/20240508223413-d9ad959b-3436-43c2-b7c5-b301e6770740/trim/trim_1w_1.fq.gz, /data/cailab/flask_output/20240508223413-d9ad959b-3436-43c2-b7c5-b301e6770740/trim/trim_1w_2.fq.gz
    output: /data/cailab/flask_output/20240508223413-d9ad959b-3436-43c2-b7c5-b301e6770740/trim/1w.fq, /data/cailab/flask_output/20240508223413-d9ad959b-3436-43c2-b7c5-b301e6770740/trim/1w_cut_f1.fq, /data/cailab/flask_output/20240508223413-d9ad959b-3436-43c2-b7c5-b301e6770740/trim/1w_cut_f2.fq
    log: /data/cailab/flask_output/20240508223413-d9ad959b-3436-43c2-b7c5-b301e6770740/logs/hairpin_cut/1w.log
    jobid: 2
    reason: Missing output files: /data/cailab/flask_output/20240508223413-d9ad959b-3436-43c2-b7c5-b301e6770740/trim/1w.fq, /data/cailab/flask_output/20240508223413-d9ad959b-3436-43c2-b7c5-b301e6770740/trim/1w_cut_f1.fq; Input files updated by another job: /data/cailab/flask_output/20240508223413-d9ad959b-3436-43c2-b7c5-b301e6770740/trim/trim_1w_1.fq.gz, /data/cailab/flask_output/20240508223413-d9ad959b-3436-43c2-b7c5-b301e6770740/trim/trim_1w_2.fq.gz
    wildcards: sample=1w
    threads: 20
    resources: mem_mb=1000, mem_mib=954, disk_mb=1000, disk_mib=954, tmpdir=/data/cailab/flask_output/20240508223413-d9ad959b-3436-43c2-b7c5-b301e6770740/temp_test

Activating conda environment: flask2024
[Wed May  8 22:34:44 2024]
Finished job 2.
2 of 8 steps (25%) done
Select jobs to execute...
Execute 1 jobs...

[Wed May  8 22:34:44 2024]
localrule bowtie2_se:
    input: /data/cailab/flask_output/20240508223413-d9ad959b-3436-43c2-b7c5-b301e6770740/trim/1w.fq
    output: /data/cailab/flask_output/20240508223413-d9ad959b-3436-43c2-b7c5-b301e6770740/bam/1w.bam
    log: /data/cailab/flask_output/20240508223413-d9ad959b-3436-43c2-b7c5-b301e6770740/logs/bowtie2/1w.log
    jobid: 1
    reason: Missing output files: /data/cailab/flask_output/20240508223413-d9ad959b-3436-43c2-b7c5-b301e6770740/bam/1w.bam; Input files updated by another job: /data/cailab/flask_output/20240508223413-d9ad959b-3436-43c2-b7c5-b301e6770740/trim/1w.fq
    wildcards: sample=1w
    threads: 10
    resources: mem_mb=1000, mem_mib=954, disk_mb=1000, disk_mib=954, tmpdir=/data/cailab/flask_output/20240508223413-d9ad959b-3436-43c2-b7c5-b301e6770740/temp_test

[Wed May  8 22:34:47 2024]
Finished job 1.
3 of 8 steps (38%) done
Select jobs to execute...
Execute 1 jobs...

[Wed May  8 22:34:47 2024]
localrule mark_duplicate:
    input: /data/cailab/flask_output/20240508223413-d9ad959b-3436-43c2-b7c5-b301e6770740/bam/1w.bam, /data/cailab/temp/fastq/1w_1.fq.gz, /data/cailab/temp/fastq/1w_2.fq.gz
    output: /data/cailab/flask_output/20240508223413-d9ad959b-3436-43c2-b7c5-b301e6770740/debam/de_temp_1w.bam, /data/cailab/flask_output/20240508223413-d9ad959b-3436-43c2-b7c5-b301e6770740/debam/de_1w.bam
    log: /data/cailab/flask_output/20240508223413-d9ad959b-3436-43c2-b7c5-b301e6770740/logs/dedup/1w.log
    jobid: 6
    reason: Missing output files: /data/cailab/flask_output/20240508223413-d9ad959b-3436-43c2-b7c5-b301e6770740/debam/de_1w.bam; Input files updated by another job: /data/cailab/flask_output/20240508223413-d9ad959b-3436-43c2-b7c5-b301e6770740/bam/1w.bam
    wildcards: sample=1w
    threads: 10
    resources: mem_mb=1000, mem_mib=954, disk_mb=1000, disk_mib=954, tmpdir=/data/cailab/flask_output/20240508223413-d9ad959b-3436-43c2-b7c5-b301e6770740/temp_test

[Wed May  8 22:34:47 2024]
Finished job 6.
4 of 8 steps (50%) done
Removing temporary output /data/cailab/flask_output/20240508223413-d9ad959b-3436-43c2-b7c5-b301e6770740/debam/de_temp_1w.bam.
Select jobs to execute...
Execute 1 jobs...

[Wed May  8 22:34:47 2024]
localrule extract_mc_hmc:
    input: /data/cailab/flask_output/20240508223413-d9ad959b-3436-43c2-b7c5-b301e6770740/bam/1w.bam, /data/cailab/flask_output/20240508223413-d9ad959b-3436-43c2-b7c5-b301e6770740/trim/1w_cut_f1.fq
    output: /data/cailab/flask_output/20240508223413-d9ad959b-3436-43c2-b7c5-b301e6770740/bam/1w.bam.all.bed.hmc, /data/cailab/flask_output/20240508223413-d9ad959b-3436-43c2-b7c5-b301e6770740/bam/1w.bam.all.bed.mc
    log: /data/cailab/flask_output/20240508223413-d9ad959b-3436-43c2-b7c5-b301e6770740/logs/extract_mc_hmc/1w.log
    jobid: 4
    reason: Missing output files: /data/cailab/flask_output/20240508223413-d9ad959b-3436-43c2-b7c5-b301e6770740/bam/1w.bam.all.bed.hmc; Input files updated by another job: /data/cailab/flask_output/20240508223413-d9ad959b-3436-43c2-b7c5-b301e6770740/bam/1w.bam, /data/cailab/flask_output/20240508223413-d9ad959b-3436-43c2-b7c5-b301e6770740/trim/1w_cut_f1.fq
    wildcards: sample=1w
    threads: 20
    resources: mem_mb=1000, mem_mib=954, disk_mb=1000, disk_mib=954, tmpdir=/data/cailab/flask_output/20240508223413-d9ad959b-3436-43c2-b7c5-b301e6770740/temp_test

[Wed May  8 22:35:46 2024]
Finished job 4.
5 of 8 steps (62%) done
Select jobs to execute...
Execute 1 jobs...

[Wed May  8 22:35:46 2024]
localrule de_extract_mc_hmc:
    input: /data/cailab/flask_output/20240508223413-d9ad959b-3436-43c2-b7c5-b301e6770740/debam/de_1w.bam, /data/cailab/flask_output/20240508223413-d9ad959b-3436-43c2-b7c5-b301e6770740/trim/1w_cut_f1.fq
    output: /data/cailab/flask_output/20240508223413-d9ad959b-3436-43c2-b7c5-b301e6770740/debam/de_1w.bam.all.bed.hmc, /data/cailab/flask_output/20240508223413-d9ad959b-3436-43c2-b7c5-b301e6770740/debam/de_1w.bam.all.bed.mc
    log: /data/cailab/flask_output/20240508223413-d9ad959b-3436-43c2-b7c5-b301e6770740/logs/de_extract_mc_hmc/1w.log
    jobid: 5
    reason: Missing output files: /data/cailab/flask_output/20240508223413-d9ad959b-3436-43c2-b7c5-b301e6770740/debam/de_1w.bam.all.bed.hmc; Input files updated by another job: /data/cailab/flask_output/20240508223413-d9ad959b-3436-43c2-b7c5-b301e6770740/debam/de_1w.bam, /data/cailab/flask_output/20240508223413-d9ad959b-3436-43c2-b7c5-b301e6770740/trim/1w_cut_f1.fq
    wildcards: sample=1w
    threads: 20
    resources: mem_mb=1000, mem_mib=954, disk_mb=1000, disk_mib=954, tmpdir=/data/cailab/flask_output/20240508223413-d9ad959b-3436-43c2-b7c5-b301e6770740/temp_test

[Wed May  8 22:36:43 2024]
Finished job 5.
6 of 8 steps (75%) done
Select jobs to execute...
Execute 1 jobs...

[Wed May  8 22:36:43 2024]
localrule qualimap_bamqc:
    input: /data/cailab/flask_output/20240508223413-d9ad959b-3436-43c2-b7c5-b301e6770740/debam/de_1w.bam
    output: /data/cailab/flask_output/20240508223413-d9ad959b-3436-43c2-b7c5-b301e6770740/cover/de_1w/genome_results.txt
    log: /data/cailab/flask_output/20240508223413-d9ad959b-3436-43c2-b7c5-b301e6770740/logs/qualimap/de_1w.log
    jobid: 7
    reason: Missing output files: /data/cailab/flask_output/20240508223413-d9ad959b-3436-43c2-b7c5-b301e6770740/cover/de_1w/genome_results.txt; Input files updated by another job: /data/cailab/flask_output/20240508223413-d9ad959b-3436-43c2-b7c5-b301e6770740/debam/de_1w.bam
    wildcards: sample=1w
    threads: 10
    resources: mem_mb=1000, mem_mib=954, disk_mb=1000, disk_mib=954, tmpdir=/data/cailab/flask_output/20240508223413-d9ad959b-3436-43c2-b7c5-b301e6770740/temp_test

[Wed May  8 22:37:05 2024]
Error in rule qualimap_bamqc:
    jobid: 7
    input: /data/cailab/flask_output/20240508223413-d9ad959b-3436-43c2-b7c5-b301e6770740/debam/de_1w.bam
    output: /data/cailab/flask_output/20240508223413-d9ad959b-3436-43c2-b7c5-b301e6770740/cover/de_1w/genome_results.txt
    log: /data/cailab/flask_output/20240508223413-d9ad959b-3436-43c2-b7c5-b301e6770740/logs/qualimap/de_1w.log (check log file(s) for error details)
    shell:
        
        (/data/biosoft/soft2024/qualimap/qualimap_v2.3/qualimap bamqc -bam /data/cailab/flask_output/20240508223413-d9ad959b-3436-43c2-b7c5-b301e6770740/debam/de_1w.bam -outdir /data/cailab/flask_output/20240508223413-d9ad959b-3436-43c2-b7c5-b301e6770740/cover/de_1w -outformat PDF:HTML -nt 10 --java-mem-size=20G) > /data/cailab/flask_output/20240508223413-d9ad959b-3436-43c2-b7c5-b301e6770740/logs/qualimap/de_1w.log 2>&1
        
        (one of the commands exited with non-zero exit code; note that snakemake uses bash strict mode!)

Shutting down, this might take some time.
Exiting because a job execution failed. Look above for error message
Complete log: .snakemake/log/2024-05-08T223437.814106.snakemake.log
WorkflowError:
At least one job did not complete successfully.
