Building DAG of jobs...
Using shell: /usr/bin/bash
Provided cores: 20
Rules claiming more threads will be scaled down.
Job stats:
job               count
--------------  -------
all                   1
bowtie2_pe            1
fastp_pe              1
get_log               1
mark_duplicate        1
qualimap_bamqc        1
total                 6

Select jobs to execute...
Execute 1 jobs...

[Wed May  8 19:41:55 2024]
localrule fastp_pe:
    input: /data/cailab/temp/fastq/1w_1.fq.gz, /data/cailab/temp/fastq/1w_2.fq.gz
    output: /data/cailab/flask_output/20240508194146-fa7ff0d6-c292-468b-8b4c-57c543bb3051/trim/trim_1w_1.fq.gz, /data/cailab/flask_output/20240508194146-fa7ff0d6-c292-468b-8b4c-57c543bb3051/trim/trim_1w_2.fq.gz, /data/cailab/flask_output/20240508194146-fa7ff0d6-c292-468b-8b4c-57c543bb3051/trim/1w_pair.json, /data/cailab/flask_output/20240508194146-fa7ff0d6-c292-468b-8b4c-57c543bb3051/trim/1w_pair.html
    log: /data/cailab/flask_output/20240508194146-fa7ff0d6-c292-468b-8b4c-57c543bb3051/logs/fastp/1w.log
    jobid: 2
    reason: Missing output files: /data/cailab/flask_output/20240508194146-fa7ff0d6-c292-468b-8b4c-57c543bb3051/trim/trim_1w_1.fq.gz, /data/cailab/flask_output/20240508194146-fa7ff0d6-c292-468b-8b4c-57c543bb3051/trim/trim_1w_2.fq.gz, /data/cailab/flask_output/20240508194146-fa7ff0d6-c292-468b-8b4c-57c543bb3051/trim/1w_pair.json
    wildcards: sample=1w
    threads: 2
    resources: mem_mb=1000, mem_mib=954, disk_mb=1000, disk_mib=954, tmpdir=/data/cailab/flask_output/20240508194146-fa7ff0d6-c292-468b-8b4c-57c543bb3051/temp_test

Activating conda environment: flask2024
[Wed May  8 19:42:00 2024]
Finished job 2.
1 of 6 steps (17%) done
Select jobs to execute...
Execute 1 jobs...

[Wed May  8 19:42:00 2024]
localrule bowtie2_pe:
    input: /data/cailab/flask_output/20240508194146-fa7ff0d6-c292-468b-8b4c-57c543bb3051/trim/trim_1w_1.fq.gz, /data/cailab/flask_output/20240508194146-fa7ff0d6-c292-468b-8b4c-57c543bb3051/trim/trim_1w_2.fq.gz
    output: /data/cailab/flask_output/20240508194146-fa7ff0d6-c292-468b-8b4c-57c543bb3051/bam/1w_pair.bam
    log: /data/cailab/flask_output/20240508194146-fa7ff0d6-c292-468b-8b4c-57c543bb3051/logs/bowtie2/1w.log
    jobid: 1
    reason: Missing output files: /data/cailab/flask_output/20240508194146-fa7ff0d6-c292-468b-8b4c-57c543bb3051/bam/1w_pair.bam; Input files updated by another job: /data/cailab/flask_output/20240508194146-fa7ff0d6-c292-468b-8b4c-57c543bb3051/trim/trim_1w_1.fq.gz, /data/cailab/flask_output/20240508194146-fa7ff0d6-c292-468b-8b4c-57c543bb3051/trim/trim_1w_2.fq.gz
    wildcards: sample=1w
    threads: 10
    resources: mem_mb=1000, mem_mib=954, disk_mb=1000, disk_mib=954, tmpdir=/data/cailab/flask_output/20240508194146-fa7ff0d6-c292-468b-8b4c-57c543bb3051/temp_test

[Wed May  8 19:42:06 2024]
Finished job 1.
2 of 6 steps (33%) done
Select jobs to execute...
Execute 1 jobs...

[Wed May  8 19:42:06 2024]
localrule mark_duplicate:
    input: /data/cailab/flask_output/20240508194146-fa7ff0d6-c292-468b-8b4c-57c543bb3051/bam/1w_pair.bam
    output: /data/cailab/flask_output/20240508194146-fa7ff0d6-c292-468b-8b4c-57c543bb3051/debam/1w_dedup.bam
    log: /data/cailab/flask_output/20240508194146-fa7ff0d6-c292-468b-8b4c-57c543bb3051/logs/duplication/1w.log
    jobid: 3
    reason: Missing output files: /data/cailab/flask_output/20240508194146-fa7ff0d6-c292-468b-8b4c-57c543bb3051/debam/1w_dedup.bam; Input files updated by another job: /data/cailab/flask_output/20240508194146-fa7ff0d6-c292-468b-8b4c-57c543bb3051/bam/1w_pair.bam
    wildcards: sample=1w
    threads: 4
    resources: mem_mb=1000, mem_mib=954, disk_mb=1000, disk_mib=954, tmpdir=/data/cailab/flask_output/20240508194146-fa7ff0d6-c292-468b-8b4c-57c543bb3051/temp_test

[Wed May  8 19:42:08 2024]
Finished job 3.
3 of 6 steps (50%) done
Select jobs to execute...
Execute 1 jobs...

[Wed May  8 19:42:08 2024]
localrule qualimap_bamqc:
    input: /data/cailab/flask_output/20240508194146-fa7ff0d6-c292-468b-8b4c-57c543bb3051/debam/1w_dedup.bam
    output: /data/cailab/flask_output/20240508194146-fa7ff0d6-c292-468b-8b4c-57c543bb3051/cover/1w/genome_results.txt
    log: /data/cailab/flask_output/20240508194146-fa7ff0d6-c292-468b-8b4c-57c543bb3051/logs/qualimap/1w.log
    jobid: 4
    reason: Missing output files: /data/cailab/flask_output/20240508194146-fa7ff0d6-c292-468b-8b4c-57c543bb3051/cover/1w/genome_results.txt; Input files updated by another job: /data/cailab/flask_output/20240508194146-fa7ff0d6-c292-468b-8b4c-57c543bb3051/debam/1w_dedup.bam
    wildcards: sample=1w
    threads: 10
    resources: mem_mb=1000, mem_mib=954, disk_mb=1000, disk_mib=954, tmpdir=/data/cailab/flask_output/20240508194146-fa7ff0d6-c292-468b-8b4c-57c543bb3051/temp_test

[Wed May  8 19:42:24 2024]
Finished job 4.
4 of 6 steps (67%) done
Select jobs to execute...
Execute 1 jobs...

[Wed May  8 19:42:24 2024]
localrule get_log:
    input: /data/cailab/flask_output/20240508194146-fa7ff0d6-c292-468b-8b4c-57c543bb3051/trim/1w_pair.json, /data/cailab/flask_output/20240508194146-fa7ff0d6-c292-468b-8b4c-57c543bb3051/cover/1w/genome_results.txt, /data/cailab/flask_output/20240508194146-fa7ff0d6-c292-468b-8b4c-57c543bb3051/bam/1w_pair.bam, /data/cailab/flask_output/20240508194146-fa7ff0d6-c292-468b-8b4c-57c543bb3051/debam/1w_dedup.bam
    output: /data/cailab/flask_output/20240508194146-fa7ff0d6-c292-468b-8b4c-57c543bb3051/final_log/1w.log
    jobid: 5
    reason: Missing output files: /data/cailab/flask_output/20240508194146-fa7ff0d6-c292-468b-8b4c-57c543bb3051/final_log/1w.log; Input files updated by another job: /data/cailab/flask_output/20240508194146-fa7ff0d6-c292-468b-8b4c-57c543bb3051/cover/1w/genome_results.txt, /data/cailab/flask_output/20240508194146-fa7ff0d6-c292-468b-8b4c-57c543bb3051/bam/1w_pair.bam, /data/cailab/flask_output/20240508194146-fa7ff0d6-c292-468b-8b4c-57c543bb3051/debam/1w_dedup.bam, /data/cailab/flask_output/20240508194146-fa7ff0d6-c292-468b-8b4c-57c543bb3051/trim/1w_pair.json
    wildcards: sample=1w
    threads: 4
    resources: mem_mb=1000, mem_mib=954, disk_mb=1000, disk_mib=954, tmpdir=/data/cailab/flask_output/20240508194146-fa7ff0d6-c292-468b-8b4c-57c543bb3051/temp_test

Activating conda environment: flask2024
Waiting at most 5 seconds for missing files.
MissingOutputException in rule get_log in file /data/cailab/flask_snk/WGS.py, line 140:
Job 5  completed successfully, but some output files are missing. Missing files after 5 seconds. This might be due to filesystem latency. If that is the case, consider to increase the wait time with --latency-wait:
/data/cailab/flask_output/20240508194146-fa7ff0d6-c292-468b-8b4c-57c543bb3051/final_log/1w.log (missing locally, parent dir contents: )
Shutting down, this might take some time.
Exiting because a job execution failed. Look above for error message
Complete log: .snakemake/log/2024-05-08T194155.329762.snakemake.log
WorkflowError:
At least one job did not complete successfully.
