Building DAG of jobs...
Using shell: /usr/bin/bash
Provided cores: 20
Rules claiming more threads will be scaled down.
Job stats:
job               count
--------------  -------
all                   1
bowtie2_pe            1
fastp_pe              1
get_log               1
mark_duplicate        1
qualimap_bamqc        1
total                 6

Select jobs to execute...
Execute 1 jobs...

[Wed May  8 21:51:19 2024]
localrule fastp_pe:
    input: /data/cailab/temp/fastq/1w_1.fq.gz, /data/cailab/temp/fastq/1w_2.fq.gz
    output: /data/cailab/flask_output/20240508215109-efc56cfd-bc3f-4a60-9d25-233314bc4359/trim/trim_1w_1.fq.gz, /data/cailab/flask_output/20240508215109-efc56cfd-bc3f-4a60-9d25-233314bc4359/trim/trim_1w_2.fq.gz, /data/cailab/flask_output/20240508215109-efc56cfd-bc3f-4a60-9d25-233314bc4359/trim/1w_pair.json, /data/cailab/flask_output/20240508215109-efc56cfd-bc3f-4a60-9d25-233314bc4359/trim/1w_pair.html
    log: /data/cailab/flask_output/20240508215109-efc56cfd-bc3f-4a60-9d25-233314bc4359/logs/fastp/1w.log
    jobid: 2
    reason: Missing output files: /data/cailab/flask_output/20240508215109-efc56cfd-bc3f-4a60-9d25-233314bc4359/trim/1w_pair.json, /data/cailab/flask_output/20240508215109-efc56cfd-bc3f-4a60-9d25-233314bc4359/trim/trim_1w_2.fq.gz, /data/cailab/flask_output/20240508215109-efc56cfd-bc3f-4a60-9d25-233314bc4359/trim/trim_1w_1.fq.gz
    wildcards: sample=1w
    threads: 2
    resources: mem_mb=1000, mem_mib=954, disk_mb=1000, disk_mib=954, tmpdir=/data/cailab/flask_output/20240508215109-efc56cfd-bc3f-4a60-9d25-233314bc4359/temp_test

Activating conda environment: flask2024
[Wed May  8 21:51:25 2024]
Finished job 2.
1 of 6 steps (17%) done
Select jobs to execute...
Execute 1 jobs...

[Wed May  8 21:51:25 2024]
localrule bowtie2_pe:
    input: /data/cailab/flask_output/20240508215109-efc56cfd-bc3f-4a60-9d25-233314bc4359/trim/trim_1w_1.fq.gz, /data/cailab/flask_output/20240508215109-efc56cfd-bc3f-4a60-9d25-233314bc4359/trim/trim_1w_2.fq.gz
    output: /data/cailab/flask_output/20240508215109-efc56cfd-bc3f-4a60-9d25-233314bc4359/bam/1w_pair.bam
    log: /data/cailab/flask_output/20240508215109-efc56cfd-bc3f-4a60-9d25-233314bc4359/logs/bowtie2/1w.log
    jobid: 1
    reason: Missing output files: /data/cailab/flask_output/20240508215109-efc56cfd-bc3f-4a60-9d25-233314bc4359/bam/1w_pair.bam; Input files updated by another job: /data/cailab/flask_output/20240508215109-efc56cfd-bc3f-4a60-9d25-233314bc4359/trim/trim_1w_2.fq.gz, /data/cailab/flask_output/20240508215109-efc56cfd-bc3f-4a60-9d25-233314bc4359/trim/trim_1w_1.fq.gz
    wildcards: sample=1w
    threads: 10
    resources: mem_mb=1000, mem_mib=954, disk_mb=1000, disk_mib=954, tmpdir=/data/cailab/flask_output/20240508215109-efc56cfd-bc3f-4a60-9d25-233314bc4359/temp_test

[Wed May  8 21:51:31 2024]
Finished job 1.
2 of 6 steps (33%) done
Select jobs to execute...
Execute 1 jobs...

[Wed May  8 21:51:31 2024]
localrule mark_duplicate:
    input: /data/cailab/flask_output/20240508215109-efc56cfd-bc3f-4a60-9d25-233314bc4359/bam/1w_pair.bam
    output: /data/cailab/flask_output/20240508215109-efc56cfd-bc3f-4a60-9d25-233314bc4359/debam/1w_dedup.bam
    log: /data/cailab/flask_output/20240508215109-efc56cfd-bc3f-4a60-9d25-233314bc4359/logs/duplication/1w.log
    jobid: 3
    reason: Missing output files: /data/cailab/flask_output/20240508215109-efc56cfd-bc3f-4a60-9d25-233314bc4359/debam/1w_dedup.bam; Input files updated by another job: /data/cailab/flask_output/20240508215109-efc56cfd-bc3f-4a60-9d25-233314bc4359/bam/1w_pair.bam
    wildcards: sample=1w
    threads: 4
    resources: mem_mb=1000, mem_mib=954, disk_mb=1000, disk_mib=954, tmpdir=/data/cailab/flask_output/20240508215109-efc56cfd-bc3f-4a60-9d25-233314bc4359/temp_test

[Wed May  8 21:51:32 2024]
Finished job 3.
3 of 6 steps (50%) done
Select jobs to execute...
Execute 1 jobs...

[Wed May  8 21:51:32 2024]
localrule qualimap_bamqc:
    input: /data/cailab/flask_output/20240508215109-efc56cfd-bc3f-4a60-9d25-233314bc4359/debam/1w_dedup.bam
    output: /data/cailab/flask_output/20240508215109-efc56cfd-bc3f-4a60-9d25-233314bc4359/cover/1w/genome_results.txt
    log: /data/cailab/flask_output/20240508215109-efc56cfd-bc3f-4a60-9d25-233314bc4359/logs/qualimap/1w.log
    jobid: 4
    reason: Missing output files: /data/cailab/flask_output/20240508215109-efc56cfd-bc3f-4a60-9d25-233314bc4359/cover/1w/genome_results.txt; Input files updated by another job: /data/cailab/flask_output/20240508215109-efc56cfd-bc3f-4a60-9d25-233314bc4359/debam/1w_dedup.bam
    wildcards: sample=1w
    threads: 10
    resources: mem_mb=1000, mem_mib=954, disk_mb=1000, disk_mib=954, tmpdir=/data/cailab/flask_output/20240508215109-efc56cfd-bc3f-4a60-9d25-233314bc4359/temp_test

[Wed May  8 21:51:50 2024]
Finished job 4.
4 of 6 steps (67%) done
Select jobs to execute...
Execute 1 jobs...

[Wed May  8 21:51:50 2024]
localrule get_log:
    input: /data/cailab/flask_output/20240508215109-efc56cfd-bc3f-4a60-9d25-233314bc4359/trim/1w_pair.json, /data/cailab/flask_output/20240508215109-efc56cfd-bc3f-4a60-9d25-233314bc4359/cover/1w/genome_results.txt, /data/cailab/flask_output/20240508215109-efc56cfd-bc3f-4a60-9d25-233314bc4359/bam/1w_pair.bam, /data/cailab/flask_output/20240508215109-efc56cfd-bc3f-4a60-9d25-233314bc4359/debam/1w_dedup.bam
    output: /data/cailab/flask_output/20240508215109-efc56cfd-bc3f-4a60-9d25-233314bc4359/final_log/1w.log
    jobid: 5
    reason: Missing output files: /data/cailab/flask_output/20240508215109-efc56cfd-bc3f-4a60-9d25-233314bc4359/final_log/1w.log; Input files updated by another job: /data/cailab/flask_output/20240508215109-efc56cfd-bc3f-4a60-9d25-233314bc4359/trim/1w_pair.json, /data/cailab/flask_output/20240508215109-efc56cfd-bc3f-4a60-9d25-233314bc4359/cover/1w/genome_results.txt, /data/cailab/flask_output/20240508215109-efc56cfd-bc3f-4a60-9d25-233314bc4359/bam/1w_pair.bam, /data/cailab/flask_output/20240508215109-efc56cfd-bc3f-4a60-9d25-233314bc4359/debam/1w_dedup.bam
    wildcards: sample=1w
    threads: 4
    resources: mem_mb=1000, mem_mib=954, disk_mb=1000, disk_mib=954, tmpdir=/data/cailab/flask_output/20240508215109-efc56cfd-bc3f-4a60-9d25-233314bc4359/temp_test

Activating conda environment: flask2024
[Wed May  8 21:51:51 2024]
Error in rule get_log:
    jobid: 5
    input: /data/cailab/flask_output/20240508215109-efc56cfd-bc3f-4a60-9d25-233314bc4359/trim/1w_pair.json, /data/cailab/flask_output/20240508215109-efc56cfd-bc3f-4a60-9d25-233314bc4359/cover/1w/genome_results.txt, /data/cailab/flask_output/20240508215109-efc56cfd-bc3f-4a60-9d25-233314bc4359/bam/1w_pair.bam, /data/cailab/flask_output/20240508215109-efc56cfd-bc3f-4a60-9d25-233314bc4359/debam/1w_dedup.bam
    output: /data/cailab/flask_output/20240508215109-efc56cfd-bc3f-4a60-9d25-233314bc4359/final_log/1w.log
    conda-env: flask2024
    shell:
        
        name=$(echo 1w)
        raw_size=$(python3 /data/cailab/flask_snk/ref/get_json.py /data/cailab/flask_output/20240508215109-efc56cfd-bc3f-4a60-9d25-233314bc4359/trim/1w_pair.json summary,before_filtering,total_bases)
        raw_read_num=$(python3 /data/cailab/flask_snk/ref/get_json.py /data/cailab/flask_output/20240508215109-efc56cfd-bc3f-4a60-9d25-233314bc4359/trim/1w_pair.json summary,before_filtering,total_reads)
        dup_radio1=$(python3 /data/cailab/flask_snk/ref/get_json.py /data/cailab/flask_output/20240508215109-efc56cfd-bc3f-4a60-9d25-233314bc4359/trim/1w_pair.json duplication,rate)

        clean_read_num=$(samtools view -c /data/cailab/flask_output/20240508215109-efc56cfd-bc3f-4a60-9d25-233314bc4359/bam/1w_pair.bam) 
        de_read_num=$(samtools view -c /data/cailab/flask_output/20240508215109-efc56cfd-bc3f-4a60-9d25-233314bc4359/debam/1w_dedup.bam)
        map_read_num=$(samtools view -c -F 4 /data/cailab/flask_output/20240508215109-efc56cfd-bc3f-4a60-9d25-233314bc4359/bam/1w_pair.bam)
        
        cover=$(sed -n 's/.*There is a \([0-9.]*\)\% of reference with a coverageData >= 1X.*/\1/p' /data/cailab/flask_output/20240508215109-efc56cfd-bc3f-4a60-9d25-233314bc4359/cover/1w/genome_results.txt)
        ref_size=$(sed -n 's/.*number of bases = \([0-9,]*\) bp.*/\1/p' /data/cailab/flask_output/20240508215109-efc56cfd-bc3f-4a60-9d25-233314bc4359/cover/1w/genome_results.txt | tr -d ',')
        map_size=$(sed -n 's/.*number of mapped bases = \([0-9,]*\) bp.*/\1/p' /data/cailab/flask_output/20240508215109-efc56cfd-bc3f-4a60-9d25-233314bc4359/cover/1w/genome_results.txt | tr -d ',')

        gc=$(python3 /data/cailab/flask_snk/ref/get_json.py /data/cailab/flask_output/20240508215109-efc56cfd-bc3f-4a60-9d25-233314bc4359/trim/1w_pair.json summary,after_filtering,gc_content)
        q20=$(python3 /data/cailab/flask_snk/ref/get_json.py /data/cailab/flask_output/20240508215109-efc56cfd-bc3f-4a60-9d25-233314bc4359/trim/1w_pair.json summary,after_filtering,q20_rate)
        q30=$(python3 /data/cailab/flask_snk/ref/get_json.py /data/cailab/flask_output/20240508215109-efc56cfd-bc3f-4a60-9d25-233314bc4359/trim/1w_pair.json summary,after_filtering,q30_rate)
        chrm_num=$(samtools view -c /data/cailab/flask_output/20240508215109-efc56cfd-bc3f-4a60-9d25-233314bc4359/bam/1w_pair.bam chrM)



     
        [ "$(echo "$raw_read_num == 0" | bc)" -eq 1 ] && raw_read_num=100000000000
        [ "$(echo "$clean_read_num == 0" | bc)" -eq 1 ] && clean_read_num=100000000000
        [ "$(echo "$cover == 0" | bc)" -eq 1 ] && cover=100000000000
        [ "$(echo "$map_read_num == 0" | bc)" -eq 1 ] && map_read_num=100000000000
        ########################################
        sequence_size=$(echo "scale=4; $raw_size/1000000000" | bc)
        clean_read_ratio=$(echo "scale=4; $clean_read_num/$raw_read_num" | bc)
        duplication_rate=$(echo "scale=4; (($clean_read_num-$de_read_num)/$raw_read_num)+$dup_radio1" | bc)
        map_read_ratio=$(echo "scale=4; $map_read_num/$clean_read_num" | bc)
        average_depth=$(echo "scale=4; $map_size/($cover*$ref_size*0.01)" | bc)
        mit_ratio=$(echo "scale=4; $chrm_num/$map_read_num" | bc)

        gc_filter_ratio=$(echo "scale=4; $gc/1" | bc)
        q20_filter_ratio=$(echo "scale=4; $q20/1" | bc)
        q30_filter_ratio=$(echo "scale=4; $q30/1" | bc)


        echo -e "name	sequence_size	clean_read_ratio	duplication_rate	map_read_ratio	cover_ratio	average_depth	gc_filter_ratio	mit_ratio	q20_filter_ratio	q30_filter_ratio	total_reads_raw" > /data/cailab/flask_output/20240508215109-efc56cfd-bc3f-4a60-9d25-233314bc4359/final_log/1w.log

        echo -e "$name	$sequence_size	$clean_read_ratio	$duplication_rate	$map_read_ratio	$cover	$average_depth	$gc_filter_ratio	$mit_ratio	$q20_filter_ratio	$q30_filter_ratio	$raw_read_num" >> /data/cailab/flask_output/20240508215109-efc56cfd-bc3f-4a60-9d25-233314bc4359/final_log/1w.log
        
        (one of the commands exited with non-zero exit code; note that snakemake uses bash strict mode!)

Shutting down, this might take some time.
Exiting because a job execution failed. Look above for error message
Complete log: .snakemake/log/2024-05-08T215119.835449.snakemake.log
WorkflowError:
At least one job did not complete successfully.
