Building DAG of jobs...
Using shell: /usr/bin/bash
Provided cores: 20
Rules claiming more threads will be scaled down.
Job stats:
job                  count
-----------------  -------
all                      1
bowtie2_se               2
de_extract_mc_hmc        2
extract_mc_hmc           2
fastp_pe                 2
hairpin_cut              2
mark_duplicate           2
total                   13

Select jobs to execute...
Execute 2 jobs...

[Wed May  8 16:49:07 2024]
localrule fastp_pe:
    input: /data/cailab/fastq/CS-3w-C_1.fq.gz, /data/cailab/fastq/CS-3w-C_2.fq.gz
    output: /data/cailab/flask_output/20240508164858-558cc664-c41a-49cc-a0e8-6f0ceb8e1ba0/trim/trim_CS-3w-C_1.fq.gz, /data/cailab/flask_output/20240508164858-558cc664-c41a-49cc-a0e8-6f0ceb8e1ba0/trim/trim_CS-3w-C_2.fq.gz, /data/cailab/flask_output/20240508164858-558cc664-c41a-49cc-a0e8-6f0ceb8e1ba0/trim/CS-3w-C.json, /data/cailab/flask_output/20240508164858-558cc664-c41a-49cc-a0e8-6f0ceb8e1ba0/trim/CS-3w-C.html
    log: /data/cailab/flask_output/20240508164858-558cc664-c41a-49cc-a0e8-6f0ceb8e1ba0/logs/fastp/CS-3w-C.log
    jobid: 3
    reason: Missing output files: /data/cailab/flask_output/20240508164858-558cc664-c41a-49cc-a0e8-6f0ceb8e1ba0/trim/trim_CS-3w-C_1.fq.gz, /data/cailab/flask_output/20240508164858-558cc664-c41a-49cc-a0e8-6f0ceb8e1ba0/trim/trim_CS-3w-C_2.fq.gz
    wildcards: sample=CS-3w-C
    threads: 2
    resources: mem_mb=1719, mem_mib=1640, disk_mb=1719, disk_mib=1640, tmpdir=/data/cailab/flask_output/20240508164858-558cc664-c41a-49cc-a0e8-6f0ceb8e1ba0/temp_test

Activating conda environment: flask2024

[Wed May  8 16:49:07 2024]
localrule fastp_pe:
    input: /data/cailab/fastq/CS-3w-caC_1.fq.gz, /data/cailab/fastq/CS-3w-caC_2.fq.gz
    output: /data/cailab/flask_output/20240508164858-558cc664-c41a-49cc-a0e8-6f0ceb8e1ba0/trim/trim_CS-3w-caC_1.fq.gz, /data/cailab/flask_output/20240508164858-558cc664-c41a-49cc-a0e8-6f0ceb8e1ba0/trim/trim_CS-3w-caC_2.fq.gz, /data/cailab/flask_output/20240508164858-558cc664-c41a-49cc-a0e8-6f0ceb8e1ba0/trim/CS-3w-caC.json, /data/cailab/flask_output/20240508164858-558cc664-c41a-49cc-a0e8-6f0ceb8e1ba0/trim/CS-3w-caC.html
    log: /data/cailab/flask_output/20240508164858-558cc664-c41a-49cc-a0e8-6f0ceb8e1ba0/logs/fastp/CS-3w-caC.log
    jobid: 6
    reason: Missing output files: /data/cailab/flask_output/20240508164858-558cc664-c41a-49cc-a0e8-6f0ceb8e1ba0/trim/trim_CS-3w-caC_1.fq.gz, /data/cailab/flask_output/20240508164858-558cc664-c41a-49cc-a0e8-6f0ceb8e1ba0/trim/trim_CS-3w-caC_2.fq.gz
    wildcards: sample=CS-3w-caC
    threads: 2
    resources: mem_mb=1701, mem_mib=1623, disk_mb=1701, disk_mib=1623, tmpdir=/data/cailab/flask_output/20240508164858-558cc664-c41a-49cc-a0e8-6f0ceb8e1ba0/temp_test

Activating conda environment: flask2024
[Wed May  8 16:49:47 2024]
Finished job 6.
1 of 13 steps (8%) done
Select jobs to execute...
[Wed May  8 16:49:50 2024]
Finished job 3.
2 of 13 steps (15%) done
Execute 1 jobs...

[Wed May  8 16:49:50 2024]
localrule hairpin_cut:
    input: /data/cailab/flask_output/20240508164858-558cc664-c41a-49cc-a0e8-6f0ceb8e1ba0/trim/trim_CS-3w-caC_1.fq.gz, /data/cailab/flask_output/20240508164858-558cc664-c41a-49cc-a0e8-6f0ceb8e1ba0/trim/trim_CS-3w-caC_2.fq.gz
    output: /data/cailab/flask_output/20240508164858-558cc664-c41a-49cc-a0e8-6f0ceb8e1ba0/trim/CS-3w-caC.fq, /data/cailab/flask_output/20240508164858-558cc664-c41a-49cc-a0e8-6f0ceb8e1ba0/trim/CS-3w-caC_cut_f1.fq, /data/cailab/flask_output/20240508164858-558cc664-c41a-49cc-a0e8-6f0ceb8e1ba0/trim/CS-3w-caC_cut_f2.fq
    log: /data/cailab/flask_output/20240508164858-558cc664-c41a-49cc-a0e8-6f0ceb8e1ba0/logs/hairpin_cut/CS-3w-caC.log
    jobid: 5
    reason: Missing output files: /data/cailab/flask_output/20240508164858-558cc664-c41a-49cc-a0e8-6f0ceb8e1ba0/trim/CS-3w-caC.fq, /data/cailab/flask_output/20240508164858-558cc664-c41a-49cc-a0e8-6f0ceb8e1ba0/trim/CS-3w-caC_cut_f1.fq; Input files updated by another job: /data/cailab/flask_output/20240508164858-558cc664-c41a-49cc-a0e8-6f0ceb8e1ba0/trim/trim_CS-3w-caC_1.fq.gz, /data/cailab/flask_output/20240508164858-558cc664-c41a-49cc-a0e8-6f0ceb8e1ba0/trim/trim_CS-3w-caC_2.fq.gz
    wildcards: sample=CS-3w-caC
    threads: 20
    resources: mem_mb=1397, mem_mib=1333, disk_mb=1397, disk_mib=1333, tmpdir=/data/cailab/flask_output/20240508164858-558cc664-c41a-49cc-a0e8-6f0ceb8e1ba0/temp_test

Activating conda environment: flask2024
[Wed May  8 16:54:43 2024]
Finished job 5.
3 of 13 steps (23%) done
Select jobs to execute...
Execute 1 jobs...

[Wed May  8 16:54:43 2024]
localrule bowtie2_se:
    input: /data/cailab/flask_output/20240508164858-558cc664-c41a-49cc-a0e8-6f0ceb8e1ba0/trim/CS-3w-caC.fq
    output: /data/cailab/flask_output/20240508164858-558cc664-c41a-49cc-a0e8-6f0ceb8e1ba0/bam/CS-3w-caC.bam
    log: /data/cailab/flask_output/20240508164858-558cc664-c41a-49cc-a0e8-6f0ceb8e1ba0/logs/bowtie2/CS-3w-caC.log
    jobid: 4
    reason: Missing output files: /data/cailab/flask_output/20240508164858-558cc664-c41a-49cc-a0e8-6f0ceb8e1ba0/bam/CS-3w-caC.bam; Input files updated by another job: /data/cailab/flask_output/20240508164858-558cc664-c41a-49cc-a0e8-6f0ceb8e1ba0/trim/CS-3w-caC.fq
    wildcards: sample=CS-3w-caC
    threads: 10
    resources: mem_mb=1833, mem_mib=1749, disk_mb=1833, disk_mib=1749, tmpdir=/data/cailab/flask_output/20240508164858-558cc664-c41a-49cc-a0e8-6f0ceb8e1ba0/temp_test

[Wed May  8 16:57:54 2024]
Finished job 4.
4 of 13 steps (31%) done
Select jobs to execute...
Execute 1 jobs...

[Wed May  8 16:57:54 2024]
localrule extract_mc_hmc:
    input: /data/cailab/flask_output/20240508164858-558cc664-c41a-49cc-a0e8-6f0ceb8e1ba0/bam/CS-3w-caC.bam, /data/cailab/flask_output/20240508164858-558cc664-c41a-49cc-a0e8-6f0ceb8e1ba0/trim/CS-3w-caC_cut_f1.fq
    output: /data/cailab/flask_output/20240508164858-558cc664-c41a-49cc-a0e8-6f0ceb8e1ba0/bam/CS-3w-caC.bam.all.bed.hmc, /data/cailab/flask_output/20240508164858-558cc664-c41a-49cc-a0e8-6f0ceb8e1ba0/bam/CS-3w-caC.bam.all.bed.mc
    log: /data/cailab/flask_output/20240508164858-558cc664-c41a-49cc-a0e8-6f0ceb8e1ba0/logs/extract_mc_hmc/CS-3w-caC.log
    jobid: 8
    reason: Missing output files: /data/cailab/flask_output/20240508164858-558cc664-c41a-49cc-a0e8-6f0ceb8e1ba0/bam/CS-3w-caC.bam.all.bed.hmc; Input files updated by another job: /data/cailab/flask_output/20240508164858-558cc664-c41a-49cc-a0e8-6f0ceb8e1ba0/bam/CS-3w-caC.bam, /data/cailab/flask_output/20240508164858-558cc664-c41a-49cc-a0e8-6f0ceb8e1ba0/trim/CS-3w-caC_cut_f1.fq
    wildcards: sample=CS-3w-caC
    threads: 20
    resources: mem_mb=2284, mem_mib=2179, disk_mb=2284, disk_mib=2179, tmpdir=/data/cailab/flask_output/20240508164858-558cc664-c41a-49cc-a0e8-6f0ceb8e1ba0/temp_test

[Wed May  8 17:01:42 2024]
Finished job 8.
5 of 13 steps (38%) done
Select jobs to execute...
Execute 1 jobs...

[Wed May  8 17:01:42 2024]
localrule mark_duplicate:
    input: /data/cailab/flask_output/20240508164858-558cc664-c41a-49cc-a0e8-6f0ceb8e1ba0/bam/CS-3w-caC.bam, /data/cailab/fastq/CS-3w-caC_1.fq.gz, /data/cailab/fastq/CS-3w-caC_2.fq.gz
    output: /data/cailab/flask_output/20240508164858-558cc664-c41a-49cc-a0e8-6f0ceb8e1ba0/debam/de_temp_CS-3w-caC.bam, /data/cailab/flask_output/20240508164858-558cc664-c41a-49cc-a0e8-6f0ceb8e1ba0/debam/de_CS-3w-caC.bam
    log: /data/cailab/flask_output/20240508164858-558cc664-c41a-49cc-a0e8-6f0ceb8e1ba0/logs/dedup/CS-3w-caC.log
    jobid: 12
    reason: Missing output files: /data/cailab/flask_output/20240508164858-558cc664-c41a-49cc-a0e8-6f0ceb8e1ba0/debam/de_CS-3w-caC.bam; Input files updated by another job: /data/cailab/flask_output/20240508164858-558cc664-c41a-49cc-a0e8-6f0ceb8e1ba0/bam/CS-3w-caC.bam
    wildcards: sample=CS-3w-caC
    threads: 10
    resources: mem_mb=2152, mem_mib=2053, disk_mb=2152, disk_mib=2053, tmpdir=/data/cailab/flask_output/20240508164858-558cc664-c41a-49cc-a0e8-6f0ceb8e1ba0/temp_test

[Wed May  8 17:09:12 2024]
Finished job 12.
6 of 13 steps (46%) done
Removing temporary output /data/cailab/flask_output/20240508164858-558cc664-c41a-49cc-a0e8-6f0ceb8e1ba0/debam/de_temp_CS-3w-caC.bam.
Select jobs to execute...
Execute 1 jobs...

[Wed May  8 17:09:12 2024]
localrule de_extract_mc_hmc:
    input: /data/cailab/flask_output/20240508164858-558cc664-c41a-49cc-a0e8-6f0ceb8e1ba0/debam/de_CS-3w-caC.bam, /data/cailab/flask_output/20240508164858-558cc664-c41a-49cc-a0e8-6f0ceb8e1ba0/trim/CS-3w-caC_cut_f1.fq
    output: /data/cailab/flask_output/20240508164858-558cc664-c41a-49cc-a0e8-6f0ceb8e1ba0/debam/de_CS-3w-caC.bam.all.bed.hmc, /data/cailab/flask_output/20240508164858-558cc664-c41a-49cc-a0e8-6f0ceb8e1ba0/debam/de_CS-3w-caC.bam.all.bed.mc
    log: /data/cailab/flask_output/20240508164858-558cc664-c41a-49cc-a0e8-6f0ceb8e1ba0/logs/de_extract_mc_hmc/CS-3w-caC.log
    jobid: 11
    reason: Missing output files: /data/cailab/flask_output/20240508164858-558cc664-c41a-49cc-a0e8-6f0ceb8e1ba0/debam/de_CS-3w-caC.bam.all.bed.hmc; Input files updated by another job: /data/cailab/flask_output/20240508164858-558cc664-c41a-49cc-a0e8-6f0ceb8e1ba0/debam/de_CS-3w-caC.bam, /data/cailab/flask_output/20240508164858-558cc664-c41a-49cc-a0e8-6f0ceb8e1ba0/trim/CS-3w-caC_cut_f1.fq
    wildcards: sample=CS-3w-caC
    threads: 20
    resources: mem_mb=2239, mem_mib=2136, disk_mb=2239, disk_mib=2136, tmpdir=/data/cailab/flask_output/20240508164858-558cc664-c41a-49cc-a0e8-6f0ceb8e1ba0/temp_test

[Wed May  8 17:12:24 2024]
Finished job 11.
7 of 13 steps (54%) done
Select jobs to execute...
Execute 1 jobs...

[Wed May  8 17:12:24 2024]
localrule hairpin_cut:
    input: /data/cailab/flask_output/20240508164858-558cc664-c41a-49cc-a0e8-6f0ceb8e1ba0/trim/trim_CS-3w-C_1.fq.gz, /data/cailab/flask_output/20240508164858-558cc664-c41a-49cc-a0e8-6f0ceb8e1ba0/trim/trim_CS-3w-C_2.fq.gz
    output: /data/cailab/flask_output/20240508164858-558cc664-c41a-49cc-a0e8-6f0ceb8e1ba0/trim/CS-3w-C.fq, /data/cailab/flask_output/20240508164858-558cc664-c41a-49cc-a0e8-6f0ceb8e1ba0/trim/CS-3w-C_cut_f1.fq, /data/cailab/flask_output/20240508164858-558cc664-c41a-49cc-a0e8-6f0ceb8e1ba0/trim/CS-3w-C_cut_f2.fq
    log: /data/cailab/flask_output/20240508164858-558cc664-c41a-49cc-a0e8-6f0ceb8e1ba0/logs/hairpin_cut/CS-3w-C.log
    jobid: 2
    reason: Missing output files: /data/cailab/flask_output/20240508164858-558cc664-c41a-49cc-a0e8-6f0ceb8e1ba0/trim/CS-3w-C_cut_f1.fq, /data/cailab/flask_output/20240508164858-558cc664-c41a-49cc-a0e8-6f0ceb8e1ba0/trim/CS-3w-C.fq; Input files updated by another job: /data/cailab/flask_output/20240508164858-558cc664-c41a-49cc-a0e8-6f0ceb8e1ba0/trim/trim_CS-3w-C_1.fq.gz, /data/cailab/flask_output/20240508164858-558cc664-c41a-49cc-a0e8-6f0ceb8e1ba0/trim/trim_CS-3w-C_2.fq.gz
    wildcards: sample=CS-3w-C
    threads: 20
    resources: mem_mb=1377, mem_mib=1314, disk_mb=1377, disk_mib=1314, tmpdir=/data/cailab/flask_output/20240508164858-558cc664-c41a-49cc-a0e8-6f0ceb8e1ba0/temp_test

Activating conda environment: flask2024
[Wed May  8 17:17:28 2024]
Finished job 2.
8 of 13 steps (62%) done
Select jobs to execute...
Execute 1 jobs...

[Wed May  8 17:17:28 2024]
localrule bowtie2_se:
    input: /data/cailab/flask_output/20240508164858-558cc664-c41a-49cc-a0e8-6f0ceb8e1ba0/trim/CS-3w-C.fq
    output: /data/cailab/flask_output/20240508164858-558cc664-c41a-49cc-a0e8-6f0ceb8e1ba0/bam/CS-3w-C.bam
    log: /data/cailab/flask_output/20240508164858-558cc664-c41a-49cc-a0e8-6f0ceb8e1ba0/logs/bowtie2/CS-3w-C.log
    jobid: 1
    reason: Missing output files: /data/cailab/flask_output/20240508164858-558cc664-c41a-49cc-a0e8-6f0ceb8e1ba0/bam/CS-3w-C.bam; Input files updated by another job: /data/cailab/flask_output/20240508164858-558cc664-c41a-49cc-a0e8-6f0ceb8e1ba0/trim/CS-3w-C.fq
    wildcards: sample=CS-3w-C
    threads: 10
    resources: mem_mb=1862, mem_mib=1776, disk_mb=1862, disk_mib=1776, tmpdir=/data/cailab/flask_output/20240508164858-558cc664-c41a-49cc-a0e8-6f0ceb8e1ba0/temp_test

[Wed May  8 17:20:40 2024]
Finished job 1.
9 of 13 steps (69%) done
Select jobs to execute...
Execute 1 jobs...

[Wed May  8 17:20:40 2024]
localrule extract_mc_hmc:
    input: /data/cailab/flask_output/20240508164858-558cc664-c41a-49cc-a0e8-6f0ceb8e1ba0/bam/CS-3w-C.bam, /data/cailab/flask_output/20240508164858-558cc664-c41a-49cc-a0e8-6f0ceb8e1ba0/trim/CS-3w-C_cut_f1.fq
    output: /data/cailab/flask_output/20240508164858-558cc664-c41a-49cc-a0e8-6f0ceb8e1ba0/bam/CS-3w-C.bam.all.bed.hmc, /data/cailab/flask_output/20240508164858-558cc664-c41a-49cc-a0e8-6f0ceb8e1ba0/bam/CS-3w-C.bam.all.bed.mc
    log: /data/cailab/flask_output/20240508164858-558cc664-c41a-49cc-a0e8-6f0ceb8e1ba0/logs/extract_mc_hmc/CS-3w-C.log
    jobid: 7
    reason: Missing output files: /data/cailab/flask_output/20240508164858-558cc664-c41a-49cc-a0e8-6f0ceb8e1ba0/bam/CS-3w-C.bam.all.bed.hmc; Input files updated by another job: /data/cailab/flask_output/20240508164858-558cc664-c41a-49cc-a0e8-6f0ceb8e1ba0/bam/CS-3w-C.bam, /data/cailab/flask_output/20240508164858-558cc664-c41a-49cc-a0e8-6f0ceb8e1ba0/trim/CS-3w-C_cut_f1.fq
    wildcards: sample=CS-3w-C
    threads: 20
    resources: mem_mb=2318, mem_mib=2211, disk_mb=2318, disk_mib=2211, tmpdir=/data/cailab/flask_output/20240508164858-558cc664-c41a-49cc-a0e8-6f0ceb8e1ba0/temp_test

[Wed May  8 17:24:22 2024]
Finished job 7.
10 of 13 steps (77%) done
Select jobs to execute...
Execute 1 jobs...

[Wed May  8 17:24:22 2024]
localrule mark_duplicate:
    input: /data/cailab/flask_output/20240508164858-558cc664-c41a-49cc-a0e8-6f0ceb8e1ba0/bam/CS-3w-C.bam, /data/cailab/fastq/CS-3w-C_1.fq.gz, /data/cailab/fastq/CS-3w-C_2.fq.gz
    output: /data/cailab/flask_output/20240508164858-558cc664-c41a-49cc-a0e8-6f0ceb8e1ba0/debam/de_temp_CS-3w-C.bam, /data/cailab/flask_output/20240508164858-558cc664-c41a-49cc-a0e8-6f0ceb8e1ba0/debam/de_CS-3w-C.bam
    log: /data/cailab/flask_output/20240508164858-558cc664-c41a-49cc-a0e8-6f0ceb8e1ba0/logs/dedup/CS-3w-C.log
    jobid: 10
    reason: Missing output files: /data/cailab/flask_output/20240508164858-558cc664-c41a-49cc-a0e8-6f0ceb8e1ba0/debam/de_CS-3w-C.bam; Input files updated by another job: /data/cailab/flask_output/20240508164858-558cc664-c41a-49cc-a0e8-6f0ceb8e1ba0/bam/CS-3w-C.bam
    wildcards: sample=CS-3w-C
    threads: 10
    resources: mem_mb=2175, mem_mib=2075, disk_mb=2175, disk_mib=2075, tmpdir=/data/cailab/flask_output/20240508164858-558cc664-c41a-49cc-a0e8-6f0ceb8e1ba0/temp_test

Terminating processes on user request, this might take some time.
